Thu 15:45: PROGRESS: MaxCompiler version: 2014.1.1 (simulation only)
Thu 15:45: PROGRESS: Build "Simple" start time: Thu Mar 05 15:45:23 PST 2015
Thu 15:45: PROGRESS: Main build process running as user demo on host mobile-172-16-72-133.near.illinois.edu
Thu 15:45: INFO    : Loading build properties from bundled MaxCompiler_build.conf...
Thu 15:45: INFO    : No default external build property file has been specified.
Thu 15:45: INFO    : (Set environment variable MAXCOMPILER_DEFAULT_CONF_FILE to assign one)
Thu 15:45: INFO    : Loading user build properties from: /home/demo/.MaxCompiler_build_user.conf
Thu 15:45: INFO    : No user-specified external build property file has been specified.
Thu 15:45: INFO    : (Set environment variable MAXCOMPILER_BUILD_CONF_FILE to assign one)
Thu 15:45: INFO    : Loading additional parameters from MAXCOMPILER_BUILD_CONF environment variable
Thu 15:45: PROGRESS: Build location: /home/demo/Desktop/MaxCompiler-Builds/Simple_VECTIS_DFE_SIM
Thu 15:45: PROGRESS: Detailed build log available in "_build.log"
Thu 15:45: INFO    : Created build manager Simple (Simple_VECTIS_DFE_SIM Thu Mar 05 15:45:23 PST 2015). (15:45:23 05/03/15)
Thu 15:45: INFO    : Working in dir: /home/demo/Desktop/MaxCompiler-Builds/Simple_VECTIS_DFE_SIM
Thu 15:45: INFO    : Java class path (2 paths):
Thu 15:45: INFO    : 	/home/demo/Desktop/Codes/tutorial-chap04-example2-simplekernel/EngineCode/bin
Thu 15:45: INFO    : 	/opt/maxeler/maxcompiler/lib/MaxCompiler.jar
Thu 15:45: INFO    : Java process started by 'main' method in class 'simple.SimpleManager'.
Thu 15:45: INFO    : build.arbitrated_core_cache parameter is blank, not using core-cache
Thu 15:45: INFO    : Checking license files in directory: /opt/maxeler/maxcompiler/licenses
Thu 15:45: INFO    : All license signatures valid.
Thu 15:45: INFO    : Backing-up source-files (old source files in build directory will be removed first)...
Thu 15:45: INFO    : Source directories: /home/demo/Desktop/Codes/tutorial-chap04-example2-simplekernel/EngineCode/src:
Thu 15:45: INFO    : Deleting directory: src
Thu 15:45: INFO    : Copying source-files took 6.36508 ms
Thu 15:45: PROGRESS: Instantiating manager
Thu 15:45: INFO    : Deleting /home/demo/Desktop/MaxCompiler-Builds/Simple_VECTIS_DFE_SIM/scratch/SimpleKernel_graph_warnings.txt
Thu 15:45: INFO    : Deleting /home/demo/Desktop/MaxCompiler-Builds/Simple_VECTIS_DFE_SIM/scratch/SimpleKernel.graphs
Thu 15:45: PROGRESS: Instantiating kernel "SimpleKernel"
Thu 15:45: WARNING : Floating-point casts ignore set rounding mode and use TONEAREVEN rounding only.
Thu 15:45: INFO    : Running command: java  com.maxeler.maxblox.funceval.RemezRunner FunctionLog2_0.0_1.0_3_128_28.remezInput
Thu 15:45: INFO    : Checking for file hash changes...
Thu 15:45: INFO    : No changes.
Thu 15:45: INFO    : Error requirement satisfied for job 
Thu 15:45: INFO    : Maximum approx error: 1.0334799625717955E-11
Thu 15:45: INFO    : Required approx error: 1.862645149230957E-9
Thu 15:45: INFO    : Error requirement satisifed for all jobs
Thu 15:45: INFO    : Running command: java  com.maxeler.maxblox.funceval.RemezRunner FunctionLog2_0.0_1.0_3_128_28.remezInput
Thu 15:45: INFO    : Checking for file hash changes...
Thu 15:45: INFO    : No changes.
Thu 15:45: INFO    : Error requirement satisfied for job 
Thu 15:45: INFO    : Maximum approx error: 1.0334799625717955E-11
Thu 15:45: INFO    : Required approx error: 1.862645149230957E-9
Thu 15:45: INFO    : Error requirement satisifed for all jobs
Thu 15:45: INFO    : Running command: java  com.maxeler.maxblox.funceval.RemezRunner FunctionLog2_0.0_1.0_3_128_28.remezInput
Thu 15:45: INFO    : Checking for file hash changes...
Thu 15:45: INFO    : No changes.
Thu 15:45: INFO    : Error requirement satisfied for job 
Thu 15:45: INFO    : Maximum approx error: 1.0334799625717955E-11
Thu 15:45: INFO    : Required approx error: 1.862645149230957E-9
Thu 15:45: INFO    : Error requirement satisifed for all jobs
Thu 15:45: INFO    : Running command: java  com.maxeler.maxblox.funceval.RemezRunner FunctionLog2_0.0_1.0_3_128_28.remezInput
Thu 15:45: INFO    : Checking for file hash changes...
Thu 15:45: INFO    : No changes.
Thu 15:45: INFO    : Error requirement satisfied for job 
Thu 15:45: INFO    : Maximum approx error: 1.0334799625717955E-11
Thu 15:45: INFO    : Required approx error: 1.862645149230957E-9
Thu 15:45: INFO    : Error requirement satisifed for all jobs
Thu 15:45: INFO    : Running command: java  com.maxeler.maxblox.funceval.RemezRunner FunctionLog2_0.0_1.0_3_128_28.remezInput
Thu 15:45: INFO    : Checking for file hash changes...
Thu 15:45: INFO    : No changes.
Thu 15:45: INFO    : Error requirement satisfied for job 
Thu 15:45: INFO    : Maximum approx error: 1.0334799625717955E-11
Thu 15:45: INFO    : Required approx error: 1.862645149230957E-9
Thu 15:45: INFO    : Error requirement satisifed for all jobs
Thu 15:45: INFO    : Running command: java  com.maxeler.maxblox.funceval.RemezRunner FunctionLog2_0.0_1.0_3_128_28.remezInput
Thu 15:45: INFO    : Checking for file hash changes...
Thu 15:45: INFO    : No changes.
Thu 15:45: INFO    : Error requirement satisfied for job 
Thu 15:45: INFO    : Maximum approx error: 1.0334799625717955E-11
Thu 15:45: INFO    : Required approx error: 1.862645149230957E-9
Thu 15:45: INFO    : Error requirement satisifed for all jobs
Thu 15:45: INFO    : Running command: java  com.maxeler.maxblox.funceval.RemezRunner FunctionLog2_0.0_1.0_3_128_28.remezInput
Thu 15:45: INFO    : Checking for file hash changes...
Thu 15:45: INFO    : No changes.
Thu 15:45: INFO    : Error requirement satisfied for job 
Thu 15:45: INFO    : Maximum approx error: 1.0334799625717955E-11
Thu 15:45: INFO    : Required approx error: 1.862645149230957E-9
Thu 15:45: INFO    : Error requirement satisifed for all jobs
Thu 15:45: PROGRESS: Compiling manager (CPU I/O Only)
Thu 15:45: INFO    : Manager Configuration:
Thu 15:45: INFO    : 	ManagerConfiguration.allowNonMultipleTransitions = false                                                         [Init: false]
Thu 15:45: INFO    : 	ManagerConfiguration.board = MAX3424A                                                                            [Init: null, init: MAX3424A]
Thu 15:45: INFO    : 	ManagerConfiguration.build.buildEffort = MEDIUM                                                                  [Init: MEDIUM]
Thu 15:45: INFO    : 	ManagerConfiguration.build.enableChipScopeInserter = false                                                       [Init: false]
Thu 15:45: INFO    : 	ManagerConfiguration.build.enableTimingAnalysis = true                                                           [Init: true]
Thu 15:45: INFO    : 	ManagerConfiguration.build.level = FULL_BUILD                                                                    [Init: FULL_BUILD]
Thu 15:45: INFO    : 	ManagerConfiguration.build.mpprContinueAfterMeetingTiming = false                                                [Init: false]
Thu 15:45: INFO    : 	ManagerConfiguration.build.mpprCtMax = 1                                                                         [Init: 1]
Thu 15:45: INFO    : 	ManagerConfiguration.build.mpprCtMin = 1                                                                         [Init: 1]
Thu 15:45: INFO    : 	ManagerConfiguration.build.mpprParallelism = 1                                                                   [Init: 1]
Thu 15:45: INFO    : 	ManagerConfiguration.build.mpprRetryMissesThrshld = 0                                                            [Init: 0]
Thu 15:45: INFO    : 	ManagerConfiguration.build.optGoal = BALANCED                                                                    [Init: BALANCED]
Thu 15:45: INFO    : 	ManagerConfiguration.build.physSynthAsyncPipelining = AUTO                                                       [Init: AUTO]
Thu 15:45: INFO    : 	ManagerConfiguration.build.physSynthCombLogic = AUTO                                                             [Init: AUTO]
Thu 15:45: INFO    : 	ManagerConfiguration.build.physSynthCombLogicForArea = AUTO                                                      [Init: AUTO]
Thu 15:45: INFO    : 	ManagerConfiguration.build.physSynthEffort = AUTO                                                                [Init: AUTO]
Thu 15:45: INFO    : 	ManagerConfiguration.build.physSynthRegDuplication = AUTO                                                        [Init: AUTO]
Thu 15:45: INFO    : 	ManagerConfiguration.build.physSynthRetiming = AUTO                                                              [Init: AUTO]
Thu 15:45: INFO    : 	ManagerConfiguration.build.physicalSynthesis = false                                                             [Init: false]
Thu 15:45: INFO    : 	ManagerConfiguration.buildTarget = DFE_SIM                                                                       [Init: null, init: DFE_SIM]
Thu 15:45: INFO    : 	ManagerConfiguration.debug.chipscopeCaptureDepth = 4096                                                          [Init: 4096]
Thu 15:45: INFO    : 	ManagerConfiguration.debug.fifoUnderOverFlowRegs = false                                                         [Init: false]
Thu 15:45: INFO    : 	ManagerConfiguration.debug.memCtlDebugRegs = true                                                                [Init: true]
Thu 15:45: INFO    : 	ManagerConfiguration.debug.memCtlExtraDebugRegs = false                                                          [Init: false]
Thu 15:45: INFO    : 	ManagerConfiguration.debug.memMarginingSupport = false                                                           [Init: false]
Thu 15:45: INFO    : 	ManagerConfiguration.debug.memPhyDebugRegister = NONE                                                            [Init: NONE]
Thu 15:45: INFO    : 	ManagerConfiguration.debug.memPllLockDebugRegs = true                                                            [Init: true]
Thu 15:45: INFO    : 	ManagerConfiguration.debug.streamStatus = false                                                                  [Init: false]
Thu 15:45: INFO    : 	ManagerConfiguration.debug.streamStatusChecksums = false                                                         [Init: false]
Thu 15:45: INFO    : 	ManagerConfiguration.dram.addressGeneratorsInSlowClock = false                                                   [Init: false]
Thu 15:45: INFO    : 	ManagerConfiguration.dram.arbitrationMode = ROUND_ROBIN                                                          [Init: ROUND_ROBIN]
Thu 15:45: INFO    : 	ManagerConfiguration.dram.burstSize = 8                                                                          [Init: 8]
Thu 15:45: INFO    : 	ManagerConfiguration.dram.cmdFifoInReg = false                                                                   [Init: false]
Thu 15:45: INFO    : 	ManagerConfiguration.dram.cmdFifoLutRam = false                                                                  [Init: false]
Thu 15:45: INFO    : 	ManagerConfiguration.dram.cmdFifoRegInRam = true                                                                 [Init: true]
Thu 15:45: INFO    : 	ManagerConfiguration.dram.cmdFifoSize = 31                                                                       [Init: 31]
Thu 15:45: INFO    : 	ManagerConfiguration.dram.commandEchoModeEnabled = false                                                         [Init: false]
Thu 15:45: INFO    : 	ManagerConfiguration.dram.commandEchoModeFifoDepth = 512                                                         [Init: 512]
Thu 15:45: INFO    : 	ManagerConfiguration.dram.commandEchoModeStreamAlmostEmptyLatency = 792                                          [Init: 792]
Thu 15:45: INFO    : 	ManagerConfiguration.dram.commandEchoModeStreamAlmostEmptyLatency = 8                                            [Init: 8]
Thu 15:45: INFO    : 	ManagerConfiguration.dram.commandEchoModeStreamStallLatency = 8                                                  [Init: 8]
Thu 15:45: INFO    : 	ManagerConfiguration.dram.dataFifoDepth = 512                                                                    [Init: 512]
Thu 15:45: INFO    : 	ManagerConfiguration.dram.dataFifoLutRam = false                                                                 [Init: false]
Thu 15:45: INFO    : 	ManagerConfiguration.dram.dataFifoWidth = 792                                                                    [Init: 792]
Thu 15:45: INFO    : 	ManagerConfiguration.dram.eccMode = false                                                                        [Init: false]
Thu 15:45: INFO    : 	ManagerConfiguration.dram.fabricDataFifoReg = true                                                               [Init: true]
Thu 15:45: INFO    : 	ManagerConfiguration.dram.fabricRdDataFifoReg = false                                                            [Init: false]
Thu 15:45: INFO    : 	ManagerConfiguration.dram.flagSupport = false                                                                    [Init: false]
Thu 15:45: INFO    : 	ManagerConfiguration.dram.highPrioStream = false                                                                 [Init: false]
Thu 15:45: INFO    : 	ManagerConfiguration.dram.max2CompatMode = false                                                                 [Init: false]
Thu 15:45: INFO    : 	ManagerConfiguration.dram.max4m_MAIA_MCP_UseRefClk = false                                                       [Init: false]
Thu 15:45: INFO    : 	ManagerConfiguration.dram.max4qrateMode = false                                                                  [Init: false]
Thu 15:45: INFO    : 	ManagerConfiguration.dram.memCmdIncSize = 8                                                                      [Init: 8]
Thu 15:45: INFO    : 	ManagerConfiguration.dram.memCmdStartAddrSize = 32                                                               [Init: 32]
Thu 15:45: INFO    : 	ManagerConfiguration.dram.onCardMemFreq = 303.0                                                                  [Init: 0.0, change: 303.0]
Thu 15:45: INFO    : 	ManagerConfiguration.dram.parEccDebugStream = false                                                              [Init: false]
Thu 15:45: INFO    : 	ManagerConfiguration.dram.parityEccWidth = 0                                                                     [Init: 0]
Thu 15:45: INFO    : 	ManagerConfiguration.dram.parityMode = false                                                                     [Init: false]
Thu 15:45: INFO    : 	ManagerConfiguration.dram.perdqsPhaseDetect = false                                                              [Init: false]
Thu 15:45: INFO    : 	ManagerConfiguration.dram.performanceMode = true                                                                 [Init: true]
Thu 15:45: INFO    : 	ManagerConfiguration.enableMPCX = false                                                                          [Init: false, init: false]
Thu 15:45: INFO    : 	ManagerConfiguration.maxring.maxringConnections = []                                                             [Init: []]
Thu 15:45: INFO    : 	ManagerConfiguration.maxring.maxringNumLanes = {MAXRING_LITE_B=1, MAXRING_LITE_A=1, MAXRING_B=2, MAXRING_A=2}    [Init: {}]
Thu 15:45: INFO    : 	ManagerConfiguration.multiCycleMappedMemoryBus = false                                                           [Init: false]
Thu 15:45: INFO    : 	ManagerConfiguration.network.qsfpBotMode = QSFP_OFF                                                              [Init: QSFP_OFF]
Thu 15:45: INFO    : 	ManagerConfiguration.network.qsfpMidMode = QSFP_OFF                                                              [Init: QSFP_OFF]
Thu 15:45: INFO    : 	ManagerConfiguration.network.qsfpTopMode = QSFP_OFF                                                              [Init: QSFP_OFF]
Thu 15:45: INFO    : 	ManagerConfiguration.pcie.numPCIeLanes = 0                                                                       [Init: 0]
Thu 15:45: INFO    : 	ManagerConfiguration.pcie.pcieFastClock = false                                                                  [Init: false]
Thu 15:45: INFO    : 	ManagerConfiguration.pcie.streamFromHostMaxNum = 8                                                               [Init: 0, change: 8]
Thu 15:45: INFO    : 	ManagerConfiguration.pcie.streamToHostMaxNum = 8                                                                 [Init: 0, change: 8]
Thu 15:45: INFO    : 	ManagerConfiguration.persona.boardModel = MAX3424A                                                               [Init: null, change: MAX3424A]
Thu 15:45: INFO    : 	ManagerConfiguration.persona.ddr3Enable = false                                                                  [Init: false]
Thu 15:45: INFO    : 	ManagerConfiguration.persona.ddr3Frq = 303.0                                                                     [Init: 400.0, change: 303.0]
Thu 15:45: INFO    : 	ManagerConfiguration.persona.ddr3Qmode = false                                                                   [Init: false]
Thu 15:45: INFO    : 	ManagerConfiguration.persona.disableMultiplePersona = true                                                       [Init: true]
Thu 15:45: INFO    : 	ManagerConfiguration.persona.dynamic_scaling = false                                                             [Init: false]
Thu 15:45: INFO    : 	ManagerConfiguration.persona.maxRingLocal = false                                                                [Init: false]
Thu 15:45: INFO    : 	ManagerConfiguration.persona.maxRingOptical = false                                                              [Init: false]
Thu 15:45: INFO    : 	ManagerConfiguration.persona.maxringDataRate = 2500.0                                                            [Init: 2500.0]
Thu 15:45: INFO    : 	ManagerConfiguration.persona.maxringOpticalDataRate = 10000.0                                                    [Init: 10000.0]
Thu 15:45: INFO    : 	ManagerConfiguration.persona.mode = InitMode                                                                     [Init: InitMode]
Thu 15:45: INFO    : 	ManagerConfiguration.persona.networkPTP = OFF                                                                    [Init: OFF]
Thu 15:45: INFO    : 	ManagerConfiguration.persona.networkQSFP_BOT = QSFP_OFF                                                          [Init: QSFP_OFF]
Thu 15:45: INFO    : 	ManagerConfiguration.persona.networkQSFP_MID = QSFP_OFF                                                          [Init: QSFP_OFF]
Thu 15:45: INFO    : 	ManagerConfiguration.persona.networkQSFP_TOP = QSFP_OFF                                                          [Init: QSFP_OFF]
Thu 15:45: INFO    : 	ManagerConfiguration.persona.panMaxRingA = false                                                                 [Init: false]
Thu 15:45: INFO    : 	ManagerConfiguration.persona.panMaxRingB = false                                                                 [Init: false]
Thu 15:45: INFO    : 	ManagerConfiguration.persona.personaInterfaceVersion = 1                                                         [Init: 1]
Thu 15:45: INFO    : 	ManagerConfiguration.persona.qdr2Enable = false                                                                  [Init: false]
Thu 15:45: INFO    : 	ManagerConfiguration.persona.qdr2Frq = 550.0                                                                     [Init: 550.0]
Thu 15:45: INFO    : 	ManagerConfiguration.persona.streamClks = 1                                                                      [Init: 1]
Thu 15:45: INFO    : 	ManagerConfiguration.persona.streamFrq = [100.0]                                                                 [Init: [150.0], change: [100.0]]
Thu 15:45: INFO    : 	ManagerConfiguration.persona.streamPs = [0]                                                                      [Init: [0]]
Thu 15:45: INFO    : 	ManagerConfiguration.persona.usePCIeGen1 = false                                                                 [Init: false]
Thu 15:45: INFO    : 	ManagerConfiguration.simulation.nativeFloatingPoint = false                                                      [Init: false]
Thu 15:45: INFO    : 	ManagerConfiguration.streamClockFrq = 100                                                                        [Init: 100]
Thu 15:45: INFO    : 	ManagerConfiguration.useLegacyStreamFIFOs = false                                                                [Init: false]
Thu 15:45: INFO    : 
Thu 15:45: INFO    :  -- 
Thu 15:45: PROGRESS: 
Thu 15:45: PROGRESS: Compiling kernel "SimpleKernel"
Thu 15:45: INFO    : Configuration:
Thu 15:45: INFO    : 	KernelConfiguration.additionalInputPipelining = 64                                          [Init: 64]
Thu 15:45: INFO    : 	KernelConfiguration.allowDSPCascading = true                                                [Init: true]
Thu 15:45: INFO    : 	KernelConfiguration.allowInputsOutputsBeforeFlushNode = false                               [Init: false]
Thu 15:45: INFO    : 	KernelConfiguration.allowZeroLatencyNodeHold = false                                        [Init: false]
Thu 15:45: INFO    : 	KernelConfiguration.board = MAX3424A                                                        [Init: MAX2116B, change: MAX3424A]
Thu 15:45: INFO    : 	KernelConfiguration.bramBitsThreshold = 2080                                                [Init: 2080]
Thu 15:45: INFO    : 	KernelConfiguration.buildTarget = MAXCOMPILERSIM_HOST_DRIVEN                                [Init: NONE, change: MAXCOMPILERSIM_HOST_DRIVEN]
Thu 15:45: INFO    : 	KernelConfiguration.cePipelining = 2                                                        [Init: 2]
Thu 15:45: INFO    : 	KernelConfiguration.clockPhaseBalanceThreshold = 0.1                                        [Init: 0.1]
Thu 15:45: INFO    : 	KernelConfiguration.clockPhasingRetries = 50                                                [Init: 50]
Thu 15:45: INFO    : 	KernelConfiguration.dumpNeighboursString =                                                  [Init: ]
Thu 15:45: INFO    : 	KernelConfiguration.enableCeReplication = true                                              [Init: true]
Thu 15:45: INFO    : 	KernelConfiguration.enableClockPhasePartitioning = false                                    [Init: false]
Thu 15:45: INFO    : 	KernelConfiguration.enableDebugIOControlRegs = true                                         [Init: true]
Thu 15:45: INFO    : 	KernelConfiguration.enableDummyBuild = false                                                [Init: false]
Thu 15:45: INFO    : 	KernelConfiguration.enableKernelProfiler = false                                            [Init: false]
Thu 15:45: INFO    : 	KernelConfiguration.enablePipelinedComputeController = false                                [Init: false]
Thu 15:45: INFO    : 	KernelConfiguration.enableShadowRegister = false                                            [Init: false]
Thu 15:45: INFO    : 	KernelConfiguration.enableSmartKernelControl = false                                        [Init: false]
Thu 15:45: INFO    : 	KernelConfiguration.fifoSrlRegisterStages = 1                                               [Init: 1]
Thu 15:45: INFO    : 	KernelConfiguration.flushOnInputDataCongtiguous = false                                     [Init: false]
Thu 15:45: INFO    : 	KernelConfiguration.hardwareDebugDepth = 512                                                [Init: 512]
Thu 15:45: INFO    : 	KernelConfiguration.hwHierarchyMode = UNSET                                                 [Init: UNSET]
Thu 15:45: INFO    : 	KernelConfiguration.latencyAnnotation = false                                               [Init: false]
Thu 15:45: INFO    : 	KernelConfiguration.latencyAnnotationIOs =                                                  [Init: null]
Thu 15:45: INFO    : 	KernelConfiguration.maxCoalescedFifoWidth = 2147483647                                      [Init: 2147483647]
Thu 15:45: INFO    : 	KernelConfiguration.maxPreAdderFanOut = 1                                                   [Init: 1]
Thu 15:45: INFO    : 	KernelConfiguration.netlistMode = false                                                     [Init: false]
Thu 15:45: INFO    : 	KernelConfiguration.numPhotonStateMachines = 1                                              [Init: 1]
Thu 15:45: INFO    : 	KernelConfiguration.optimizations.ceCounterRegisterDuplication = 1                          [Init: 1]
Thu 15:45: INFO    : 	KernelConfiguration.optimizations.conditionalArithmetic = false                             [Init: true, Init after BuildTarget change: false]
Thu 15:45: INFO    : 	KernelConfiguration.optimizations.counterChainWrapPipelining = 0                            [Init: 0]
Thu 15:45: INFO    : 	KernelConfiguration.optimizations.dspAddChain = OPTIMISE_IGNORE_PREADDER                    [Init: null, Init after BuildTarget change: OPTIMISE_IGNORE_PREADDER]
Thu 15:45: INFO    : 	KernelConfiguration.optimizations.enableActiveFanoutReduction = false                       [Init: false]
Thu 15:45: INFO    : 	KernelConfiguration.optimizations.enableBUFGCE = false                                      [Init: false]
Thu 15:45: INFO    : 	KernelConfiguration.optimizations.enableBetterInputRegistering = false                      [Init: false]
Thu 15:45: INFO    : 	KernelConfiguration.optimizations.enableBetterRegistering = false                           [Init: false]
Thu 15:45: INFO    : 	KernelConfiguration.optimizations.enableFIFOCoalescingAcrossPlacementConstraints = false    [Init: false]
Thu 15:45: INFO    : 	KernelConfiguration.optimizations.enableFifoCoalescing = true                               [Init: true]
Thu 15:45: INFO    : 	KernelConfiguration.optimizations.enableFullPrecisionBinaryOpConstants = false              [Init: false]
Thu 15:45: INFO    : 	KernelConfiguration.optimizations.enableIntegratedRounding = false                          [Init: false]
Thu 15:45: INFO    : 	KernelConfiguration.optimizations.enableMappedMemoryHostReadBack = true                     [Init: true]
Thu 15:45: INFO    : 	KernelConfiguration.optimizations.enableMultiCycleReset = false                             [Init: false]
Thu 15:45: INFO    : 	KernelConfiguration.optimizations.enablePowerTwoFloatMult = true                            [Init: true]
Thu 15:45: INFO    : 	KernelConfiguration.optimizations.enableRedundantNodeDeletion = true                        [Init: true]
Thu 15:45: INFO    : 	KernelConfiguration.optimizations.enableStateMachineRegisterMerging = true                  [Init: true]
Thu 15:45: INFO    : 	KernelConfiguration.optimizations.inputFlushDistanceFactor = 0                              [Init: 0]
Thu 15:45: INFO    : 	KernelConfiguration.optimizations.minimumStaticFIFOSplitDepth = 1                           [Init: 1]
Thu 15:45: INFO    : 	KernelConfiguration.optimizations.optimizationTechnique = DEFAULT                           [Init: DEFAULT]
Thu 15:45: INFO    : 	KernelConfiguration.optimizations.triAdd = false                                            [Init: true, Init after BuildTarget change: false]
Thu 15:45: INFO    : 	KernelConfiguration.partialReconfBlockName =                                                [Init: ]
Thu 15:45: INFO    : 	KernelConfiguration.partialReconfMode = false                                               [Init: false]
Thu 15:45: INFO    : 	KernelConfiguration.partialReconfTemplate = false                                           [Init: false]
Thu 15:45: INFO    : 	KernelConfiguration.replicateNodeCeLog2NumPartitions = 0                                    [Init: 0]
Thu 15:45: INFO    : 	KernelConfiguration.romBRAMBitsThreshold = 2080                                             [Init: 2080]
Thu 15:45: INFO    : 	KernelConfiguration.simulation.ramAddressCollisionBehaviour = EXCEPTION                     [Init: EXCEPTION]
Thu 15:45: INFO    : 	KernelConfiguration.simulation.ramOutOfBoundsAccessBehaviour = EXCEPTION                    [Init: EXCEPTION]
Thu 15:45: INFO    : 	KernelConfiguration.simulation.simProgressMessageFrequency = 0                              [Init: 0]
Thu 15:45: INFO    : 
Thu 15:45: INFO    :  -- 
Thu 15:45: WARNING : Warning (UNCONNECTED_DESIGN_ELEMENT):
Thu 15:45: WARNING : Unconnected elements in design 'SimpleKernel'
Thu 15:45: WARNING : details in : /home/demo/Desktop/MaxCompiler-Builds/Simple_VECTIS_DFE_SIM/scratch/SimpleKernel_graph_warnings.txt
Thu 15:45: INFO    : Writing current graph to: Simple-SimpleKernel-original.pxg
Thu 15:45: INFO    : Running kernel graph-pass 'GeneratePXG'.
Thu 15:45: INFO    : Graph-pass 'GeneratePXG' took 1.29861 s (1 iterations)
Thu 15:45: INFO    : Running kernel graph-pass 'MarkConstantPass'.
Thu 15:45: INFO    : Graph-pass 'MarkConstantPass' took 22.0087 ms (1 iterations)
Thu 15:45: INFO    : Running kernel graph-pass 'ReachabilityPass'.
Thu 15:45: INFO    : Graph-pass 'ReachabilityPass' took 148.946 ms (1 iterations)
Thu 15:45: INFO    : Running kernel graph-pass 'FindInputsLeadingToFlush'.
Thu 15:45: INFO    : Graph-pass 'FindInputsLeadingToFlush' took 387.807 µs (1 iterations)
Thu 15:45: INFO    : Running kernel graph-pass 'CheckForStatefulToFlushViolations'.
Thu 15:45: INFO    : Graph-pass 'CheckForStatefulToFlushViolations' took 620.113 µs (1 iterations)
Thu 15:45: INFO    : Running kernel graph-pass 'CheckForInputToFlushViolations'.
Thu 15:45: INFO    : Graph-pass 'CheckForInputToFlushViolations' took 8.69551 ms (1 iterations)
Thu 15:45: INFO    : Deleting directory: neighbours
Thu 15:45: INFO    : Running Photon pre-schedule graph optimisations
Thu 15:45: INFO    : Running kernel graph-pass 'AlignOrEradicatePrintfs'.
Thu 15:45: INFO    : Graph-pass 'AlignOrEradicatePrintfs' took 9.17390 ms (1 iterations)
Thu 15:45: INFO    : Running kernel graph-pass 'FoldConstantsPass'.
Thu 15:45: INFO    : Graph-pass 'FoldConstantsPass' took 394.954 ms (2 iterations)
Thu 15:45: INFO    : Running kernel graph-pass 'OptimiseNodesPass'.
Thu 15:45: INFO    : Graph-pass 'OptimiseNodesPass' took 329.190 ms (2 iterations)
Thu 15:45: INFO    : Running kernel graph-pass 'DeleteRedundantNodes'.
Thu 15:45: INFO    : Graph-pass 'DeleteRedundantNodes' took 268.625 ms (2 iterations)
Thu 15:45: INFO    : Running kernel graph-pass 'DSPMultiplyAddExtractionPass'.
Thu 15:45: INFO    : Optimized 0 sub-graphs into DSP multiply/add chains (Virtex5 mode).
Thu 15:45: INFO    : Graph-pass 'DSPMultiplyAddExtractionPass' took 726.415 ms (1 iterations)
Thu 15:45: INFO    : Running kernel graph-pass 'PO2FPMultOptimiser'.
Thu 15:45: INFO    : Graph-pass 'PO2FPMultOptimiser' took 207.614 ms (2 iterations)
Thu 15:45: INFO    : Running Photon simulation preparation
Thu 15:45: INFO    : Running kernel graph-pass 'PrepareSimulationPass'.
Thu 15:45: INFO    : Graph-pass 'PrepareSimulationPass' took 384.245 µs (1 iterations)
Thu 15:45: INFO    : Logging Photon stats to: SimpleKernel_photon_stats.csv
Thu 15:45: INFO    : Deleting /home/demo/Desktop/MaxCompiler-Builds/Simple_VECTIS_DFE_SIM/scratch/SimpleKernel_photon_stats.csv
Thu 15:45: INFO    : Running kernel graph-pass 'StatsPass'.
Thu 15:45: INFO    : Graph-pass 'StatsPass' took 8.53965 ms (1 iterations)
Thu 15:45: INFO    : Running kernel graph-pass 'CollectNumericExceptions'.
Thu 15:45: INFO    : Graph-pass 'CollectNumericExceptions' took 443.041 µs (1 iterations)
Thu 15:45: INFO    : Running kernel graph-pass 'StreamOffsetDivExpand'.
Thu 15:45: INFO    : Graph-pass 'StreamOffsetDivExpand' took 349.171 µs (1 iterations)
Thu 15:45: INFO    : Running kernel graph-pass 'FindIllegalLoops'.
Thu 15:45: INFO    : Graph-pass 'FindIllegalLoops' took 5.67506 ms (1 iterations)
Thu 15:45: INFO    : Running kernel graph-pass 'MarkConstantPass'.
Thu 15:45: INFO    : Graph-pass 'MarkConstantPass' took 7.99409 ms (1 iterations)
Thu 15:45: INFO    : Running kernel graph-pass 'ScheduleVariables'.
Thu 15:45: INFO    : Graph-pass 'ScheduleVariables' took 2.81352 ms (1 iterations)
Thu 15:45: INFO    : Running kernel graph-pass 'SubstituteEqPlaceholders'.
Thu 15:45: INFO    : Graph-pass 'SubstituteEqPlaceholders' took 423.111 µs (1 iterations)
Thu 15:45: INFO    : Running kernel graph-pass 'ScheduleApplier'.
Thu 15:45: INFO    : Graph-pass 'ScheduleApplier' took 560.254 µs (1 iterations)
Thu 15:45: INFO    : Running kernel graph-pass 'MarkConstantPass'.
Thu 15:45: INFO    : Graph-pass 'MarkConstantPass' took 5.91857 ms (1 iterations)
Thu 15:45: INFO    : Running kernel graph-pass 'ScheduleDumper'.
Thu 15:45: INFO    : Graph-pass 'ScheduleDumper' took 1.03692 ms (1 iterations)
Thu 15:45: INFO    : Running Photon post-schedule graph optimisations (pass 1)
Thu 15:45: INFO    : Running kernel graph-pass 'TapFIFOsPass'.
Thu 15:45: INFO    : Graph-pass 'TapFIFOsPass' took 9.84618 ms (1 iterations)
Thu 15:45: INFO    : Running kernel graph-pass 'FoldFIFOsPass'.
Thu 15:45: INFO    : Graph-pass 'FoldFIFOsPass' took 806.536 µs (1 iterations)
Thu 15:45: INFO    : Running kernel graph-pass 'MarkConstantPass'.
Thu 15:45: INFO    : Graph-pass 'MarkConstantPass' took 629.867 µs (1 iterations)
Thu 15:45: INFO    : Running kernel graph-pass 'ValidateFIFOs'.
Thu 15:45: INFO    : Graph-pass 'ValidateFIFOs' took 159.831 µs (1 iterations)
Thu 15:45: INFO    : Running kernel graph-pass 'MarkConstantPass'.
Thu 15:45: INFO    : Graph-pass 'MarkConstantPass' took 1.00655 ms (1 iterations)
Thu 15:45: INFO    : Running kernel graph-pass 'ScheduleDumper'.
Thu 15:45: INFO    : Graph-pass 'ScheduleDumper' took 5.91910 ms (1 iterations)
Thu 15:45: INFO    : Running kernel graph-pass 'MarkConstantPass'.
Thu 15:45: INFO    : Graph-pass 'MarkConstantPass' took 841.088 µs (1 iterations)
Thu 15:45: INFO    : Running kernel graph-pass 'ScheduleConstants'.
Thu 15:45: INFO    : Running command: cbc "SimpleKernel_schedule_C.mps.gz" -solve  -printi csv -solu "SimpleKernel_schedule_C.csv" > "SimpleKernel_schedule_C.stdout.log"
Thu 15:45: INFO    : Checking for file hash changes...
Thu 15:45: INFO    : No changes.
Thu 15:45: INFO    : Optimum found: 0
Thu 15:45: INFO    : Graph-pass 'ScheduleConstants' took 46.9126 ms (1 iterations)
Thu 15:45: INFO    : Running kernel graph-pass 'MarkConstantPass'.
Thu 15:45: INFO    : Graph-pass 'MarkConstantPass' took 4.19800 ms (1 iterations)
Thu 15:45: INFO    : Running kernel graph-pass 'ScheduleDumper'.
Thu 15:45: INFO    : Graph-pass 'ScheduleDumper' took 957.975 µs (1 iterations)
Thu 15:45: INFO    : Running kernel graph-pass 'SubstituteEqPlaceholders'.
Thu 15:45: INFO    : Graph-pass 'SubstituteEqPlaceholders' took 428.083 µs (1 iterations)
Thu 15:45: INFO    : Running kernel graph-pass 'RemoveDistMeasurementNodes'.
Thu 15:45: INFO    : Graph-pass 'RemoveDistMeasurementNodes' took 14.4650 µs (1 iterations)
Thu 15:45: INFO    : Running kernel graph-pass 'ScheduleApplier'.
Thu 15:45: INFO    : Graph-pass 'ScheduleApplier' took 9.35070 ms (1 iterations)
Thu 15:45: INFO    : Maximum stream latency for kernel 'SimpleKernel': 5
Thu 15:45: INFO    : Using user logic for flush.
Thu 15:45: INFO    : Running Photon post-schedule graph optimisations (pass 2)
Thu 15:45: INFO    : Running kernel graph-pass 'TapFIFOsPass'.
Thu 15:45: INFO    : Graph-pass 'TapFIFOsPass' took 2.42752 ms (1 iterations)
Thu 15:45: INFO    : Running kernel graph-pass 'FoldFIFOsPass'.
Thu 15:45: INFO    : Graph-pass 'FoldFIFOsPass' took 5.95360 ms (1 iterations)
Thu 15:45: INFO    : Running kernel graph-pass 'MarkConstantPass'.
Thu 15:45: INFO    : Graph-pass 'MarkConstantPass' took 5.63868 ms (1 iterations)
Thu 15:45: INFO    : Running kernel graph-pass 'ScheduleAsserter'.
Thu 15:45: INFO    : Graph-pass 'ScheduleAsserter' took 361.684 µs (1 iterations)
Thu 15:45: INFO    : Running kernel graph-pass 'ReplaceEvalStreamOffsetNodes'.
Thu 15:45: INFO    : Graph-pass 'ReplaceEvalStreamOffsetNodes' took 274.149 µs (1 iterations)
Thu 15:45: INFO    : Running kernel graph-pass 'FIFOReport'.
Thu 15:45: INFO    : Graph-pass 'FIFOReport' took 931.093 µs (1 iterations)
Thu 15:45: INFO    : Running kernel graph-pass 'StatsPass'.
Thu 15:45: INFO    : Graph-pass 'StatsPass' took 22.2445 ms (1 iterations)
Thu 15:45: INFO    : Running kernel graph-pass 'RemoveUntypedConstants'.
Thu 15:45: WARNING : Warning (CONSTANT_ENCODING):
Thu 15:45: WARNING : Precision loss occurred in some constant values.
Thu 15:45: WARNING : For details see /home/demo/Desktop/MaxCompiler-Builds/Simple_VECTIS_DFE_SIM/scratch/SimpleKernel_constants_report.txt
Thu 15:45: INFO    : Graph-pass 'RemoveUntypedConstants' took 332.810 ms (1 iterations)
Thu 15:45: INFO    : Running kernel graph-pass 'VariableSizeMappedRegInserter'.
Thu 15:45: INFO    : Graph-pass 'VariableSizeMappedRegInserter' took 242.471 µs (1 iterations)
Thu 15:45: INFO    : Running kernel graph-pass 'MarkConstantPass'.
Thu 15:45: INFO    : Graph-pass 'MarkConstantPass' took 4.86967 ms (1 iterations)
Thu 15:45: INFO    : Running kernel graph-pass 'MakeMaxFileNodeData'.
Thu 15:45: INFO    : Graph-pass 'MakeMaxFileNodeData' took 191.511 ms (1 iterations)
Thu 15:45: INFO    : Running kernel graph-pass 'MoveFanoutRegsForwards'.
Thu 15:45: INFO    : Graph-pass 'MoveFanoutRegsForwards' took 255.546 µs (1 iterations)
Thu 15:45: INFO    : Optimization report for Kernel 'SimpleKernel'.
Thu 15:45: INFO    : Enabled optimizations:
Thu 15:45: INFO    : 	DSP-Multiplication
Thu 15:45: INFO    : 	Power-of-2 Floating Point
Thu 15:45: INFO    : Creating a preliminary MaxCompilerDesignData.dat. (@ CoreCompile SimpleKernel)
Thu 15:45: INFO    : Deleting /home/demo/Desktop/MaxCompiler-Builds/Simple_VECTIS_DFE_SIM/scratch/MaxCompilerDesignData.dat
Thu 15:45: INFO    : Total compilation of 'SimpleKernel' took 8.06523 s.
Thu 15:45: INFO    : Running kernel graph-pass 'MarkConstantPass'.
Thu 15:45: INFO    : Graph-pass 'MarkConstantPass' took 693.847 µs (1 iterations)
Thu 15:45: INFO    : Running kernel graph-pass 'MaxConstantLatency'.
Thu 15:45: INFO    : Graph-pass 'MaxConstantLatency' took 214.919 ms (1 iterations)
Thu 15:45: INFO    : Running kernel graph-pass 'SimCodeGraphPass'.
Thu 15:45: INFO    : Graph-pass 'SimCodeGraphPass' took 459.141 ms (1 iterations)
Thu 15:45: INFO    : Writing current graph to: Simple-SimpleKernel-final-simulation.pxg
Thu 15:45: INFO    : Running kernel graph-pass 'GeneratePXG'.
Thu 15:45: INFO    : Graph-pass 'GeneratePXG' took 768.761 ms (1 iterations)
Thu 15:45: INFO    : Deleting /home/demo/Desktop/MaxCompiler-Builds/Simple_VECTIS_DFE_SIM/scratch/Manager_Simple.graphs
Thu 15:45: INFO    : Running manager compiler graph-pass: GenerateMXGInfo
Thu 15:45: INFO    : Running manager compiler graph-pass: ScheduleStallLatency
Thu 15:45: INFO    : Running manager compiler graph-pass: ClockWidthAssignment
Thu 15:45: INFO    : Running manager compiler graph-pass: InsertDualAspectLogic
Thu 15:45: INFO    : Running manager compiler graph-pass: ClockWidthAssignment
Thu 15:45: INFO    : Running manager compiler graph-pass: InsertPullPushAdapter
Thu 15:45: INFO    : Running manager compiler graph-pass: ClockWidthAssignment
Thu 15:45: INFO    : Running manager compiler graph-pass: InsertStreamFifos
Thu 15:45: INFO    : Running manager compiler graph-pass: ClockWidthAssignment
Thu 15:45: INFO    : Running manager compiler graph-pass: InsertStreamStatus
Thu 15:45: INFO    : Running manager compiler graph-pass: InsertChipscope
Thu 15:45: INFO    : Inserted 0 chipscope manager nodes.
Thu 15:45: INFO    : Running manager compiler graph-pass: ClockWidthAssignment
Thu 15:45: INFO    : Running manager compiler graph-pass: ReportClockAssignments
Thu 15:45: INFO    : Running manager compiler graph-pass: BuildSoftwareSim
Thu 15:45: INFO    : Mapped register report:
Thu 15:45: INFO    : 	0	S	4bytes
Thu 15:45: INFO    : 	4	K	4bytes
Thu 15:45: INFO    : 	8	r	4bytes
Thu 15:45: INFO    : 	c	q	4bytes
Thu 15:45: INFO    : 	10	sigma	4bytes
Thu 15:45: INFO    : 	14	time	4bytes
Thu 15:45: INFO    : 	18	io_y_force_disabled	1bytes
Thu 15:45: INFO    : 	19	run_cycle_count	6bytes
Thu 15:45: INFO    : 	1f	current_run_cycle_count	6bytes
Thu 15:45: INFO    : 	25	dbg_ctld_almost_empty	1bytes
Thu 15:45: INFO    : 	26	dbg_ctld_done	1bytes
Thu 15:45: INFO    : 	27	dbg_ctld_empty	1bytes
Thu 15:45: INFO    : 	28	dbg_ctld_read	1bytes
Thu 15:45: INFO    : 	29	dbg_ctld_read_pipe_dbg	1bytes
Thu 15:45: INFO    : 	2a	dbg_ctld_request	1bytes
Thu 15:45: INFO    : 	2b	dbg_done_out	1bytes
Thu 15:45: INFO    : 	2c	dbg_fill_level	1bytes
Thu 15:45: INFO    : 	2d	dbg_flush_level	1bytes
Thu 15:45: INFO    : 	2e	dbg_flush_start	1bytes
Thu 15:45: INFO    : 	2f	dbg_flush_start_level	1bytes
Thu 15:45: INFO    : 	30	dbg_flushing	1bytes
Thu 15:45: INFO    : 	31	dbg_full_level	1bytes
Thu 15:45: INFO    : 	32	dbg_out_stall	1bytes
Thu 15:45: INFO    : 	33	dbg_out_valid	1bytes
Thu 15:45: INFO    : 	34	dbg_stall_vector	1bytes
Thu 15:45: INFO    : 	35	ifpga_ctrl	1bytes
Thu 15:45: INFO    : 	36	SFA_FORWARD_EN	4bytes
Thu 15:45: INFO    : Mapped register chain length = 58
Thu 15:45: INFO    : Mapped register efficiency = 0.76 (353 / 464 bits)
Thu 15:45: INFO    : Mapped memory report:
Thu 15:45: INFO    : 	No mapped memories in this design.
Thu 15:45: INFO    : Running manager compiler graph-pass: GenerateMXGInfo
Thu 15:45: INFO    : Running manager compiler graph-pass: GenerateSlicHostCode
Thu 15:45: INFO    : Generating SLIC interface information
Thu 15:45: INFO    : Generating SLIC code for interface 'default'
Thu 15:45: INFO    : Skipping blacklisted scalar parameter 'SimpleKernel.current_run_cycle_count'
Thu 15:45: INFO    : Interface 'default' depends on parameter 'parameter[0]'
Thu 15:45: INFO    : Interface 'default' depends on parameter 'parameter[1]'
Thu 15:45: INFO    : Interface 'default' depends on parameter 'parameter[2]'
Thu 15:45: INFO    : Interface 'default' depends on parameter 'parameter[3]'
Thu 15:45: INFO    : Interface 'default' depends on parameter 'parameter[4]'
Thu 15:45: INFO    : Interface 'default' depends on parameter 'parameter[5]'
Thu 15:45: INFO    : Generating XML description for Maxfile
Thu 15:45: INFO    : Generating XML description for mode 'default'
Thu 15:45: INFO    : Skipping blacklisted scalar parameter 'SimpleKernel.current_run_cycle_count'
Thu 15:45: INFO    : Interface 'default' depends on parameter 'parameter[0]'
Thu 15:45: INFO    : Interface 'default' depends on parameter 'parameter[1]'
Thu 15:45: INFO    : Interface 'default' depends on parameter 'parameter[2]'
Thu 15:45: INFO    : Interface 'default' depends on parameter 'parameter[3]'
Thu 15:45: INFO    : Interface 'default' depends on parameter 'parameter[4]'
Thu 15:45: INFO    : Interface 'default' depends on parameter 'parameter[5]'
Thu 15:45: INFO    : Adding SLIC sections to the maxfile
Thu 15:45: INFO    : Adding user files to the maxfile
Thu 15:45: INFO    : Generating SLIC include file
Thu 15:45: INFO    : Done generating SLIC interface information
Thu 15:45: PROGRESS: Running back-end simulation build (3 phases)
Thu 15:45: PROGRESS: (1/3) - Prepare MaxFile Data (GenerateMaxFileDataFile)
Thu 15:45: INFO    : Build pass 'GenerateMaxFileDataFile' took 87.7131 ms.
Thu 15:45: PROGRESS: (2/3) - Compile Simulation Modules (SimCompilePass)
Thu 15:45: INFO    : Running command: make -j1
Thu 15:45: INFO    : Checking for file hash changes...
Thu 15:45: INFO    : No hash for file: 'tmp_resource_dump/SimpleKernel_exec3.cpp'
Thu 15:45: INFO    : Hash changed for file: 'tmp_resource_dump/SimpleKernel_exec0.cpp'
Thu 15:45: INFO    : No hash for file: 'tmp_resource_dump/SimpleKernel_exec4.h'
Thu 15:45: INFO    : No hash for file: 'tmp_resource_dump/SimpleKernel_exec1.cpp'
Thu 15:45: INFO    : No hash for file: 'tmp_resource_dump/SimpleKernel_exec2.cpp'
Thu 15:45: INFO    : No hash for file: 'tmp_resource_dump/SimpleKernel_exec4.cpp'
Thu 15:45: INFO    : Hash changed for file: 'tmp_resource_dump/SimpleKernel.cpp'
Thu 15:45: INFO    : Hash changed for file: 'Makefile.local_rules'
Thu 15:45: INFO    : No hash for file: 'tmp_resource_dump/SimpleKernel_exec2.h'
Thu 15:45: INFO    : Hash changed for file: 'tmp_resource_dump/SimpleKernel.h'
Thu 15:45: INFO    : No hash for file: 'tmp_resource_dump/SimpleKernel_exec3.h'
Thu 15:45: INFO    : Hash changed for file: '../../MaxCompilerDesignData.dat'
Thu 15:45: INFO    : No hash for file: 'tmp_resource_dump/SimpleKernel_exec1.h'
Thu 15:45: INFO    : /opt/maxeler/maxcompiler/lib/gcc/bin/g++ -c -I/usr/include/x86_64-linux-gnu -fPIC -D__USE_XOPEN2K8 -O3  -I. -I/opt/maxeler/maxcompiler/lib/boost/include -I/opt/maxeler/maxcompiler/lib/maxeleros-sim/include -I/opt/maxeler/maxcompiler/lib/lwip_sim -I/opt/maxeler/maxcompiler/lib/lwip_sim/include -I/opt/maxeler/maxcompiler/lib/lwip_sim/include/arch -I/opt/maxeler/maxcompiler/lib/lwip_sim/include/ipv4  -DHAVE_KERNELS -DMAXFILE_INC="../../MaxCompilerDesignData.dat" -g0  -DSLIC_NO_DECLARATIONS   -O0 -DOPTIMIZATION_LEVEL=0 -x c++-header \
Thu 15:45: INFO    : 		-o stdsimheader.h.gch/O0_stdsimheader.h.gch stdsimheader.h
Thu 15:45: INFO    : /opt/maxeler/maxcompiler/lib/gcc/bin/g++ -c -I/usr/include/x86_64-linux-gnu -fPIC -D__USE_XOPEN2K8 -O3  -I. -I/opt/maxeler/maxcompiler/lib/boost/include -I/opt/maxeler/maxcompiler/lib/maxeleros-sim/include -I/opt/maxeler/maxcompiler/lib/lwip_sim -I/opt/maxeler/maxcompiler/lib/lwip_sim/include -I/opt/maxeler/maxcompiler/lib/lwip_sim/include/arch -I/opt/maxeler/maxcompiler/lib/lwip_sim/include/ipv4  -DHAVE_KERNELS -DMAXFILE_INC="../../MaxCompilerDesignData.dat" -g0  -DSLIC_NO_DECLARATIONS   -fno-implicit-templates -O2 -DOPTIMIZATION_LEVEL=2 -x c++-header \
Thu 15:45: INFO    : 		-o stdsimheader.h.gch/NoTplInst_O2_stdsimheader.h.gch stdsimheader.h
Thu 15:45: INFO    : make Simple.so
Thu 15:45: INFO    : make[1]: Entering directory `/home/demo/Desktop/MaxCompiler-Builds/Simple_VECTIS_DFE_SIM/scratch/software-sim/build'
Thu 15:45: INFO    : /opt/maxeler/maxcompiler/lib/gcc/bin/g++ -c -I/usr/include/x86_64-linux-gnu -fPIC -D__USE_XOPEN2K8 -O3  -I. -I/opt/maxeler/maxcompiler/lib/boost/include -I/opt/maxeler/maxcompiler/lib/maxeleros-sim/include -I/opt/maxeler/maxcompiler/lib/lwip_sim -I/opt/maxeler/maxcompiler/lib/lwip_sim/include -I/opt/maxeler/maxcompiler/lib/lwip_sim/include/arch -I/opt/maxeler/maxcompiler/lib/lwip_sim/include/ipv4  -DHAVE_KERNELS -DMAXFILE_INC="../../MaxCompilerDesignData.dat" -g0  -DSLIC_NO_DECLARATIONS   -fno-implicit-templates -O2 -DOPTIMIZATION_LEVEL=2 -o objdir/SimpleKernel_exec0.NoTplInst.O2.o SimpleKernel_exec0.cpp
Thu 15:45: INFO    : /opt/maxeler/maxcompiler/lib/gcc/bin/g++ -I/usr/include/x86_64-linux-gnu -fPIC -D__USE_XOPEN2K8 -O3  -I. -I/opt/maxeler/maxcompiler/lib/boost/include -I/opt/maxeler/maxcompiler/lib/maxeleros-sim/include -I/opt/maxeler/maxcompiler/lib/lwip_sim -I/opt/maxeler/maxcompiler/lib/lwip_sim/include -I/opt/maxeler/maxcompiler/lib/lwip_sim/include/arch -I/opt/maxeler/maxcompiler/lib/lwip_sim/include/ipv4  -DHAVE_KERNELS -DMAXFILE_INC="../../MaxCompilerDesignData.dat" -g0  -DSLIC_NO_DECLARATIONS   -MM -MP -MT objdir/SimpleKernel_exec0.NoTplInst.O2.o \
Thu 15:45: INFO    : 		SimpleKernel_exec0.cpp > objdir/SimpleKernel_exec0.NoTplInst.O2.d
Thu 15:45: INFO    : /opt/maxeler/maxcompiler/lib/gcc/bin/g++ -c -I/usr/include/x86_64-linux-gnu -fPIC -D__USE_XOPEN2K8 -O3  -I. -I/opt/maxeler/maxcompiler/lib/boost/include -I/opt/maxeler/maxcompiler/lib/maxeleros-sim/include -I/opt/maxeler/maxcompiler/lib/lwip_sim -I/opt/maxeler/maxcompiler/lib/lwip_sim/include -I/opt/maxeler/maxcompiler/lib/lwip_sim/include/arch -I/opt/maxeler/maxcompiler/lib/lwip_sim/include/ipv4  -DHAVE_KERNELS -DMAXFILE_INC="../../MaxCompilerDesignData.dat" -g0  -DSLIC_NO_DECLARATIONS   -fno-implicit-templates -O2 -DOPTIMIZATION_LEVEL=2 -o objdir/SimpleKernel_exec1.NoTplInst.O2.o SimpleKernel_exec1.cpp
Thu 15:45: INFO    : /opt/maxeler/maxcompiler/lib/gcc/bin/g++ -I/usr/include/x86_64-linux-gnu -fPIC -D__USE_XOPEN2K8 -O3  -I. -I/opt/maxeler/maxcompiler/lib/boost/include -I/opt/maxeler/maxcompiler/lib/maxeleros-sim/include -I/opt/maxeler/maxcompiler/lib/lwip_sim -I/opt/maxeler/maxcompiler/lib/lwip_sim/include -I/opt/maxeler/maxcompiler/lib/lwip_sim/include/arch -I/opt/maxeler/maxcompiler/lib/lwip_sim/include/ipv4  -DHAVE_KERNELS -DMAXFILE_INC="../../MaxCompilerDesignData.dat" -g0  -DSLIC_NO_DECLARATIONS   -MM -MP -MT objdir/SimpleKernel_exec1.NoTplInst.O2.o \
Thu 15:45: INFO    : 		SimpleKernel_exec1.cpp > objdir/SimpleKernel_exec1.NoTplInst.O2.d
Thu 15:45: INFO    : /opt/maxeler/maxcompiler/lib/gcc/bin/g++ -c -I/usr/include/x86_64-linux-gnu -fPIC -D__USE_XOPEN2K8 -O3  -I. -I/opt/maxeler/maxcompiler/lib/boost/include -I/opt/maxeler/maxcompiler/lib/maxeleros-sim/include -I/opt/maxeler/maxcompiler/lib/lwip_sim -I/opt/maxeler/maxcompiler/lib/lwip_sim/include -I/opt/maxeler/maxcompiler/lib/lwip_sim/include/arch -I/opt/maxeler/maxcompiler/lib/lwip_sim/include/ipv4  -DHAVE_KERNELS -DMAXFILE_INC="../../MaxCompilerDesignData.dat" -g0  -DSLIC_NO_DECLARATIONS   -fno-implicit-templates -O2 -DOPTIMIZATION_LEVEL=2 -o objdir/SimpleKernel_exec2.NoTplInst.O2.o SimpleKernel_exec2.cpp
Thu 15:45: INFO    : /opt/maxeler/maxcompiler/lib/gcc/bin/g++ -I/usr/include/x86_64-linux-gnu -fPIC -D__USE_XOPEN2K8 -O3  -I. -I/opt/maxeler/maxcompiler/lib/boost/include -I/opt/maxeler/maxcompiler/lib/maxeleros-sim/include -I/opt/maxeler/maxcompiler/lib/lwip_sim -I/opt/maxeler/maxcompiler/lib/lwip_sim/include -I/opt/maxeler/maxcompiler/lib/lwip_sim/include/arch -I/opt/maxeler/maxcompiler/lib/lwip_sim/include/ipv4  -DHAVE_KERNELS -DMAXFILE_INC="../../MaxCompilerDesignData.dat" -g0  -DSLIC_NO_DECLARATIONS   -MM -MP -MT objdir/SimpleKernel_exec2.NoTplInst.O2.o \
Thu 15:45: INFO    : 		SimpleKernel_exec2.cpp > objdir/SimpleKernel_exec2.NoTplInst.O2.d
Thu 15:45: INFO    : /opt/maxeler/maxcompiler/lib/gcc/bin/g++ -c -I/usr/include/x86_64-linux-gnu -fPIC -D__USE_XOPEN2K8 -O3  -I. -I/opt/maxeler/maxcompiler/lib/boost/include -I/opt/maxeler/maxcompiler/lib/maxeleros-sim/include -I/opt/maxeler/maxcompiler/lib/lwip_sim -I/opt/maxeler/maxcompiler/lib/lwip_sim/include -I/opt/maxeler/maxcompiler/lib/lwip_sim/include/arch -I/opt/maxeler/maxcompiler/lib/lwip_sim/include/ipv4  -DHAVE_KERNELS -DMAXFILE_INC="../../MaxCompilerDesignData.dat" -g0  -DSLIC_NO_DECLARATIONS   -fno-implicit-templates -O2 -DOPTIMIZATION_LEVEL=2 -o objdir/SimpleKernel_exec3.NoTplInst.O2.o SimpleKernel_exec3.cpp
Thu 15:46: INFO    : /opt/maxeler/maxcompiler/lib/gcc/bin/g++ -I/usr/include/x86_64-linux-gnu -fPIC -D__USE_XOPEN2K8 -O3  -I. -I/opt/maxeler/maxcompiler/lib/boost/include -I/opt/maxeler/maxcompiler/lib/maxeleros-sim/include -I/opt/maxeler/maxcompiler/lib/lwip_sim -I/opt/maxeler/maxcompiler/lib/lwip_sim/include -I/opt/maxeler/maxcompiler/lib/lwip_sim/include/arch -I/opt/maxeler/maxcompiler/lib/lwip_sim/include/ipv4  -DHAVE_KERNELS -DMAXFILE_INC="../../MaxCompilerDesignData.dat" -g0  -DSLIC_NO_DECLARATIONS   -MM -MP -MT objdir/SimpleKernel_exec3.NoTplInst.O2.o \
Thu 15:46: INFO    : 		SimpleKernel_exec3.cpp > objdir/SimpleKernel_exec3.NoTplInst.O2.d
Thu 15:46: INFO    : /opt/maxeler/maxcompiler/lib/gcc/bin/g++ -c -I/usr/include/x86_64-linux-gnu -fPIC -D__USE_XOPEN2K8 -O3  -I. -I/opt/maxeler/maxcompiler/lib/boost/include -I/opt/maxeler/maxcompiler/lib/maxeleros-sim/include -I/opt/maxeler/maxcompiler/lib/lwip_sim -I/opt/maxeler/maxcompiler/lib/lwip_sim/include -I/opt/maxeler/maxcompiler/lib/lwip_sim/include/arch -I/opt/maxeler/maxcompiler/lib/lwip_sim/include/ipv4  -DHAVE_KERNELS -DMAXFILE_INC="../../MaxCompilerDesignData.dat" -g0  -DSLIC_NO_DECLARATIONS   -fno-implicit-templates -O2 -DOPTIMIZATION_LEVEL=2 -o objdir/SimpleKernel_exec4.NoTplInst.O2.o SimpleKernel_exec4.cpp
Thu 15:46: INFO    : /opt/maxeler/maxcompiler/lib/gcc/bin/g++ -I/usr/include/x86_64-linux-gnu -fPIC -D__USE_XOPEN2K8 -O3  -I. -I/opt/maxeler/maxcompiler/lib/boost/include -I/opt/maxeler/maxcompiler/lib/maxeleros-sim/include -I/opt/maxeler/maxcompiler/lib/lwip_sim -I/opt/maxeler/maxcompiler/lib/lwip_sim/include -I/opt/maxeler/maxcompiler/lib/lwip_sim/include/arch -I/opt/maxeler/maxcompiler/lib/lwip_sim/include/ipv4  -DHAVE_KERNELS -DMAXFILE_INC="../../MaxCompilerDesignData.dat" -g0  -DSLIC_NO_DECLARATIONS   -MM -MP -MT objdir/SimpleKernel_exec4.NoTplInst.O2.o \
Thu 15:46: INFO    : 		SimpleKernel_exec4.cpp > objdir/SimpleKernel_exec4.NoTplInst.O2.d
Thu 15:46: INFO    : /opt/maxeler/maxcompiler/lib/gcc/bin/g++ -c -I/usr/include/x86_64-linux-gnu -fPIC -D__USE_XOPEN2K8 -O3  -I. -I/opt/maxeler/maxcompiler/lib/boost/include -I/opt/maxeler/maxcompiler/lib/maxeleros-sim/include -I/opt/maxeler/maxcompiler/lib/lwip_sim -I/opt/maxeler/maxcompiler/lib/lwip_sim/include -I/opt/maxeler/maxcompiler/lib/lwip_sim/include/arch -I/opt/maxeler/maxcompiler/lib/lwip_sim/include/ipv4  -DHAVE_KERNELS -DMAXFILE_INC="../../MaxCompilerDesignData.dat" -g0  -DSLIC_NO_DECLARATIONS   -O0 -DOPTIMIZATION_LEVEL=0 -o objdir/SimpleKernel.O0.o SimpleKernel.cpp
Thu 15:46: INFO    : /opt/maxeler/maxcompiler/lib/gcc/bin/g++ -I/usr/include/x86_64-linux-gnu -fPIC -D__USE_XOPEN2K8 -O3  -I. -I/opt/maxeler/maxcompiler/lib/boost/include -I/opt/maxeler/maxcompiler/lib/maxeleros-sim/include -I/opt/maxeler/maxcompiler/lib/lwip_sim -I/opt/maxeler/maxcompiler/lib/lwip_sim/include -I/opt/maxeler/maxcompiler/lib/lwip_sim/include/arch -I/opt/maxeler/maxcompiler/lib/lwip_sim/include/ipv4  -DHAVE_KERNELS -DMAXFILE_INC="../../MaxCompilerDesignData.dat" -g0  -DSLIC_NO_DECLARATIONS   -MM -MP -MT objdir/SimpleKernel.O0.o \
Thu 15:46: INFO    : 		SimpleKernel.cpp > objdir/SimpleKernel.O0.d
Thu 15:46: INFO    : /opt/maxeler/maxcompiler/lib/gcc/bin/g++ -c -I/usr/include/x86_64-linux-gnu -fPIC -D__USE_XOPEN2K8 -O3  -I. -I/opt/maxeler/maxcompiler/lib/boost/include -I/opt/maxeler/maxcompiler/lib/maxeleros-sim/include -I/opt/maxeler/maxcompiler/lib/lwip_sim -I/opt/maxeler/maxcompiler/lib/lwip_sim/include -I/opt/maxeler/maxcompiler/lib/lwip_sim/include/arch -I/opt/maxeler/maxcompiler/lib/lwip_sim/include/ipv4  -DHAVE_KERNELS -DMAXFILE_INC="../../MaxCompilerDesignData.dat" -g0  -DSLIC_NO_DECLARATIONS   -O2 -DOPTIMIZATION_LEVEL=2 -o objdir/SimpleKernel_Templates.O2.o SimpleKernel_Templates.cpp
Thu 15:46: INFO    : /opt/maxeler/maxcompiler/lib/gcc/bin/g++ -I/usr/include/x86_64-linux-gnu -fPIC -D__USE_XOPEN2K8 -O3  -I. -I/opt/maxeler/maxcompiler/lib/boost/include -I/opt/maxeler/maxcompiler/lib/maxeleros-sim/include -I/opt/maxeler/maxcompiler/lib/lwip_sim -I/opt/maxeler/maxcompiler/lib/lwip_sim/include -I/opt/maxeler/maxcompiler/lib/lwip_sim/include/arch -I/opt/maxeler/maxcompiler/lib/lwip_sim/include/ipv4  -DHAVE_KERNELS -DMAXFILE_INC="../../MaxCompilerDesignData.dat" -g0  -DSLIC_NO_DECLARATIONS   -MM -MP -MT objdir/SimpleKernel_Templates.O2.o \
Thu 15:46: INFO    : 		SimpleKernel_Templates.cpp > objdir/SimpleKernel_Templates.O2.d
Thu 15:46: INFO    : /opt/maxeler/maxcompiler/lib/gcc/bin/g++ -c -I/usr/include/x86_64-linux-gnu -fPIC -D__USE_XOPEN2K8 -O3  -I. -I/opt/maxeler/maxcompiler/lib/boost/include -I/opt/maxeler/maxcompiler/lib/maxeleros-sim/include -I/opt/maxeler/maxcompiler/lib/lwip_sim -I/opt/maxeler/maxcompiler/lib/lwip_sim/include -I/opt/maxeler/maxcompiler/lib/lwip_sim/include/arch -I/opt/maxeler/maxcompiler/lib/lwip_sim/include/ipv4  -DHAVE_KERNELS -DMAXFILE_INC="../../MaxCompilerDesignData.dat" -g0  -DSLIC_NO_DECLARATIONS   -O0 -DOPTIMIZATION_LEVEL=0 -o objdir/max_msi.O0.o max_msi.cpp
Thu 15:46: INFO    : /opt/maxeler/maxcompiler/lib/gcc/bin/g++ -I/usr/include/x86_64-linux-gnu -fPIC -D__USE_XOPEN2K8 -O3  -I. -I/opt/maxeler/maxcompiler/lib/boost/include -I/opt/maxeler/maxcompiler/lib/maxeleros-sim/include -I/opt/maxeler/maxcompiler/lib/lwip_sim -I/opt/maxeler/maxcompiler/lib/lwip_sim/include -I/opt/maxeler/maxcompiler/lib/lwip_sim/include/arch -I/opt/maxeler/maxcompiler/lib/lwip_sim/include/ipv4  -DHAVE_KERNELS -DMAXFILE_INC="../../MaxCompilerDesignData.dat" -g0  -DSLIC_NO_DECLARATIONS   -MM -MP -MT objdir/max_msi.O0.o \
Thu 15:46: INFO    : 		max_msi.cpp > objdir/max_msi.O0.d
Thu 15:46: INFO    : /opt/maxeler/maxcompiler/lib/gcc/bin/g++ -fPIC -shared -B/usr/lib/x86_64-linux-gnu -L/opt/maxeler/maxcompiler/lib/boost/lib -lboost_thread -lboost_system -lboost_filesystem -lrt -pthread -O2 -s  -o Simple.so objdir/SimpleKernel_exec0.NoTplInst.O2.o objdir/SimpleKernel_exec1.NoTplInst.O2.o objdir/SimpleKernel_exec2.NoTplInst.O2.o objdir/SimpleKernel_exec3.NoTplInst.O2.o objdir/SimpleKernel_exec4.NoTplInst.O2.o objdir/SimpleKernel.O0.o objdir/SimpleKernel_Templates.O2.o objdir/max_msi.O0.o StructToGroupDummy.o Mux.o DualAspectMux.o Demux.o Fanout.o CapRegs.o IFPGARegs.o ChecksumMem.o PCIe.o KernelManagerBlockSync.o DualAspectReg.o PullPushAdapter.o FilePullSource.o max_shared_fifo.o SharedFIFO.o Fifos.o FilePushSink.o SimTerminator.o Watch.o StreamStatus.o RunLengthExpander.o ManagerBlock.o MappedElements.o ManagerSync.o PullSync.o PushSync.o DynamicVarUInt.o SimException.o DebugStreams.o AddressGenerator.o MemoryControllerPro.o MemoryControllerRAM.o MemoryControllerCommand.o MemoryControllerStreams.o MemoryControllerConfig.o TCP.o Ethernet.o Timestamp.o /opt/maxeler/maxcompiler/lib/lwip_sim/lib/liblwip.a
Thu 15:46: INFO    : make[1]: Leaving directory `/home/demo/Desktop/MaxCompiler-Builds/Simple_VECTIS_DFE_SIM/scratch/software-sim/build'
Thu 15:46: INFO    : Build pass 'SimCompilePass' took 52.0149 s.
Thu 15:46: PROGRESS: (3/3) - Generate MaxFile (AddSimObjectToMaxFilePass)
Thu 15:46: INFO    : Build pass 'AddSimObjectToMaxFilePass' took 1.20259 s.
Thu 15:46: INFO    : Final result files after build: 
Thu 15:46: INFO    : Running command: ln -sf "../scratch/Simple-SimpleKernel-original.pxg"
Thu 15:46: INFO    : Simple-SimpleKernel-original.pxg (BuildFilePXG)
Thu 15:46: INFO    : Running command: ln -sf "../scratch/SimpleKernel_Configuration.txt"
Thu 15:46: INFO    : SimpleKernel_Configuration.txt (BuildFile)
Thu 15:46: INFO    : Running command: ln -sf "../scratch/SimpleKernel_NodeDiary.txt"
Thu 15:46: INFO    : SimpleKernel_NodeDiary.txt (BuildFile)
Thu 15:46: INFO    : Running command: ln -sf "../scratch/Simple-SimpleKernel-final-simulation.pxg"
Thu 15:46: INFO    : Simple-SimpleKernel-final-simulation.pxg (BuildFilePXG)
Thu 15:46: INFO    : Running command: ln -sf "../scratch/Simple.xml"
Thu 15:46: INFO    : Simple.xml (BuildFile)
Thu 15:46: INFO    : Running command: ln -sf "../scratch/Simple.h"
Thu 15:46: INFO    : Simple.h (BuildFileSlicH)
Thu 15:46: INFO    : Running command: ln -sf "../scratch/Simple.max"
Thu 15:46: INFO    : Simple.max (BuildFileMaxFile)
Thu 15:46: INFO    : Result files will be copied to '/home/demo/Desktop/Codes/tutorial-chap04-example2-simplekernel/RunRules/Simulation/maxfiles'
Thu 15:46: INFO    : Result 'Simple-SimpleKernel-original.pxg' is identical to '/home/demo/Desktop/Codes/tutorial-chap04-example2-simplekernel/RunRules/Simulation/maxfiles/Simple-SimpleKernel-original.pxg': not overwriting.
Thu 15:46: INFO    : Result 'Simple-SimpleKernel-final-simulation.pxg' is identical to '/home/demo/Desktop/Codes/tutorial-chap04-example2-simplekernel/RunRules/Simulation/maxfiles/Simple-SimpleKernel-final-simulation.pxg': not overwriting.
Thu 15:46: INFO    : Result 'Simple.h' is identical to '/home/demo/Desktop/Codes/tutorial-chap04-example2-simplekernel/RunRules/Simulation/maxfiles/Simple.h': not overwriting.
Thu 15:46: INFO    : Result 'Simple.max' is identical to '/home/demo/Desktop/Codes/tutorial-chap04-example2-simplekernel/RunRules/Simulation/maxfiles/Simple.max': not overwriting.
Thu 15:46: PROGRESS: MaxFile: /home/demo/Desktop/MaxCompiler-Builds/Simple_VECTIS_DFE_SIM/results/Simple.max (MD5Sum: 56912772e2b867f5ac36efc07eb713ce)
Thu 15:46: INFO    : Waiting for any outstanding jobs to finish... 
Thu 15:46: PROGRESS: Build completed: Thu Mar 05 15:46:31 PST 2015 (took 1 min, 8 secs)
