Thu 15:27: PROGRESS: MaxCompiler version: 2014.1.1 (simulation only)
Thu 15:27: PROGRESS: Build "BAW" start time: Thu Mar 12 15:27:25 PDT 2015
Thu 15:27: PROGRESS: Main build process running as user demo on host localhost.localdomain
Thu 15:27: INFO    : Loading build properties from bundled MaxCompiler_build.conf...
Thu 15:27: INFO    : No default external build property file has been specified.
Thu 15:27: INFO    : (Set environment variable MAXCOMPILER_DEFAULT_CONF_FILE to assign one)
Thu 15:27: INFO    : Loading user build properties from: /home/demo/.MaxCompiler_build_user.conf
Thu 15:27: INFO    : No user-specified external build property file has been specified.
Thu 15:27: INFO    : (Set environment variable MAXCOMPILER_BUILD_CONF_FILE to assign one)
Thu 15:27: INFO    : Loading additional parameters from MAXCOMPILER_BUILD_CONF environment variable
Thu 15:27: PROGRESS: Build location: /home/demo/Desktop/MaxCompiler-Builds/BAW_VECTIS_DFE_SIM
Thu 15:27: PROGRESS: Detailed build log available in "_build.log"
Thu 15:27: INFO    : Created build manager BAW (BAW_VECTIS_DFE_SIM Thu Mar 12 15:27:25 PDT 2015). (15:27:25 12/03/15)
Thu 15:27: INFO    : Working in dir: /home/demo/Desktop/MaxCompiler-Builds/BAW_VECTIS_DFE_SIM
Thu 15:27: INFO    : Java class path (2 paths):
Thu 15:27: INFO    : 	/home/demo/Desktop/work/BAW/EngineCode/bin
Thu 15:27: INFO    : 	/opt/maxeler/maxcompiler/lib/MaxCompiler.jar
Thu 15:27: INFO    : Java process started by 'main' method in class 'baw.BAWManager'.
Thu 15:27: INFO    : build.arbitrated_core_cache parameter is blank, not using core-cache
Thu 15:27: INFO    : Checking license files in directory: /opt/maxeler/maxcompiler/licenses
Thu 15:27: INFO    : All license signatures valid.
Thu 15:27: INFO    : Backing-up source-files (old source files in build directory will be removed first)...
Thu 15:27: INFO    : Source directories: /home/demo/Desktop/work/BAW/EngineCode/src:
Thu 15:27: INFO    : Deleting directory: src
Thu 15:27: INFO    : Copying source-files took 31.2202 ms
Thu 15:27: PROGRESS: Instantiating manager
Thu 15:27: INFO    : Deleting /home/demo/Desktop/MaxCompiler-Builds/BAW_VECTIS_DFE_SIM/scratch/BAWKernel_graph_warnings.txt
Thu 15:27: INFO    : Deleting /home/demo/Desktop/MaxCompiler-Builds/BAW_VECTIS_DFE_SIM/scratch/BAWKernel.graphs
Thu 15:27: PROGRESS: Instantiating kernel "BAWKernel"
Thu 15:27: WARNING : Floating-point casts ignore set rounding mode and use TONEAREVEN rounding only.
Thu 15:27: INFO    : Running command: java  com.maxeler.maxblox.funceval.RemezRunner FunctionLog2_0.0_1.0_3_128_28.remezInput
Thu 15:27: INFO    : Checking for file hash changes...
Thu 15:27: INFO    : No changes.
Thu 15:27: INFO    : Error requirement satisfied for job 
Thu 15:27: INFO    : Maximum approx error: 1.0334799625717955E-11
Thu 15:27: INFO    : Required approx error: 1.862645149230957E-9
Thu 15:27: INFO    : Error requirement satisifed for all jobs
Thu 15:27: INFO    : Running command: java  com.maxeler.maxblox.funceval.RemezRunner FunctionLog2_0.0_1.0_3_128_28.remezInput
Thu 15:27: INFO    : Checking for file hash changes...
Thu 15:27: INFO    : No changes.
Thu 15:27: INFO    : Error requirement satisfied for job 
Thu 15:27: INFO    : Maximum approx error: 1.0334799625717955E-11
Thu 15:27: INFO    : Required approx error: 1.862645149230957E-9
Thu 15:27: INFO    : Error requirement satisifed for all jobs
Thu 15:27: INFO    : Running command: java  com.maxeler.maxblox.funceval.RemezRunner FunctionLog2_0.0_1.0_3_128_28.remezInput
Thu 15:27: INFO    : Checking for file hash changes...
Thu 15:27: INFO    : No changes.
Thu 15:27: INFO    : Error requirement satisfied for job 
Thu 15:27: INFO    : Maximum approx error: 1.0334799625717955E-11
Thu 15:27: INFO    : Required approx error: 1.862645149230957E-9
Thu 15:27: INFO    : Error requirement satisifed for all jobs
Thu 15:27: INFO    : Running command: java  com.maxeler.maxblox.funceval.RemezRunner FunctionLog2_0.0_1.0_3_128_28.remezInput
Thu 15:27: INFO    : Checking for file hash changes...
Thu 15:27: INFO    : No changes.
Thu 15:27: INFO    : Error requirement satisfied for job 
Thu 15:27: INFO    : Maximum approx error: 1.0334799625717955E-11
Thu 15:27: INFO    : Required approx error: 1.862645149230957E-9
Thu 15:27: INFO    : Error requirement satisifed for all jobs
Thu 15:27: INFO    : Running command: java  com.maxeler.maxblox.funceval.RemezRunner FunctionLog2_0.0_1.0_3_128_28.remezInput
Thu 15:27: INFO    : Checking for file hash changes...
Thu 15:27: INFO    : No changes.
Thu 15:27: INFO    : Error requirement satisfied for job 
Thu 15:27: INFO    : Maximum approx error: 1.0334799625717955E-11
Thu 15:27: INFO    : Required approx error: 1.862645149230957E-9
Thu 15:27: INFO    : Error requirement satisifed for all jobs
Thu 15:27: INFO    : Running command: java  com.maxeler.maxblox.funceval.RemezRunner FunctionLog2_0.0_1.0_3_128_28.remezInput
Thu 15:27: INFO    : Checking for file hash changes...
Thu 15:27: INFO    : No changes.
Thu 15:27: INFO    : Error requirement satisfied for job 
Thu 15:27: INFO    : Maximum approx error: 1.0334799625717955E-11
Thu 15:27: INFO    : Required approx error: 1.862645149230957E-9
Thu 15:27: INFO    : Error requirement satisifed for all jobs
Thu 15:27: INFO    : Running command: java  com.maxeler.maxblox.funceval.RemezRunner FunctionLog2_0.0_1.0_3_128_28.remezInput
Thu 15:27: INFO    : Checking for file hash changes...
Thu 15:27: INFO    : No changes.
Thu 15:27: INFO    : Error requirement satisfied for job 
Thu 15:27: INFO    : Maximum approx error: 1.0334799625717955E-11
Thu 15:27: INFO    : Required approx error: 1.862645149230957E-9
Thu 15:27: INFO    : Error requirement satisifed for all jobs
Thu 15:27: INFO    : Running command: java  com.maxeler.maxblox.funceval.RemezRunner FunctionLog2_0.0_1.0_3_128_28.remezInput
Thu 15:27: INFO    : Checking for file hash changes...
Thu 15:27: INFO    : No changes.
Thu 15:27: INFO    : Error requirement satisfied for job 
Thu 15:27: INFO    : Maximum approx error: 1.0334799625717955E-11
Thu 15:27: INFO    : Required approx error: 1.862645149230957E-9
Thu 15:27: INFO    : Error requirement satisifed for all jobs
Thu 15:27: INFO    : Running command: java  com.maxeler.maxblox.funceval.RemezRunner FunctionLog2_0.0_1.0_3_128_28.remezInput
Thu 15:27: INFO    : Checking for file hash changes...
Thu 15:27: INFO    : No changes.
Thu 15:27: INFO    : Error requirement satisfied for job 
Thu 15:27: INFO    : Maximum approx error: 1.0334799625717955E-11
Thu 15:27: INFO    : Required approx error: 1.862645149230957E-9
Thu 15:27: INFO    : Error requirement satisifed for all jobs
Thu 15:27: INFO    : Running command: java  com.maxeler.maxblox.funceval.RemezRunner FunctionLog2_0.0_1.0_3_128_28.remezInput
Thu 15:27: INFO    : Checking for file hash changes...
Thu 15:27: INFO    : No changes.
Thu 15:27: INFO    : Error requirement satisfied for job 
Thu 15:27: INFO    : Maximum approx error: 1.0334799625717955E-11
Thu 15:27: INFO    : Required approx error: 1.862645149230957E-9
Thu 15:27: INFO    : Error requirement satisifed for all jobs
Thu 15:27: INFO    : Running command: java  com.maxeler.maxblox.funceval.RemezRunner FunctionLog2_0.0_1.0_3_128_28.remezInput
Thu 15:27: INFO    : Checking for file hash changes...
Thu 15:27: INFO    : No changes.
Thu 15:27: INFO    : Error requirement satisfied for job 
Thu 15:27: INFO    : Maximum approx error: 1.0334799625717955E-11
Thu 15:27: INFO    : Required approx error: 1.862645149230957E-9
Thu 15:27: INFO    : Error requirement satisifed for all jobs
Thu 15:27: INFO    : Running command: java  com.maxeler.maxblox.funceval.RemezRunner FunctionLog2_0.0_1.0_3_128_28.remezInput
Thu 15:27: INFO    : Checking for file hash changes...
Thu 15:27: INFO    : No changes.
Thu 15:27: INFO    : Error requirement satisfied for job 
Thu 15:27: INFO    : Maximum approx error: 1.0334799625717955E-11
Thu 15:27: INFO    : Required approx error: 1.862645149230957E-9
Thu 15:27: INFO    : Error requirement satisifed for all jobs
Thu 15:27: INFO    : Running command: java  com.maxeler.maxblox.funceval.RemezRunner FunctionLog2_0.0_1.0_3_128_28.remezInput
Thu 15:27: INFO    : Checking for file hash changes...
Thu 15:27: INFO    : No changes.
Thu 15:27: INFO    : Error requirement satisfied for job 
Thu 15:27: INFO    : Maximum approx error: 1.0334799625717955E-11
Thu 15:27: INFO    : Required approx error: 1.862645149230957E-9
Thu 15:27: INFO    : Error requirement satisifed for all jobs
Thu 15:27: INFO    : Running command: java  com.maxeler.maxblox.funceval.RemezRunner FunctionLog2_0.0_1.0_3_128_28.remezInput
Thu 15:27: INFO    : Checking for file hash changes...
Thu 15:27: INFO    : No changes.
Thu 15:27: INFO    : Error requirement satisfied for job 
Thu 15:27: INFO    : Maximum approx error: 1.0334799625717955E-11
Thu 15:27: INFO    : Required approx error: 1.862645149230957E-9
Thu 15:27: INFO    : Error requirement satisifed for all jobs
Thu 15:27: INFO    : Running command: java  com.maxeler.maxblox.funceval.RemezRunner FunctionLog2_0.0_1.0_3_128_28.remezInput
Thu 15:27: INFO    : Checking for file hash changes...
Thu 15:27: INFO    : No changes.
Thu 15:27: INFO    : Error requirement satisfied for job 
Thu 15:27: INFO    : Maximum approx error: 1.0334799625717955E-11
Thu 15:27: INFO    : Required approx error: 1.862645149230957E-9
Thu 15:27: INFO    : Error requirement satisifed for all jobs
Thu 15:27: PROGRESS: Compiling manager (CPU I/O Only)
Thu 15:27: INFO    : Manager Configuration:
Thu 15:27: INFO    : 	ManagerConfiguration.allowNonMultipleTransitions = false                                                         [Init: false]
Thu 15:27: INFO    : 	ManagerConfiguration.board = MAX3424A                                                                            [Init: null, init: MAX3424A]
Thu 15:27: INFO    : 	ManagerConfiguration.build.buildEffort = MEDIUM                                                                  [Init: MEDIUM]
Thu 15:27: INFO    : 	ManagerConfiguration.build.enableChipScopeInserter = false                                                       [Init: false]
Thu 15:27: INFO    : 	ManagerConfiguration.build.enableTimingAnalysis = true                                                           [Init: true]
Thu 15:27: INFO    : 	ManagerConfiguration.build.level = FULL_BUILD                                                                    [Init: FULL_BUILD]
Thu 15:27: INFO    : 	ManagerConfiguration.build.mpprContinueAfterMeetingTiming = false                                                [Init: false]
Thu 15:27: INFO    : 	ManagerConfiguration.build.mpprCtMax = 1                                                                         [Init: 1]
Thu 15:27: INFO    : 	ManagerConfiguration.build.mpprCtMin = 1                                                                         [Init: 1]
Thu 15:27: INFO    : 	ManagerConfiguration.build.mpprParallelism = 1                                                                   [Init: 1]
Thu 15:27: INFO    : 	ManagerConfiguration.build.mpprRetryMissesThrshld = 0                                                            [Init: 0]
Thu 15:27: INFO    : 	ManagerConfiguration.build.optGoal = BALANCED                                                                    [Init: BALANCED]
Thu 15:27: INFO    : 	ManagerConfiguration.build.physSynthAsyncPipelining = AUTO                                                       [Init: AUTO]
Thu 15:27: INFO    : 	ManagerConfiguration.build.physSynthCombLogic = AUTO                                                             [Init: AUTO]
Thu 15:27: INFO    : 	ManagerConfiguration.build.physSynthCombLogicForArea = AUTO                                                      [Init: AUTO]
Thu 15:27: INFO    : 	ManagerConfiguration.build.physSynthEffort = AUTO                                                                [Init: AUTO]
Thu 15:27: INFO    : 	ManagerConfiguration.build.physSynthRegDuplication = AUTO                                                        [Init: AUTO]
Thu 15:27: INFO    : 	ManagerConfiguration.build.physSynthRetiming = AUTO                                                              [Init: AUTO]
Thu 15:27: INFO    : 	ManagerConfiguration.build.physicalSynthesis = false                                                             [Init: false]
Thu 15:27: INFO    : 	ManagerConfiguration.buildTarget = DFE_SIM                                                                       [Init: null, init: DFE_SIM]
Thu 15:27: INFO    : 	ManagerConfiguration.debug.chipscopeCaptureDepth = 4096                                                          [Init: 4096]
Thu 15:27: INFO    : 	ManagerConfiguration.debug.fifoUnderOverFlowRegs = false                                                         [Init: false]
Thu 15:27: INFO    : 	ManagerConfiguration.debug.memCtlDebugRegs = true                                                                [Init: true]
Thu 15:27: INFO    : 	ManagerConfiguration.debug.memCtlExtraDebugRegs = false                                                          [Init: false]
Thu 15:27: INFO    : 	ManagerConfiguration.debug.memMarginingSupport = false                                                           [Init: false]
Thu 15:27: INFO    : 	ManagerConfiguration.debug.memPhyDebugRegister = NONE                                                            [Init: NONE]
Thu 15:27: INFO    : 	ManagerConfiguration.debug.memPllLockDebugRegs = true                                                            [Init: true]
Thu 15:27: INFO    : 	ManagerConfiguration.debug.streamStatus = false                                                                  [Init: false]
Thu 15:27: INFO    : 	ManagerConfiguration.debug.streamStatusChecksums = false                                                         [Init: false]
Thu 15:27: INFO    : 	ManagerConfiguration.dram.addressGeneratorsInSlowClock = false                                                   [Init: false]
Thu 15:27: INFO    : 	ManagerConfiguration.dram.arbitrationMode = ROUND_ROBIN                                                          [Init: ROUND_ROBIN]
Thu 15:27: INFO    : 	ManagerConfiguration.dram.burstSize = 8                                                                          [Init: 8]
Thu 15:27: INFO    : 	ManagerConfiguration.dram.cmdFifoInReg = false                                                                   [Init: false]
Thu 15:27: INFO    : 	ManagerConfiguration.dram.cmdFifoLutRam = false                                                                  [Init: false]
Thu 15:27: INFO    : 	ManagerConfiguration.dram.cmdFifoRegInRam = true                                                                 [Init: true]
Thu 15:27: INFO    : 	ManagerConfiguration.dram.cmdFifoSize = 31                                                                       [Init: 31]
Thu 15:27: INFO    : 	ManagerConfiguration.dram.commandEchoModeEnabled = false                                                         [Init: false]
Thu 15:27: INFO    : 	ManagerConfiguration.dram.commandEchoModeFifoDepth = 512                                                         [Init: 512]
Thu 15:27: INFO    : 	ManagerConfiguration.dram.commandEchoModeStreamAlmostEmptyLatency = 792                                          [Init: 792]
Thu 15:27: INFO    : 	ManagerConfiguration.dram.commandEchoModeStreamAlmostEmptyLatency = 8                                            [Init: 8]
Thu 15:27: INFO    : 	ManagerConfiguration.dram.commandEchoModeStreamStallLatency = 8                                                  [Init: 8]
Thu 15:27: INFO    : 	ManagerConfiguration.dram.dataFifoDepth = 512                                                                    [Init: 512]
Thu 15:27: INFO    : 	ManagerConfiguration.dram.dataFifoLutRam = false                                                                 [Init: false]
Thu 15:27: INFO    : 	ManagerConfiguration.dram.dataFifoWidth = 792                                                                    [Init: 792]
Thu 15:27: INFO    : 	ManagerConfiguration.dram.eccMode = false                                                                        [Init: false]
Thu 15:27: INFO    : 	ManagerConfiguration.dram.fabricDataFifoReg = true                                                               [Init: true]
Thu 15:27: INFO    : 	ManagerConfiguration.dram.fabricRdDataFifoReg = false                                                            [Init: false]
Thu 15:27: INFO    : 	ManagerConfiguration.dram.flagSupport = false                                                                    [Init: false]
Thu 15:27: INFO    : 	ManagerConfiguration.dram.highPrioStream = false                                                                 [Init: false]
Thu 15:27: INFO    : 	ManagerConfiguration.dram.max2CompatMode = false                                                                 [Init: false]
Thu 15:27: INFO    : 	ManagerConfiguration.dram.max4m_MAIA_MCP_UseRefClk = false                                                       [Init: false]
Thu 15:27: INFO    : 	ManagerConfiguration.dram.max4qrateMode = false                                                                  [Init: false]
Thu 15:27: INFO    : 	ManagerConfiguration.dram.memCmdIncSize = 8                                                                      [Init: 8]
Thu 15:27: INFO    : 	ManagerConfiguration.dram.memCmdStartAddrSize = 32                                                               [Init: 32]
Thu 15:27: INFO    : 	ManagerConfiguration.dram.onCardMemFreq = 303.0                                                                  [Init: 0.0, change: 303.0]
Thu 15:27: INFO    : 	ManagerConfiguration.dram.parEccDebugStream = false                                                              [Init: false]
Thu 15:27: INFO    : 	ManagerConfiguration.dram.parityEccWidth = 0                                                                     [Init: 0]
Thu 15:27: INFO    : 	ManagerConfiguration.dram.parityMode = false                                                                     [Init: false]
Thu 15:27: INFO    : 	ManagerConfiguration.dram.perdqsPhaseDetect = false                                                              [Init: false]
Thu 15:27: INFO    : 	ManagerConfiguration.dram.performanceMode = true                                                                 [Init: true]
Thu 15:27: INFO    : 	ManagerConfiguration.enableMPCX = false                                                                          [Init: false, init: false]
Thu 15:27: INFO    : 	ManagerConfiguration.maxring.maxringConnections = []                                                             [Init: []]
Thu 15:27: INFO    : 	ManagerConfiguration.maxring.maxringNumLanes = {MAXRING_A=2, MAXRING_LITE_A=1, MAXRING_LITE_B=1, MAXRING_B=2}    [Init: {}]
Thu 15:27: INFO    : 	ManagerConfiguration.multiCycleMappedMemoryBus = false                                                           [Init: false]
Thu 15:27: INFO    : 	ManagerConfiguration.network.qsfpBotMode = QSFP_OFF                                                              [Init: QSFP_OFF]
Thu 15:27: INFO    : 	ManagerConfiguration.network.qsfpMidMode = QSFP_OFF                                                              [Init: QSFP_OFF]
Thu 15:27: INFO    : 	ManagerConfiguration.network.qsfpTopMode = QSFP_OFF                                                              [Init: QSFP_OFF]
Thu 15:27: INFO    : 	ManagerConfiguration.pcie.numPCIeLanes = 0                                                                       [Init: 0]
Thu 15:27: INFO    : 	ManagerConfiguration.pcie.pcieFastClock = false                                                                  [Init: false]
Thu 15:27: INFO    : 	ManagerConfiguration.pcie.streamFromHostMaxNum = 8                                                               [Init: 0, change: 8]
Thu 15:27: INFO    : 	ManagerConfiguration.pcie.streamToHostMaxNum = 8                                                                 [Init: 0, change: 8]
Thu 15:27: INFO    : 	ManagerConfiguration.persona.boardModel = MAX3424A                                                               [Init: null, change: MAX3424A]
Thu 15:27: INFO    : 	ManagerConfiguration.persona.ddr3Enable = false                                                                  [Init: false]
Thu 15:27: INFO    : 	ManagerConfiguration.persona.ddr3Frq = 303.0                                                                     [Init: 400.0, change: 303.0]
Thu 15:27: INFO    : 	ManagerConfiguration.persona.ddr3Qmode = false                                                                   [Init: false]
Thu 15:27: INFO    : 	ManagerConfiguration.persona.disableMultiplePersona = true                                                       [Init: true]
Thu 15:27: INFO    : 	ManagerConfiguration.persona.dynamic_scaling = false                                                             [Init: false]
Thu 15:27: INFO    : 	ManagerConfiguration.persona.maxRingLocal = false                                                                [Init: false]
Thu 15:27: INFO    : 	ManagerConfiguration.persona.maxRingOptical = false                                                              [Init: false]
Thu 15:27: INFO    : 	ManagerConfiguration.persona.maxringDataRate = 2500.0                                                            [Init: 2500.0]
Thu 15:27: INFO    : 	ManagerConfiguration.persona.maxringOpticalDataRate = 10000.0                                                    [Init: 10000.0]
Thu 15:27: INFO    : 	ManagerConfiguration.persona.mode = InitMode                                                                     [Init: InitMode]
Thu 15:27: INFO    : 	ManagerConfiguration.persona.networkPTP = OFF                                                                    [Init: OFF]
Thu 15:27: INFO    : 	ManagerConfiguration.persona.networkQSFP_BOT = QSFP_OFF                                                          [Init: QSFP_OFF]
Thu 15:27: INFO    : 	ManagerConfiguration.persona.networkQSFP_MID = QSFP_OFF                                                          [Init: QSFP_OFF]
Thu 15:27: INFO    : 	ManagerConfiguration.persona.networkQSFP_TOP = QSFP_OFF                                                          [Init: QSFP_OFF]
Thu 15:27: INFO    : 	ManagerConfiguration.persona.panMaxRingA = false                                                                 [Init: false]
Thu 15:27: INFO    : 	ManagerConfiguration.persona.panMaxRingB = false                                                                 [Init: false]
Thu 15:27: INFO    : 	ManagerConfiguration.persona.personaInterfaceVersion = 1                                                         [Init: 1]
Thu 15:27: INFO    : 	ManagerConfiguration.persona.qdr2Enable = false                                                                  [Init: false]
Thu 15:27: INFO    : 	ManagerConfiguration.persona.qdr2Frq = 550.0                                                                     [Init: 550.0]
Thu 15:27: INFO    : 	ManagerConfiguration.persona.streamClks = 1                                                                      [Init: 1]
Thu 15:27: INFO    : 	ManagerConfiguration.persona.streamFrq = [100.0]                                                                 [Init: [150.0], change: [100.0]]
Thu 15:27: INFO    : 	ManagerConfiguration.persona.streamPs = [0]                                                                      [Init: [0]]
Thu 15:27: INFO    : 	ManagerConfiguration.persona.usePCIeGen1 = false                                                                 [Init: false]
Thu 15:27: INFO    : 	ManagerConfiguration.simulation.nativeFloatingPoint = false                                                      [Init: false]
Thu 15:27: INFO    : 	ManagerConfiguration.streamClockFrq = 100                                                                        [Init: 100]
Thu 15:27: INFO    : 	ManagerConfiguration.useLegacyStreamFIFOs = false                                                                [Init: false]
Thu 15:27: INFO    : 
Thu 15:27: INFO    :  -- 
Thu 15:27: PROGRESS: 
Thu 15:27: PROGRESS: Compiling kernel "BAWKernel"
Thu 15:27: INFO    : Configuration:
Thu 15:27: INFO    : 	KernelConfiguration.additionalInputPipelining = 64                                          [Init: 64]
Thu 15:27: INFO    : 	KernelConfiguration.allowDSPCascading = true                                                [Init: true]
Thu 15:27: INFO    : 	KernelConfiguration.allowInputsOutputsBeforeFlushNode = false                               [Init: false]
Thu 15:27: INFO    : 	KernelConfiguration.allowZeroLatencyNodeHold = false                                        [Init: false]
Thu 15:27: INFO    : 	KernelConfiguration.board = MAX3424A                                                        [Init: MAX2116B, change: MAX3424A]
Thu 15:27: INFO    : 	KernelConfiguration.bramBitsThreshold = 2080                                                [Init: 2080]
Thu 15:27: INFO    : 	KernelConfiguration.buildTarget = MAXCOMPILERSIM_HOST_DRIVEN                                [Init: NONE, change: MAXCOMPILERSIM_HOST_DRIVEN]
Thu 15:27: INFO    : 	KernelConfiguration.cePipelining = 2                                                        [Init: 2]
Thu 15:27: INFO    : 	KernelConfiguration.clockPhaseBalanceThreshold = 0.1                                        [Init: 0.1]
Thu 15:27: INFO    : 	KernelConfiguration.clockPhasingRetries = 50                                                [Init: 50]
Thu 15:27: INFO    : 	KernelConfiguration.dumpNeighboursString =                                                  [Init: ]
Thu 15:27: INFO    : 	KernelConfiguration.enableCeReplication = true                                              [Init: true]
Thu 15:27: INFO    : 	KernelConfiguration.enableClockPhasePartitioning = false                                    [Init: false]
Thu 15:27: INFO    : 	KernelConfiguration.enableDebugIOControlRegs = true                                         [Init: true]
Thu 15:27: INFO    : 	KernelConfiguration.enableDummyBuild = false                                                [Init: false]
Thu 15:27: INFO    : 	KernelConfiguration.enableKernelProfiler = false                                            [Init: false]
Thu 15:27: INFO    : 	KernelConfiguration.enablePipelinedComputeController = false                                [Init: false]
Thu 15:27: INFO    : 	KernelConfiguration.enableShadowRegister = false                                            [Init: false]
Thu 15:27: INFO    : 	KernelConfiguration.enableSmartKernelControl = false                                        [Init: false]
Thu 15:27: INFO    : 	KernelConfiguration.fifoSrlRegisterStages = 1                                               [Init: 1]
Thu 15:27: INFO    : 	KernelConfiguration.flushOnInputDataCongtiguous = false                                     [Init: false]
Thu 15:27: INFO    : 	KernelConfiguration.hardwareDebugDepth = 512                                                [Init: 512]
Thu 15:27: INFO    : 	KernelConfiguration.hwHierarchyMode = UNSET                                                 [Init: UNSET]
Thu 15:27: INFO    : 	KernelConfiguration.latencyAnnotation = false                                               [Init: false]
Thu 15:27: INFO    : 	KernelConfiguration.latencyAnnotationIOs =                                                  [Init: null]
Thu 15:27: INFO    : 	KernelConfiguration.maxCoalescedFifoWidth = 2147483647                                      [Init: 2147483647]
Thu 15:27: INFO    : 	KernelConfiguration.maxPreAdderFanOut = 1                                                   [Init: 1]
Thu 15:27: INFO    : 	KernelConfiguration.netlistMode = false                                                     [Init: false]
Thu 15:27: INFO    : 	KernelConfiguration.numPhotonStateMachines = 1                                              [Init: 1]
Thu 15:27: INFO    : 	KernelConfiguration.optimizations.ceCounterRegisterDuplication = 1                          [Init: 1]
Thu 15:27: INFO    : 	KernelConfiguration.optimizations.conditionalArithmetic = false                             [Init: true, Init after BuildTarget change: false]
Thu 15:27: INFO    : 	KernelConfiguration.optimizations.counterChainWrapPipelining = 0                            [Init: 0]
Thu 15:27: INFO    : 	KernelConfiguration.optimizations.dspAddChain = OPTIMISE_IGNORE_PREADDER                    [Init: null, Init after BuildTarget change: OPTIMISE_IGNORE_PREADDER]
Thu 15:27: INFO    : 	KernelConfiguration.optimizations.enableActiveFanoutReduction = false                       [Init: false]
Thu 15:27: INFO    : 	KernelConfiguration.optimizations.enableBUFGCE = false                                      [Init: false]
Thu 15:27: INFO    : 	KernelConfiguration.optimizations.enableBetterInputRegistering = false                      [Init: false]
Thu 15:27: INFO    : 	KernelConfiguration.optimizations.enableBetterRegistering = false                           [Init: false]
Thu 15:27: INFO    : 	KernelConfiguration.optimizations.enableFIFOCoalescingAcrossPlacementConstraints = false    [Init: false]
Thu 15:27: INFO    : 	KernelConfiguration.optimizations.enableFifoCoalescing = true                               [Init: true]
Thu 15:27: INFO    : 	KernelConfiguration.optimizations.enableFullPrecisionBinaryOpConstants = false              [Init: false]
Thu 15:27: INFO    : 	KernelConfiguration.optimizations.enableIntegratedRounding = false                          [Init: false]
Thu 15:27: INFO    : 	KernelConfiguration.optimizations.enableMappedMemoryHostReadBack = true                     [Init: true]
Thu 15:27: INFO    : 	KernelConfiguration.optimizations.enableMultiCycleReset = false                             [Init: false]
Thu 15:27: INFO    : 	KernelConfiguration.optimizations.enablePowerTwoFloatMult = true                            [Init: true]
Thu 15:27: INFO    : 	KernelConfiguration.optimizations.enableRedundantNodeDeletion = true                        [Init: true]
Thu 15:27: INFO    : 	KernelConfiguration.optimizations.enableStateMachineRegisterMerging = true                  [Init: true]
Thu 15:27: INFO    : 	KernelConfiguration.optimizations.inputFlushDistanceFactor = 0                              [Init: 0]
Thu 15:27: INFO    : 	KernelConfiguration.optimizations.minimumStaticFIFOSplitDepth = 1                           [Init: 1]
Thu 15:27: INFO    : 	KernelConfiguration.optimizations.optimizationTechnique = DEFAULT                           [Init: DEFAULT]
Thu 15:27: INFO    : 	KernelConfiguration.optimizations.triAdd = false                                            [Init: true, Init after BuildTarget change: false]
Thu 15:27: INFO    : 	KernelConfiguration.partialReconfBlockName =                                                [Init: ]
Thu 15:27: INFO    : 	KernelConfiguration.partialReconfMode = false                                               [Init: false]
Thu 15:27: INFO    : 	KernelConfiguration.partialReconfTemplate = false                                           [Init: false]
Thu 15:27: INFO    : 	KernelConfiguration.replicateNodeCeLog2NumPartitions = 0                                    [Init: 0]
Thu 15:27: INFO    : 	KernelConfiguration.romBRAMBitsThreshold = 2080                                             [Init: 2080]
Thu 15:27: INFO    : 	KernelConfiguration.simulation.ramAddressCollisionBehaviour = EXCEPTION                     [Init: EXCEPTION]
Thu 15:27: INFO    : 	KernelConfiguration.simulation.ramOutOfBoundsAccessBehaviour = EXCEPTION                    [Init: EXCEPTION]
Thu 15:27: INFO    : 	KernelConfiguration.simulation.simProgressMessageFrequency = 0                              [Init: 0]
Thu 15:27: INFO    : 
Thu 15:27: INFO    :  -- 
Thu 15:27: WARNING : Warning (UNCONNECTED_DESIGN_ELEMENT):
Thu 15:27: WARNING : Unconnected elements in design 'BAWKernel'
Thu 15:27: WARNING : details in : /home/demo/Desktop/MaxCompiler-Builds/BAW_VECTIS_DFE_SIM/scratch/BAWKernel_graph_warnings.txt
Thu 15:27: INFO    : Writing current graph to: BAW-BAWKernel-original.pxg
Thu 15:27: INFO    : Running kernel graph-pass 'GeneratePXG'.
Thu 15:27: INFO    : Graph-pass 'GeneratePXG' took 8.41203 s (1 iterations)
Thu 15:27: INFO    : Running kernel graph-pass 'MarkConstantPass'.
Thu 15:27: INFO    : Graph-pass 'MarkConstantPass' took 79.9830 ms (1 iterations)
Thu 15:27: INFO    : Running kernel graph-pass 'ReachabilityPass'.
Thu 15:27: INFO    : Graph-pass 'ReachabilityPass' took 246.984 ms (1 iterations)
Thu 15:27: INFO    : Running kernel graph-pass 'FindInputsLeadingToFlush'.
Thu 15:27: INFO    : Graph-pass 'FindInputsLeadingToFlush' took 1.06183 ms (1 iterations)
Thu 15:27: INFO    : Running kernel graph-pass 'CheckForStatefulToFlushViolations'.
Thu 15:27: INFO    : Graph-pass 'CheckForStatefulToFlushViolations' took 1.75317 ms (1 iterations)
Thu 15:27: INFO    : Running kernel graph-pass 'CheckForInputToFlushViolations'.
Thu 15:27: INFO    : Graph-pass 'CheckForInputToFlushViolations' took 64.9882 ms (1 iterations)
Thu 15:27: INFO    : Deleting directory: neighbours
Thu 15:27: INFO    : Running Photon pre-schedule graph optimisations
Thu 15:27: INFO    : Running kernel graph-pass 'AlignOrEradicatePrintfs'.
Thu 15:27: INFO    : Graph-pass 'AlignOrEradicatePrintfs' took 24.0035 ms (1 iterations)
Thu 15:27: INFO    : Running kernel graph-pass 'FoldConstantsPass'.
Thu 15:27: INFO    : Graph-pass 'FoldConstantsPass' took 606.106 ms (2 iterations)
Thu 15:27: INFO    : Running kernel graph-pass 'OptimiseNodesPass'.
Thu 15:27: INFO    : Graph-pass 'OptimiseNodesPass' took 626.098 ms (2 iterations)
Thu 15:27: INFO    : Running kernel graph-pass 'DeleteRedundantNodes'.
Thu 15:27: INFO    : Graph-pass 'DeleteRedundantNodes' took 11.8958 ms (1 iterations)
Thu 15:27: INFO    : Running kernel graph-pass 'DSPMultiplyAddExtractionPass'.
Thu 15:27: INFO    : Optimized 0 sub-graphs into DSP multiply/add chains (Virtex5 mode).
Thu 15:27: INFO    : Graph-pass 'DSPMultiplyAddExtractionPass' took 1.03375 s (1 iterations)
Thu 15:27: INFO    : Running kernel graph-pass 'PO2FPMultOptimiser'.
Thu 15:27: INFO    : Graph-pass 'PO2FPMultOptimiser' took 759.977 ms (2 iterations)
Thu 15:27: INFO    : Running Photon simulation preparation
Thu 15:27: INFO    : Running kernel graph-pass 'PrepareSimulationPass'.
Thu 15:27: INFO    : Graph-pass 'PrepareSimulationPass' took 5.89757 ms (1 iterations)
Thu 15:27: INFO    : Logging Photon stats to: BAWKernel_photon_stats.csv
Thu 15:27: INFO    : Deleting /home/demo/Desktop/MaxCompiler-Builds/BAW_VECTIS_DFE_SIM/scratch/BAWKernel_photon_stats.csv
Thu 15:27: INFO    : Running kernel graph-pass 'StatsPass'.
Thu 15:27: INFO    : Graph-pass 'StatsPass' took 74.3599 ms (1 iterations)
Thu 15:27: INFO    : Running kernel graph-pass 'CollectNumericExceptions'.
Thu 15:27: INFO    : Graph-pass 'CollectNumericExceptions' took 1.58738 ms (1 iterations)
Thu 15:27: INFO    : Running kernel graph-pass 'StreamOffsetDivExpand'.
Thu 15:27: INFO    : Graph-pass 'StreamOffsetDivExpand' took 5.08760 ms (1 iterations)
Thu 15:27: INFO    : Running kernel graph-pass 'FindIllegalLoops'.
Thu 15:27: INFO    : Graph-pass 'FindIllegalLoops' took 250.182 ms (1 iterations)
Thu 15:27: INFO    : Running kernel graph-pass 'MarkConstantPass'.
Thu 15:27: INFO    : Graph-pass 'MarkConstantPass' took 64.4635 ms (1 iterations)
Thu 15:27: INFO    : Running kernel graph-pass 'ScheduleVariables'.
Thu 15:27: INFO    : Graph-pass 'ScheduleVariables' took 12.1779 ms (1 iterations)
Thu 15:27: INFO    : Running kernel graph-pass 'SubstituteEqPlaceholders'.
Thu 15:27: INFO    : Graph-pass 'SubstituteEqPlaceholders' took 1.15075 ms (1 iterations)
Thu 15:27: INFO    : Running kernel graph-pass 'ScheduleApplier'.
Thu 15:27: INFO    : Graph-pass 'ScheduleApplier' took 8.53110 ms (1 iterations)
Thu 15:27: INFO    : Running kernel graph-pass 'MarkConstantPass'.
Thu 15:27: INFO    : Graph-pass 'MarkConstantPass' took 2.53565 ms (1 iterations)
Thu 15:27: INFO    : Running kernel graph-pass 'ScheduleDumper'.
Thu 15:27: INFO    : Graph-pass 'ScheduleDumper' took 10.5745 ms (1 iterations)
Thu 15:27: INFO    : Running Photon post-schedule graph optimisations (pass 1)
Thu 15:27: INFO    : Running kernel graph-pass 'TapFIFOsPass'.
Thu 15:27: INFO    : Graph-pass 'TapFIFOsPass' took 69.2426 ms (1 iterations)
Thu 15:27: INFO    : Running kernel graph-pass 'FoldFIFOsPass'.
Thu 15:27: INFO    : Graph-pass 'FoldFIFOsPass' took 12.7924 ms (1 iterations)
Thu 15:27: INFO    : Running kernel graph-pass 'MarkConstantPass'.
Thu 15:27: INFO    : Graph-pass 'MarkConstantPass' took 2.04244 ms (1 iterations)
Thu 15:27: INFO    : Running kernel graph-pass 'ValidateFIFOs'.
Thu 15:27: INFO    : Graph-pass 'ValidateFIFOs' took 643.461 µs (1 iterations)
Thu 15:27: INFO    : Running kernel graph-pass 'MarkConstantPass'.
Thu 15:27: INFO    : Graph-pass 'MarkConstantPass' took 2.27260 ms (1 iterations)
Thu 15:27: INFO    : Running kernel graph-pass 'ScheduleDumper'.
Thu 15:27: INFO    : Graph-pass 'ScheduleDumper' took 1.58265 ms (1 iterations)
Thu 15:27: INFO    : Running kernel graph-pass 'MarkConstantPass'.
Thu 15:27: INFO    : Graph-pass 'MarkConstantPass' took 2.10115 ms (1 iterations)
Thu 15:27: INFO    : Running kernel graph-pass 'ScheduleConstants'.
Thu 15:27: INFO    : Running command: cbc "BAWKernel_schedule_C.mps.gz" -solve  -printi csv -solu "BAWKernel_schedule_C.csv" > "BAWKernel_schedule_C.stdout.log"
Thu 15:27: INFO    : Checking for file hash changes...
Thu 15:27: INFO    : No changes.
Thu 15:27: INFO    : Optimum found: 0
Thu 15:27: INFO    : Graph-pass 'ScheduleConstants' took 280.865 ms (1 iterations)
Thu 15:27: INFO    : Running kernel graph-pass 'MarkConstantPass'.
Thu 15:27: INFO    : Graph-pass 'MarkConstantPass' took 2.21953 ms (1 iterations)
Thu 15:27: INFO    : Running kernel graph-pass 'ScheduleDumper'.
Thu 15:27: INFO    : Graph-pass 'ScheduleDumper' took 5.33766 ms (1 iterations)
Thu 15:27: INFO    : Running kernel graph-pass 'SubstituteEqPlaceholders'.
Thu 15:27: INFO    : Graph-pass 'SubstituteEqPlaceholders' took 1.11540 ms (1 iterations)
Thu 15:27: INFO    : Running kernel graph-pass 'RemoveDistMeasurementNodes'.
Thu 15:27: INFO    : Graph-pass 'RemoveDistMeasurementNodes' took 36.9670 µs (1 iterations)
Thu 15:27: INFO    : Running kernel graph-pass 'ScheduleApplier'.
Thu 15:27: INFO    : Graph-pass 'ScheduleApplier' took 5.38350 ms (1 iterations)
Thu 15:27: INFO    : Maximum stream latency for kernel 'BAWKernel': 5
Thu 15:27: INFO    : Using user logic for flush.
Thu 15:27: INFO    : Running Photon post-schedule graph optimisations (pass 2)
Thu 15:27: INFO    : Running kernel graph-pass 'TapFIFOsPass'.
Thu 15:27: INFO    : Graph-pass 'TapFIFOsPass' took 30.9621 ms (1 iterations)
Thu 15:27: INFO    : Running kernel graph-pass 'FoldFIFOsPass'.
Thu 15:27: INFO    : Graph-pass 'FoldFIFOsPass' took 6.29287 ms (1 iterations)
Thu 15:27: INFO    : Running kernel graph-pass 'MarkConstantPass'.
Thu 15:27: INFO    : Graph-pass 'MarkConstantPass' took 2.19742 ms (1 iterations)
Thu 15:27: INFO    : Running kernel graph-pass 'ScheduleAsserter'.
Thu 15:27: INFO    : Graph-pass 'ScheduleAsserter' took 1.03827 ms (1 iterations)
Thu 15:27: INFO    : Running kernel graph-pass 'ReplaceEvalStreamOffsetNodes'.
Thu 15:27: INFO    : Graph-pass 'ReplaceEvalStreamOffsetNodes' took 898.833 µs (1 iterations)
Thu 15:27: INFO    : Running kernel graph-pass 'FIFOReport'.
Thu 15:27: INFO    : Graph-pass 'FIFOReport' took 3.95389 ms (1 iterations)
Thu 15:27: INFO    : Running kernel graph-pass 'StatsPass'.
Thu 15:27: INFO    : Graph-pass 'StatsPass' took 37.3663 ms (1 iterations)
Thu 15:27: INFO    : Running kernel graph-pass 'RemoveUntypedConstants'.
Thu 15:27: WARNING : Warning (CONSTANT_ENCODING):
Thu 15:27: WARNING : Precision loss occurred in some constant values.
Thu 15:27: WARNING : For details see /home/demo/Desktop/MaxCompiler-Builds/BAW_VECTIS_DFE_SIM/scratch/BAWKernel_constants_report.txt
Thu 15:27: INFO    : Graph-pass 'RemoveUntypedConstants' took 882.934 ms (1 iterations)
Thu 15:27: INFO    : Running kernel graph-pass 'VariableSizeMappedRegInserter'.
Thu 15:27: INFO    : Graph-pass 'VariableSizeMappedRegInserter' took 711.944 µs (1 iterations)
Thu 15:27: INFO    : Running kernel graph-pass 'MarkConstantPass'.
Thu 15:27: INFO    : Graph-pass 'MarkConstantPass' took 6.94371 ms (1 iterations)
Thu 15:27: INFO    : Running kernel graph-pass 'MakeMaxFileNodeData'.
Thu 15:27: INFO    : Graph-pass 'MakeMaxFileNodeData' took 346.843 ms (1 iterations)
Thu 15:27: INFO    : Running kernel graph-pass 'MoveFanoutRegsForwards'.
Thu 15:27: INFO    : Graph-pass 'MoveFanoutRegsForwards' took 843.542 µs (1 iterations)
Thu 15:27: INFO    : Optimization report for Kernel 'BAWKernel'.
Thu 15:27: INFO    : Enabled optimizations:
Thu 15:27: INFO    : 	DSP-Multiplication
Thu 15:27: INFO    : 	Power-of-2 Floating Point
Thu 15:27: INFO    : Creating a preliminary MaxCompilerDesignData.dat. (@ CoreCompile BAWKernel)
Thu 15:27: INFO    : Deleting /home/demo/Desktop/MaxCompiler-Builds/BAW_VECTIS_DFE_SIM/scratch/MaxCompilerDesignData.dat
Thu 15:27: INFO    : Total compilation of 'BAWKernel' took 24.4511 s.
Thu 15:27: INFO    : Running kernel graph-pass 'MarkConstantPass'.
Thu 15:27: INFO    : Graph-pass 'MarkConstantPass' took 2.40156 ms (1 iterations)
Thu 15:27: INFO    : Running kernel graph-pass 'MaxConstantLatency'.
Thu 15:27: INFO    : Graph-pass 'MaxConstantLatency' took 183.312 ms (1 iterations)
Thu 15:27: INFO    : Running kernel graph-pass 'SimCodeGraphPass'.
Thu 15:27: INFO    : Graph-pass 'SimCodeGraphPass' took 1.50434 s (1 iterations)
Thu 15:28: INFO    : Writing current graph to: BAW-BAWKernel-final-simulation.pxg
Thu 15:28: INFO    : Running kernel graph-pass 'GeneratePXG'.
Thu 15:28: INFO    : Graph-pass 'GeneratePXG' took 2.76205 s (1 iterations)
Thu 15:28: INFO    : Deleting /home/demo/Desktop/MaxCompiler-Builds/BAW_VECTIS_DFE_SIM/scratch/Manager_BAW.graphs
Thu 15:28: INFO    : Running manager compiler graph-pass: GenerateMXGInfo
Thu 15:28: INFO    : Running manager compiler graph-pass: ScheduleStallLatency
Thu 15:28: INFO    : Running manager compiler graph-pass: ClockWidthAssignment
Thu 15:28: INFO    : Running manager compiler graph-pass: InsertDualAspectLogic
Thu 15:28: INFO    : Running manager compiler graph-pass: ClockWidthAssignment
Thu 15:28: INFO    : Running manager compiler graph-pass: InsertPullPushAdapter
Thu 15:28: INFO    : Running manager compiler graph-pass: ClockWidthAssignment
Thu 15:28: INFO    : Running manager compiler graph-pass: InsertStreamFifos
Thu 15:28: INFO    : Running manager compiler graph-pass: ClockWidthAssignment
Thu 15:28: INFO    : Running manager compiler graph-pass: InsertStreamStatus
Thu 15:28: INFO    : Running manager compiler graph-pass: InsertChipscope
Thu 15:28: INFO    : Inserted 0 chipscope manager nodes.
Thu 15:28: INFO    : Running manager compiler graph-pass: ClockWidthAssignment
Thu 15:28: INFO    : Running manager compiler graph-pass: ReportClockAssignments
Thu 15:28: INFO    : Running manager compiler graph-pass: BuildSoftwareSim
Thu 15:28: INFO    : Mapped register report:
Thu 15:28: INFO    : 	0	S	4bytes
Thu 15:28: INFO    : 	4	K	4bytes
Thu 15:28: INFO    : 	8	r	4bytes
Thu 15:28: INFO    : 	c	q	4bytes
Thu 15:28: INFO    : 	10	sigma	4bytes
Thu 15:28: INFO    : 	14	time	4bytes
Thu 15:28: INFO    : 	18	io_option_price_force_disabled	1bytes
Thu 15:28: INFO    : 	19	run_cycle_count	6bytes
Thu 15:28: INFO    : 	1f	current_run_cycle_count	6bytes
Thu 15:28: INFO    : 	25	dbg_ctld_almost_empty	1bytes
Thu 15:28: INFO    : 	26	dbg_ctld_done	1bytes
Thu 15:28: INFO    : 	27	dbg_ctld_empty	1bytes
Thu 15:28: INFO    : 	28	dbg_ctld_read	1bytes
Thu 15:28: INFO    : 	29	dbg_ctld_read_pipe_dbg	1bytes
Thu 15:28: INFO    : 	2a	dbg_ctld_request	1bytes
Thu 15:28: INFO    : 	2b	dbg_done_out	1bytes
Thu 15:28: INFO    : 	2c	dbg_fill_level	1bytes
Thu 15:28: INFO    : 	2d	dbg_flush_level	1bytes
Thu 15:28: INFO    : 	2e	dbg_flush_start	1bytes
Thu 15:28: INFO    : 	2f	dbg_flush_start_level	1bytes
Thu 15:28: INFO    : 	30	dbg_flushing	1bytes
Thu 15:28: INFO    : 	31	dbg_full_level	1bytes
Thu 15:28: INFO    : 	32	dbg_out_stall	1bytes
Thu 15:28: INFO    : 	33	dbg_out_valid	1bytes
Thu 15:28: INFO    : 	34	dbg_stall_vector	1bytes
Thu 15:28: INFO    : 	35	ifpga_ctrl	1bytes
Thu 15:28: INFO    : 	36	SFA_FORWARD_EN	4bytes
Thu 15:28: INFO    : Mapped register chain length = 58
Thu 15:28: INFO    : Mapped register efficiency = 0.76 (353 / 464 bits)
Thu 15:28: INFO    : Mapped memory report:
Thu 15:28: INFO    : 	No mapped memories in this design.
Thu 15:28: INFO    : Running manager compiler graph-pass: GenerateMXGInfo
Thu 15:28: INFO    : Running manager compiler graph-pass: GenerateSlicHostCode
Thu 15:28: INFO    : Generating SLIC interface information
Thu 15:28: INFO    : Generating SLIC code for interface 'default'
Thu 15:28: INFO    : Skipping blacklisted scalar parameter 'BAWKernel.current_run_cycle_count'
Thu 15:28: INFO    : Interface 'default' depends on parameter 'parameters[0]'
Thu 15:28: INFO    : Interface 'default' depends on parameter 'parameters[1]'
Thu 15:28: INFO    : Interface 'default' depends on parameter 'parameters[2]'
Thu 15:28: INFO    : Interface 'default' depends on parameter 'parameters[3]'
Thu 15:28: INFO    : Interface 'default' depends on parameter 'parameters[4]'
Thu 15:28: INFO    : Interface 'default' depends on parameter 'parameters[5]'
Thu 15:28: INFO    : Generating XML description for Maxfile
Thu 15:28: INFO    : Generating XML description for mode 'default'
Thu 15:28: INFO    : Skipping blacklisted scalar parameter 'BAWKernel.current_run_cycle_count'
Thu 15:28: INFO    : Interface 'default' depends on parameter 'parameters[0]'
Thu 15:28: INFO    : Interface 'default' depends on parameter 'parameters[1]'
Thu 15:28: INFO    : Interface 'default' depends on parameter 'parameters[2]'
Thu 15:28: INFO    : Interface 'default' depends on parameter 'parameters[3]'
Thu 15:28: INFO    : Interface 'default' depends on parameter 'parameters[4]'
Thu 15:28: INFO    : Interface 'default' depends on parameter 'parameters[5]'
Thu 15:28: INFO    : Adding SLIC sections to the maxfile
Thu 15:28: INFO    : Adding user files to the maxfile
Thu 15:28: INFO    : Generating SLIC include file
Thu 15:28: INFO    : Done generating SLIC interface information
Thu 15:28: PROGRESS: Running back-end simulation build (3 phases)
Thu 15:28: PROGRESS: (1/3) - Prepare MaxFile Data (GenerateMaxFileDataFile)
Thu 15:28: INFO    : Build pass 'GenerateMaxFileDataFile' took 472.208 ms.
Thu 15:28: PROGRESS: (2/3) - Compile Simulation Modules (SimCompilePass)
Thu 15:28: INFO    : Running command: make -j1
Thu 15:28: INFO    : Checking for file hash changes...
Thu 15:28: INFO    : Hash changed for file: 'tmp_resource_dump/BAWKernel_exec11.h'
Thu 15:28: INFO    : Hash changed for file: 'tmp_resource_dump/BAWKernel_exec12.h'
Thu 15:28: INFO    : Hash changed for file: 'tmp_resource_dump/BAWKernel_exec9.h'
Thu 15:28: INFO    : Hash changed for file: 'tmp_resource_dump/BAWKernel_exec7.h'
Thu 15:28: INFO    : Hash changed for file: 'tmp_resource_dump/BAWKernel_exec9.cpp'
Thu 15:28: INFO    : Hash changed for file: 'tmp_resource_dump/BAWKernel_exec5.h'
Thu 15:28: INFO    : Hash changed for file: 'tmp_resource_dump/BAWKernel_exec3.cpp'
Thu 15:28: INFO    : Hash changed for file: 'tmp_resource_dump/BAWKernel_exec1.cpp'
Thu 15:28: INFO    : Hash changed for file: 'tmp_resource_dump/BAWKernel_exec3.h'
Thu 15:28: INFO    : Hash changed for file: 'tmp_resource_dump/BAWKernel.h'
Thu 15:28: INFO    : Hash changed for file: 'tmp_resource_dump/BAWKernel_exec11.cpp'
Thu 15:28: INFO    : Hash changed for file: 'tmp_resource_dump/BAWKernel_exec2.h'
Thu 15:28: INFO    : Hash changed for file: 'Makefile.local_rules'
Thu 15:28: INFO    : No hash for file: 'tmp_resource_dump/BAWKernel_exec13.h'
Thu 15:28: INFO    : Hash changed for file: 'tmp_resource_dump/BAWKernel_exec1.h'
Thu 15:28: INFO    : Hash changed for file: 'tmp_resource_dump/BAWKernel_exec2.cpp'
Thu 15:28: INFO    : Hash changed for file: 'tmp_resource_dump/BAWKernel_exec7.cpp'
Thu 15:28: INFO    : Hash changed for file: 'tmp_resource_dump/BAWKernel_exec8.h'
Thu 15:28: INFO    : Hash changed for file: 'tmp_resource_dump/BAWKernel_exec6.cpp'
Thu 15:28: INFO    : Hash changed for file: 'tmp_resource_dump/BAWKernel_exec12.cpp'
Thu 15:28: INFO    : Hash changed for file: 'tmp_resource_dump/BAWKernel_exec6.h'
Thu 15:28: INFO    : Hash changed for file: 'tmp_resource_dump/BAWKernel_exec5.cpp'
Thu 15:28: INFO    : Hash changed for file: 'tmp_resource_dump/BAWKernel_exec4.h'
Thu 15:28: INFO    : Hash changed for file: 'tmp_resource_dump/BAWKernel_exec10.cpp'
Thu 15:28: INFO    : Hash changed for file: 'tmp_resource_dump/BAWKernel_exec0.cpp'
Thu 15:28: INFO    : Hash changed for file: 'tmp_resource_dump/BAWKernel.cpp'
Thu 15:28: INFO    : No hash for file: 'tmp_resource_dump/BAWKernel_exec13.cpp'
Thu 15:28: INFO    : Hash changed for file: 'tmp_resource_dump/BAWKernel_Templates.cpp'
Thu 15:28: INFO    : Hash changed for file: 'tmp_resource_dump/BAWKernel_exec8.cpp'
Thu 15:28: INFO    : Hash changed for file: 'tmp_resource_dump/BAWKernel_exec4.cpp'
Thu 15:28: INFO    : Hash changed for file: '../../MaxCompilerDesignData.dat'
Thu 15:28: INFO    : Hash changed for file: 'tmp_resource_dump/BAWKernel_exec10.h'
Thu 15:28: INFO    : /opt/maxeler/maxcompiler/lib/gcc/bin/g++ -c -I/usr/include/x86_64-linux-gnu -fPIC -D__USE_XOPEN2K8 -O3  -I. -I/opt/maxeler/maxcompiler/lib/boost/include -I/opt/maxeler/maxcompiler/lib/maxeleros-sim/include -I/opt/maxeler/maxcompiler/lib/lwip_sim -I/opt/maxeler/maxcompiler/lib/lwip_sim/include -I/opt/maxeler/maxcompiler/lib/lwip_sim/include/arch -I/opt/maxeler/maxcompiler/lib/lwip_sim/include/ipv4  -DHAVE_KERNELS -DMAXFILE_INC="../../MaxCompilerDesignData.dat" -g0  -DSLIC_NO_DECLARATIONS   -O0 -DOPTIMIZATION_LEVEL=0 -x c++-header \
Thu 15:28: INFO    : 		-o stdsimheader.h.gch/O0_stdsimheader.h.gch stdsimheader.h
Thu 15:28: INFO    : /opt/maxeler/maxcompiler/lib/gcc/bin/g++ -c -I/usr/include/x86_64-linux-gnu -fPIC -D__USE_XOPEN2K8 -O3  -I. -I/opt/maxeler/maxcompiler/lib/boost/include -I/opt/maxeler/maxcompiler/lib/maxeleros-sim/include -I/opt/maxeler/maxcompiler/lib/lwip_sim -I/opt/maxeler/maxcompiler/lib/lwip_sim/include -I/opt/maxeler/maxcompiler/lib/lwip_sim/include/arch -I/opt/maxeler/maxcompiler/lib/lwip_sim/include/ipv4  -DHAVE_KERNELS -DMAXFILE_INC="../../MaxCompilerDesignData.dat" -g0  -DSLIC_NO_DECLARATIONS   -fno-implicit-templates -O2 -DOPTIMIZATION_LEVEL=2 -x c++-header \
Thu 15:28: INFO    : 		-o stdsimheader.h.gch/NoTplInst_O2_stdsimheader.h.gch stdsimheader.h
Thu 15:29: INFO    : make BAW.so
Thu 15:29: INFO    : make[1]: Entering directory `/home/demo/Desktop/MaxCompiler-Builds/BAW_VECTIS_DFE_SIM/scratch/software-sim/build'
Thu 15:29: INFO    : /opt/maxeler/maxcompiler/lib/gcc/bin/g++ -c -I/usr/include/x86_64-linux-gnu -fPIC -D__USE_XOPEN2K8 -O3  -I. -I/opt/maxeler/maxcompiler/lib/boost/include -I/opt/maxeler/maxcompiler/lib/maxeleros-sim/include -I/opt/maxeler/maxcompiler/lib/lwip_sim -I/opt/maxeler/maxcompiler/lib/lwip_sim/include -I/opt/maxeler/maxcompiler/lib/lwip_sim/include/arch -I/opt/maxeler/maxcompiler/lib/lwip_sim/include/ipv4  -DHAVE_KERNELS -DMAXFILE_INC="../../MaxCompilerDesignData.dat" -g0  -DSLIC_NO_DECLARATIONS   -fno-implicit-templates -O2 -DOPTIMIZATION_LEVEL=2 -o objdir/BAWKernel_exec0.NoTplInst.O2.o BAWKernel_exec0.cpp
Thu 15:29: INFO    : /opt/maxeler/maxcompiler/lib/gcc/bin/g++ -I/usr/include/x86_64-linux-gnu -fPIC -D__USE_XOPEN2K8 -O3  -I. -I/opt/maxeler/maxcompiler/lib/boost/include -I/opt/maxeler/maxcompiler/lib/maxeleros-sim/include -I/opt/maxeler/maxcompiler/lib/lwip_sim -I/opt/maxeler/maxcompiler/lib/lwip_sim/include -I/opt/maxeler/maxcompiler/lib/lwip_sim/include/arch -I/opt/maxeler/maxcompiler/lib/lwip_sim/include/ipv4  -DHAVE_KERNELS -DMAXFILE_INC="../../MaxCompilerDesignData.dat" -g0  -DSLIC_NO_DECLARATIONS   -MM -MP -MT objdir/BAWKernel_exec0.NoTplInst.O2.o \
Thu 15:29: INFO    : 		BAWKernel_exec0.cpp > objdir/BAWKernel_exec0.NoTplInst.O2.d
Thu 15:29: INFO    : /opt/maxeler/maxcompiler/lib/gcc/bin/g++ -c -I/usr/include/x86_64-linux-gnu -fPIC -D__USE_XOPEN2K8 -O3  -I. -I/opt/maxeler/maxcompiler/lib/boost/include -I/opt/maxeler/maxcompiler/lib/maxeleros-sim/include -I/opt/maxeler/maxcompiler/lib/lwip_sim -I/opt/maxeler/maxcompiler/lib/lwip_sim/include -I/opt/maxeler/maxcompiler/lib/lwip_sim/include/arch -I/opt/maxeler/maxcompiler/lib/lwip_sim/include/ipv4  -DHAVE_KERNELS -DMAXFILE_INC="../../MaxCompilerDesignData.dat" -g0  -DSLIC_NO_DECLARATIONS   -fno-implicit-templates -O2 -DOPTIMIZATION_LEVEL=2 -o objdir/BAWKernel_exec1.NoTplInst.O2.o BAWKernel_exec1.cpp
Thu 15:29: INFO    : /opt/maxeler/maxcompiler/lib/gcc/bin/g++ -I/usr/include/x86_64-linux-gnu -fPIC -D__USE_XOPEN2K8 -O3  -I. -I/opt/maxeler/maxcompiler/lib/boost/include -I/opt/maxeler/maxcompiler/lib/maxeleros-sim/include -I/opt/maxeler/maxcompiler/lib/lwip_sim -I/opt/maxeler/maxcompiler/lib/lwip_sim/include -I/opt/maxeler/maxcompiler/lib/lwip_sim/include/arch -I/opt/maxeler/maxcompiler/lib/lwip_sim/include/ipv4  -DHAVE_KERNELS -DMAXFILE_INC="../../MaxCompilerDesignData.dat" -g0  -DSLIC_NO_DECLARATIONS   -MM -MP -MT objdir/BAWKernel_exec1.NoTplInst.O2.o \
Thu 15:29: INFO    : 		BAWKernel_exec1.cpp > objdir/BAWKernel_exec1.NoTplInst.O2.d
Thu 15:29: INFO    : /opt/maxeler/maxcompiler/lib/gcc/bin/g++ -c -I/usr/include/x86_64-linux-gnu -fPIC -D__USE_XOPEN2K8 -O3  -I. -I/opt/maxeler/maxcompiler/lib/boost/include -I/opt/maxeler/maxcompiler/lib/maxeleros-sim/include -I/opt/maxeler/maxcompiler/lib/lwip_sim -I/opt/maxeler/maxcompiler/lib/lwip_sim/include -I/opt/maxeler/maxcompiler/lib/lwip_sim/include/arch -I/opt/maxeler/maxcompiler/lib/lwip_sim/include/ipv4  -DHAVE_KERNELS -DMAXFILE_INC="../../MaxCompilerDesignData.dat" -g0  -DSLIC_NO_DECLARATIONS   -fno-implicit-templates -O2 -DOPTIMIZATION_LEVEL=2 -o objdir/BAWKernel_exec2.NoTplInst.O2.o BAWKernel_exec2.cpp
Thu 15:29: INFO    : /opt/maxeler/maxcompiler/lib/gcc/bin/g++ -I/usr/include/x86_64-linux-gnu -fPIC -D__USE_XOPEN2K8 -O3  -I. -I/opt/maxeler/maxcompiler/lib/boost/include -I/opt/maxeler/maxcompiler/lib/maxeleros-sim/include -I/opt/maxeler/maxcompiler/lib/lwip_sim -I/opt/maxeler/maxcompiler/lib/lwip_sim/include -I/opt/maxeler/maxcompiler/lib/lwip_sim/include/arch -I/opt/maxeler/maxcompiler/lib/lwip_sim/include/ipv4  -DHAVE_KERNELS -DMAXFILE_INC="../../MaxCompilerDesignData.dat" -g0  -DSLIC_NO_DECLARATIONS   -MM -MP -MT objdir/BAWKernel_exec2.NoTplInst.O2.o \
Thu 15:29: INFO    : 		BAWKernel_exec2.cpp > objdir/BAWKernel_exec2.NoTplInst.O2.d
Thu 15:29: INFO    : /opt/maxeler/maxcompiler/lib/gcc/bin/g++ -c -I/usr/include/x86_64-linux-gnu -fPIC -D__USE_XOPEN2K8 -O3  -I. -I/opt/maxeler/maxcompiler/lib/boost/include -I/opt/maxeler/maxcompiler/lib/maxeleros-sim/include -I/opt/maxeler/maxcompiler/lib/lwip_sim -I/opt/maxeler/maxcompiler/lib/lwip_sim/include -I/opt/maxeler/maxcompiler/lib/lwip_sim/include/arch -I/opt/maxeler/maxcompiler/lib/lwip_sim/include/ipv4  -DHAVE_KERNELS -DMAXFILE_INC="../../MaxCompilerDesignData.dat" -g0  -DSLIC_NO_DECLARATIONS   -fno-implicit-templates -O2 -DOPTIMIZATION_LEVEL=2 -o objdir/BAWKernel_exec3.NoTplInst.O2.o BAWKernel_exec3.cpp
Thu 15:29: INFO    : /opt/maxeler/maxcompiler/lib/gcc/bin/g++ -I/usr/include/x86_64-linux-gnu -fPIC -D__USE_XOPEN2K8 -O3  -I. -I/opt/maxeler/maxcompiler/lib/boost/include -I/opt/maxeler/maxcompiler/lib/maxeleros-sim/include -I/opt/maxeler/maxcompiler/lib/lwip_sim -I/opt/maxeler/maxcompiler/lib/lwip_sim/include -I/opt/maxeler/maxcompiler/lib/lwip_sim/include/arch -I/opt/maxeler/maxcompiler/lib/lwip_sim/include/ipv4  -DHAVE_KERNELS -DMAXFILE_INC="../../MaxCompilerDesignData.dat" -g0  -DSLIC_NO_DECLARATIONS   -MM -MP -MT objdir/BAWKernel_exec3.NoTplInst.O2.o \
Thu 15:29: INFO    : 		BAWKernel_exec3.cpp > objdir/BAWKernel_exec3.NoTplInst.O2.d
Thu 15:29: INFO    : /opt/maxeler/maxcompiler/lib/gcc/bin/g++ -c -I/usr/include/x86_64-linux-gnu -fPIC -D__USE_XOPEN2K8 -O3  -I. -I/opt/maxeler/maxcompiler/lib/boost/include -I/opt/maxeler/maxcompiler/lib/maxeleros-sim/include -I/opt/maxeler/maxcompiler/lib/lwip_sim -I/opt/maxeler/maxcompiler/lib/lwip_sim/include -I/opt/maxeler/maxcompiler/lib/lwip_sim/include/arch -I/opt/maxeler/maxcompiler/lib/lwip_sim/include/ipv4  -DHAVE_KERNELS -DMAXFILE_INC="../../MaxCompilerDesignData.dat" -g0  -DSLIC_NO_DECLARATIONS   -fno-implicit-templates -O2 -DOPTIMIZATION_LEVEL=2 -o objdir/BAWKernel_exec4.NoTplInst.O2.o BAWKernel_exec4.cpp
Thu 15:29: INFO    : /opt/maxeler/maxcompiler/lib/gcc/bin/g++ -I/usr/include/x86_64-linux-gnu -fPIC -D__USE_XOPEN2K8 -O3  -I. -I/opt/maxeler/maxcompiler/lib/boost/include -I/opt/maxeler/maxcompiler/lib/maxeleros-sim/include -I/opt/maxeler/maxcompiler/lib/lwip_sim -I/opt/maxeler/maxcompiler/lib/lwip_sim/include -I/opt/maxeler/maxcompiler/lib/lwip_sim/include/arch -I/opt/maxeler/maxcompiler/lib/lwip_sim/include/ipv4  -DHAVE_KERNELS -DMAXFILE_INC="../../MaxCompilerDesignData.dat" -g0  -DSLIC_NO_DECLARATIONS   -MM -MP -MT objdir/BAWKernel_exec4.NoTplInst.O2.o \
Thu 15:29: INFO    : 		BAWKernel_exec4.cpp > objdir/BAWKernel_exec4.NoTplInst.O2.d
Thu 15:29: INFO    : /opt/maxeler/maxcompiler/lib/gcc/bin/g++ -c -I/usr/include/x86_64-linux-gnu -fPIC -D__USE_XOPEN2K8 -O3  -I. -I/opt/maxeler/maxcompiler/lib/boost/include -I/opt/maxeler/maxcompiler/lib/maxeleros-sim/include -I/opt/maxeler/maxcompiler/lib/lwip_sim -I/opt/maxeler/maxcompiler/lib/lwip_sim/include -I/opt/maxeler/maxcompiler/lib/lwip_sim/include/arch -I/opt/maxeler/maxcompiler/lib/lwip_sim/include/ipv4  -DHAVE_KERNELS -DMAXFILE_INC="../../MaxCompilerDesignData.dat" -g0  -DSLIC_NO_DECLARATIONS   -fno-implicit-templates -O2 -DOPTIMIZATION_LEVEL=2 -o objdir/BAWKernel_exec5.NoTplInst.O2.o BAWKernel_exec5.cpp
Thu 15:29: INFO    : /opt/maxeler/maxcompiler/lib/gcc/bin/g++ -I/usr/include/x86_64-linux-gnu -fPIC -D__USE_XOPEN2K8 -O3  -I. -I/opt/maxeler/maxcompiler/lib/boost/include -I/opt/maxeler/maxcompiler/lib/maxeleros-sim/include -I/opt/maxeler/maxcompiler/lib/lwip_sim -I/opt/maxeler/maxcompiler/lib/lwip_sim/include -I/opt/maxeler/maxcompiler/lib/lwip_sim/include/arch -I/opt/maxeler/maxcompiler/lib/lwip_sim/include/ipv4  -DHAVE_KERNELS -DMAXFILE_INC="../../MaxCompilerDesignData.dat" -g0  -DSLIC_NO_DECLARATIONS   -MM -MP -MT objdir/BAWKernel_exec5.NoTplInst.O2.o \
Thu 15:29: INFO    : 		BAWKernel_exec5.cpp > objdir/BAWKernel_exec5.NoTplInst.O2.d
Thu 15:29: INFO    : /opt/maxeler/maxcompiler/lib/gcc/bin/g++ -c -I/usr/include/x86_64-linux-gnu -fPIC -D__USE_XOPEN2K8 -O3  -I. -I/opt/maxeler/maxcompiler/lib/boost/include -I/opt/maxeler/maxcompiler/lib/maxeleros-sim/include -I/opt/maxeler/maxcompiler/lib/lwip_sim -I/opt/maxeler/maxcompiler/lib/lwip_sim/include -I/opt/maxeler/maxcompiler/lib/lwip_sim/include/arch -I/opt/maxeler/maxcompiler/lib/lwip_sim/include/ipv4  -DHAVE_KERNELS -DMAXFILE_INC="../../MaxCompilerDesignData.dat" -g0  -DSLIC_NO_DECLARATIONS   -fno-implicit-templates -O2 -DOPTIMIZATION_LEVEL=2 -o objdir/BAWKernel_exec6.NoTplInst.O2.o BAWKernel_exec6.cpp
Thu 15:29: INFO    : /opt/maxeler/maxcompiler/lib/gcc/bin/g++ -I/usr/include/x86_64-linux-gnu -fPIC -D__USE_XOPEN2K8 -O3  -I. -I/opt/maxeler/maxcompiler/lib/boost/include -I/opt/maxeler/maxcompiler/lib/maxeleros-sim/include -I/opt/maxeler/maxcompiler/lib/lwip_sim -I/opt/maxeler/maxcompiler/lib/lwip_sim/include -I/opt/maxeler/maxcompiler/lib/lwip_sim/include/arch -I/opt/maxeler/maxcompiler/lib/lwip_sim/include/ipv4  -DHAVE_KERNELS -DMAXFILE_INC="../../MaxCompilerDesignData.dat" -g0  -DSLIC_NO_DECLARATIONS   -MM -MP -MT objdir/BAWKernel_exec6.NoTplInst.O2.o \
Thu 15:29: INFO    : 		BAWKernel_exec6.cpp > objdir/BAWKernel_exec6.NoTplInst.O2.d
Thu 15:29: INFO    : /opt/maxeler/maxcompiler/lib/gcc/bin/g++ -c -I/usr/include/x86_64-linux-gnu -fPIC -D__USE_XOPEN2K8 -O3  -I. -I/opt/maxeler/maxcompiler/lib/boost/include -I/opt/maxeler/maxcompiler/lib/maxeleros-sim/include -I/opt/maxeler/maxcompiler/lib/lwip_sim -I/opt/maxeler/maxcompiler/lib/lwip_sim/include -I/opt/maxeler/maxcompiler/lib/lwip_sim/include/arch -I/opt/maxeler/maxcompiler/lib/lwip_sim/include/ipv4  -DHAVE_KERNELS -DMAXFILE_INC="../../MaxCompilerDesignData.dat" -g0  -DSLIC_NO_DECLARATIONS   -fno-implicit-templates -O2 -DOPTIMIZATION_LEVEL=2 -o objdir/BAWKernel_exec7.NoTplInst.O2.o BAWKernel_exec7.cpp
Thu 15:29: INFO    : /opt/maxeler/maxcompiler/lib/gcc/bin/g++ -I/usr/include/x86_64-linux-gnu -fPIC -D__USE_XOPEN2K8 -O3  -I. -I/opt/maxeler/maxcompiler/lib/boost/include -I/opt/maxeler/maxcompiler/lib/maxeleros-sim/include -I/opt/maxeler/maxcompiler/lib/lwip_sim -I/opt/maxeler/maxcompiler/lib/lwip_sim/include -I/opt/maxeler/maxcompiler/lib/lwip_sim/include/arch -I/opt/maxeler/maxcompiler/lib/lwip_sim/include/ipv4  -DHAVE_KERNELS -DMAXFILE_INC="../../MaxCompilerDesignData.dat" -g0  -DSLIC_NO_DECLARATIONS   -MM -MP -MT objdir/BAWKernel_exec7.NoTplInst.O2.o \
Thu 15:29: INFO    : 		BAWKernel_exec7.cpp > objdir/BAWKernel_exec7.NoTplInst.O2.d
Thu 15:29: INFO    : /opt/maxeler/maxcompiler/lib/gcc/bin/g++ -c -I/usr/include/x86_64-linux-gnu -fPIC -D__USE_XOPEN2K8 -O3  -I. -I/opt/maxeler/maxcompiler/lib/boost/include -I/opt/maxeler/maxcompiler/lib/maxeleros-sim/include -I/opt/maxeler/maxcompiler/lib/lwip_sim -I/opt/maxeler/maxcompiler/lib/lwip_sim/include -I/opt/maxeler/maxcompiler/lib/lwip_sim/include/arch -I/opt/maxeler/maxcompiler/lib/lwip_sim/include/ipv4  -DHAVE_KERNELS -DMAXFILE_INC="../../MaxCompilerDesignData.dat" -g0  -DSLIC_NO_DECLARATIONS   -fno-implicit-templates -O2 -DOPTIMIZATION_LEVEL=2 -o objdir/BAWKernel_exec8.NoTplInst.O2.o BAWKernel_exec8.cpp
Thu 15:29: INFO    : /opt/maxeler/maxcompiler/lib/gcc/bin/g++ -I/usr/include/x86_64-linux-gnu -fPIC -D__USE_XOPEN2K8 -O3  -I. -I/opt/maxeler/maxcompiler/lib/boost/include -I/opt/maxeler/maxcompiler/lib/maxeleros-sim/include -I/opt/maxeler/maxcompiler/lib/lwip_sim -I/opt/maxeler/maxcompiler/lib/lwip_sim/include -I/opt/maxeler/maxcompiler/lib/lwip_sim/include/arch -I/opt/maxeler/maxcompiler/lib/lwip_sim/include/ipv4  -DHAVE_KERNELS -DMAXFILE_INC="../../MaxCompilerDesignData.dat" -g0  -DSLIC_NO_DECLARATIONS   -MM -MP -MT objdir/BAWKernel_exec8.NoTplInst.O2.o \
Thu 15:29: INFO    : 		BAWKernel_exec8.cpp > objdir/BAWKernel_exec8.NoTplInst.O2.d
Thu 15:29: INFO    : /opt/maxeler/maxcompiler/lib/gcc/bin/g++ -c -I/usr/include/x86_64-linux-gnu -fPIC -D__USE_XOPEN2K8 -O3  -I. -I/opt/maxeler/maxcompiler/lib/boost/include -I/opt/maxeler/maxcompiler/lib/maxeleros-sim/include -I/opt/maxeler/maxcompiler/lib/lwip_sim -I/opt/maxeler/maxcompiler/lib/lwip_sim/include -I/opt/maxeler/maxcompiler/lib/lwip_sim/include/arch -I/opt/maxeler/maxcompiler/lib/lwip_sim/include/ipv4  -DHAVE_KERNELS -DMAXFILE_INC="../../MaxCompilerDesignData.dat" -g0  -DSLIC_NO_DECLARATIONS   -fno-implicit-templates -O2 -DOPTIMIZATION_LEVEL=2 -o objdir/BAWKernel_exec9.NoTplInst.O2.o BAWKernel_exec9.cpp
Thu 15:29: INFO    : /opt/maxeler/maxcompiler/lib/gcc/bin/g++ -I/usr/include/x86_64-linux-gnu -fPIC -D__USE_XOPEN2K8 -O3  -I. -I/opt/maxeler/maxcompiler/lib/boost/include -I/opt/maxeler/maxcompiler/lib/maxeleros-sim/include -I/opt/maxeler/maxcompiler/lib/lwip_sim -I/opt/maxeler/maxcompiler/lib/lwip_sim/include -I/opt/maxeler/maxcompiler/lib/lwip_sim/include/arch -I/opt/maxeler/maxcompiler/lib/lwip_sim/include/ipv4  -DHAVE_KERNELS -DMAXFILE_INC="../../MaxCompilerDesignData.dat" -g0  -DSLIC_NO_DECLARATIONS   -MM -MP -MT objdir/BAWKernel_exec9.NoTplInst.O2.o \
Thu 15:29: INFO    : 		BAWKernel_exec9.cpp > objdir/BAWKernel_exec9.NoTplInst.O2.d
Thu 15:29: INFO    : /opt/maxeler/maxcompiler/lib/gcc/bin/g++ -c -I/usr/include/x86_64-linux-gnu -fPIC -D__USE_XOPEN2K8 -O3  -I. -I/opt/maxeler/maxcompiler/lib/boost/include -I/opt/maxeler/maxcompiler/lib/maxeleros-sim/include -I/opt/maxeler/maxcompiler/lib/lwip_sim -I/opt/maxeler/maxcompiler/lib/lwip_sim/include -I/opt/maxeler/maxcompiler/lib/lwip_sim/include/arch -I/opt/maxeler/maxcompiler/lib/lwip_sim/include/ipv4  -DHAVE_KERNELS -DMAXFILE_INC="../../MaxCompilerDesignData.dat" -g0  -DSLIC_NO_DECLARATIONS   -fno-implicit-templates -O2 -DOPTIMIZATION_LEVEL=2 -o objdir/BAWKernel_exec10.NoTplInst.O2.o BAWKernel_exec10.cpp
Thu 15:29: INFO    : /opt/maxeler/maxcompiler/lib/gcc/bin/g++ -I/usr/include/x86_64-linux-gnu -fPIC -D__USE_XOPEN2K8 -O3  -I. -I/opt/maxeler/maxcompiler/lib/boost/include -I/opt/maxeler/maxcompiler/lib/maxeleros-sim/include -I/opt/maxeler/maxcompiler/lib/lwip_sim -I/opt/maxeler/maxcompiler/lib/lwip_sim/include -I/opt/maxeler/maxcompiler/lib/lwip_sim/include/arch -I/opt/maxeler/maxcompiler/lib/lwip_sim/include/ipv4  -DHAVE_KERNELS -DMAXFILE_INC="../../MaxCompilerDesignData.dat" -g0  -DSLIC_NO_DECLARATIONS   -MM -MP -MT objdir/BAWKernel_exec10.NoTplInst.O2.o \
Thu 15:29: INFO    : 		BAWKernel_exec10.cpp > objdir/BAWKernel_exec10.NoTplInst.O2.d
Thu 15:29: INFO    : /opt/maxeler/maxcompiler/lib/gcc/bin/g++ -c -I/usr/include/x86_64-linux-gnu -fPIC -D__USE_XOPEN2K8 -O3  -I. -I/opt/maxeler/maxcompiler/lib/boost/include -I/opt/maxeler/maxcompiler/lib/maxeleros-sim/include -I/opt/maxeler/maxcompiler/lib/lwip_sim -I/opt/maxeler/maxcompiler/lib/lwip_sim/include -I/opt/maxeler/maxcompiler/lib/lwip_sim/include/arch -I/opt/maxeler/maxcompiler/lib/lwip_sim/include/ipv4  -DHAVE_KERNELS -DMAXFILE_INC="../../MaxCompilerDesignData.dat" -g0  -DSLIC_NO_DECLARATIONS   -fno-implicit-templates -O2 -DOPTIMIZATION_LEVEL=2 -o objdir/BAWKernel_exec11.NoTplInst.O2.o BAWKernel_exec11.cpp
Thu 15:29: INFO    : /opt/maxeler/maxcompiler/lib/gcc/bin/g++ -I/usr/include/x86_64-linux-gnu -fPIC -D__USE_XOPEN2K8 -O3  -I. -I/opt/maxeler/maxcompiler/lib/boost/include -I/opt/maxeler/maxcompiler/lib/maxeleros-sim/include -I/opt/maxeler/maxcompiler/lib/lwip_sim -I/opt/maxeler/maxcompiler/lib/lwip_sim/include -I/opt/maxeler/maxcompiler/lib/lwip_sim/include/arch -I/opt/maxeler/maxcompiler/lib/lwip_sim/include/ipv4  -DHAVE_KERNELS -DMAXFILE_INC="../../MaxCompilerDesignData.dat" -g0  -DSLIC_NO_DECLARATIONS   -MM -MP -MT objdir/BAWKernel_exec11.NoTplInst.O2.o \
Thu 15:29: INFO    : 		BAWKernel_exec11.cpp > objdir/BAWKernel_exec11.NoTplInst.O2.d
Thu 15:29: INFO    : /opt/maxeler/maxcompiler/lib/gcc/bin/g++ -c -I/usr/include/x86_64-linux-gnu -fPIC -D__USE_XOPEN2K8 -O3  -I. -I/opt/maxeler/maxcompiler/lib/boost/include -I/opt/maxeler/maxcompiler/lib/maxeleros-sim/include -I/opt/maxeler/maxcompiler/lib/lwip_sim -I/opt/maxeler/maxcompiler/lib/lwip_sim/include -I/opt/maxeler/maxcompiler/lib/lwip_sim/include/arch -I/opt/maxeler/maxcompiler/lib/lwip_sim/include/ipv4  -DHAVE_KERNELS -DMAXFILE_INC="../../MaxCompilerDesignData.dat" -g0  -DSLIC_NO_DECLARATIONS   -fno-implicit-templates -O2 -DOPTIMIZATION_LEVEL=2 -o objdir/BAWKernel_exec12.NoTplInst.O2.o BAWKernel_exec12.cpp
Thu 15:29: INFO    : /opt/maxeler/maxcompiler/lib/gcc/bin/g++ -I/usr/include/x86_64-linux-gnu -fPIC -D__USE_XOPEN2K8 -O3  -I. -I/opt/maxeler/maxcompiler/lib/boost/include -I/opt/maxeler/maxcompiler/lib/maxeleros-sim/include -I/opt/maxeler/maxcompiler/lib/lwip_sim -I/opt/maxeler/maxcompiler/lib/lwip_sim/include -I/opt/maxeler/maxcompiler/lib/lwip_sim/include/arch -I/opt/maxeler/maxcompiler/lib/lwip_sim/include/ipv4  -DHAVE_KERNELS -DMAXFILE_INC="../../MaxCompilerDesignData.dat" -g0  -DSLIC_NO_DECLARATIONS   -MM -MP -MT objdir/BAWKernel_exec12.NoTplInst.O2.o \
Thu 15:29: INFO    : 		BAWKernel_exec12.cpp > objdir/BAWKernel_exec12.NoTplInst.O2.d
Thu 15:29: INFO    : /opt/maxeler/maxcompiler/lib/gcc/bin/g++ -c -I/usr/include/x86_64-linux-gnu -fPIC -D__USE_XOPEN2K8 -O3  -I. -I/opt/maxeler/maxcompiler/lib/boost/include -I/opt/maxeler/maxcompiler/lib/maxeleros-sim/include -I/opt/maxeler/maxcompiler/lib/lwip_sim -I/opt/maxeler/maxcompiler/lib/lwip_sim/include -I/opt/maxeler/maxcompiler/lib/lwip_sim/include/arch -I/opt/maxeler/maxcompiler/lib/lwip_sim/include/ipv4  -DHAVE_KERNELS -DMAXFILE_INC="../../MaxCompilerDesignData.dat" -g0  -DSLIC_NO_DECLARATIONS   -O0 -DOPTIMIZATION_LEVEL=0 -o objdir/BAWKernel.O0.o BAWKernel.cpp
Thu 15:31: INFO    : /opt/maxeler/maxcompiler/lib/gcc/bin/g++ -I/usr/include/x86_64-linux-gnu -fPIC -D__USE_XOPEN2K8 -O3  -I. -I/opt/maxeler/maxcompiler/lib/boost/include -I/opt/maxeler/maxcompiler/lib/maxeleros-sim/include -I/opt/maxeler/maxcompiler/lib/lwip_sim -I/opt/maxeler/maxcompiler/lib/lwip_sim/include -I/opt/maxeler/maxcompiler/lib/lwip_sim/include/arch -I/opt/maxeler/maxcompiler/lib/lwip_sim/include/ipv4  -DHAVE_KERNELS -DMAXFILE_INC="../../MaxCompilerDesignData.dat" -g0  -DSLIC_NO_DECLARATIONS   -MM -MP -MT objdir/BAWKernel.O0.o \
Thu 15:31: INFO    : 		BAWKernel.cpp > objdir/BAWKernel.O0.d
Thu 15:31: INFO    : /opt/maxeler/maxcompiler/lib/gcc/bin/g++ -c -I/usr/include/x86_64-linux-gnu -fPIC -D__USE_XOPEN2K8 -O3  -I. -I/opt/maxeler/maxcompiler/lib/boost/include -I/opt/maxeler/maxcompiler/lib/maxeleros-sim/include -I/opt/maxeler/maxcompiler/lib/lwip_sim -I/opt/maxeler/maxcompiler/lib/lwip_sim/include -I/opt/maxeler/maxcompiler/lib/lwip_sim/include/arch -I/opt/maxeler/maxcompiler/lib/lwip_sim/include/ipv4  -DHAVE_KERNELS -DMAXFILE_INC="../../MaxCompilerDesignData.dat" -g0  -DSLIC_NO_DECLARATIONS   -O2 -DOPTIMIZATION_LEVEL=2 -o objdir/BAWKernel_Templates.O2.o BAWKernel_Templates.cpp
Thu 15:31: INFO    : /opt/maxeler/maxcompiler/lib/gcc/bin/g++ -I/usr/include/x86_64-linux-gnu -fPIC -D__USE_XOPEN2K8 -O3  -I. -I/opt/maxeler/maxcompiler/lib/boost/include -I/opt/maxeler/maxcompiler/lib/maxeleros-sim/include -I/opt/maxeler/maxcompiler/lib/lwip_sim -I/opt/maxeler/maxcompiler/lib/lwip_sim/include -I/opt/maxeler/maxcompiler/lib/lwip_sim/include/arch -I/opt/maxeler/maxcompiler/lib/lwip_sim/include/ipv4  -DHAVE_KERNELS -DMAXFILE_INC="../../MaxCompilerDesignData.dat" -g0  -DSLIC_NO_DECLARATIONS   -MM -MP -MT objdir/BAWKernel_Templates.O2.o \
Thu 15:31: INFO    : 		BAWKernel_Templates.cpp > objdir/BAWKernel_Templates.O2.d
Thu 15:32: INFO    : /opt/maxeler/maxcompiler/lib/gcc/bin/g++ -c -I/usr/include/x86_64-linux-gnu -fPIC -D__USE_XOPEN2K8 -O3  -I. -I/opt/maxeler/maxcompiler/lib/boost/include -I/opt/maxeler/maxcompiler/lib/maxeleros-sim/include -I/opt/maxeler/maxcompiler/lib/lwip_sim -I/opt/maxeler/maxcompiler/lib/lwip_sim/include -I/opt/maxeler/maxcompiler/lib/lwip_sim/include/arch -I/opt/maxeler/maxcompiler/lib/lwip_sim/include/ipv4  -DHAVE_KERNELS -DMAXFILE_INC="../../MaxCompilerDesignData.dat" -g0  -DSLIC_NO_DECLARATIONS   -O0 -DOPTIMIZATION_LEVEL=0 -o objdir/max_msi.O0.o max_msi.cpp
Thu 15:32: INFO    : /opt/maxeler/maxcompiler/lib/gcc/bin/g++ -I/usr/include/x86_64-linux-gnu -fPIC -D__USE_XOPEN2K8 -O3  -I. -I/opt/maxeler/maxcompiler/lib/boost/include -I/opt/maxeler/maxcompiler/lib/maxeleros-sim/include -I/opt/maxeler/maxcompiler/lib/lwip_sim -I/opt/maxeler/maxcompiler/lib/lwip_sim/include -I/opt/maxeler/maxcompiler/lib/lwip_sim/include/arch -I/opt/maxeler/maxcompiler/lib/lwip_sim/include/ipv4  -DHAVE_KERNELS -DMAXFILE_INC="../../MaxCompilerDesignData.dat" -g0  -DSLIC_NO_DECLARATIONS   -MM -MP -MT objdir/max_msi.O0.o \
Thu 15:32: INFO    : 		max_msi.cpp > objdir/max_msi.O0.d
Thu 15:32: INFO    : /opt/maxeler/maxcompiler/lib/gcc/bin/g++ -c -I/usr/include/x86_64-linux-gnu -fPIC -D__USE_XOPEN2K8 -O3  -I. -I/opt/maxeler/maxcompiler/lib/boost/include -I/opt/maxeler/maxcompiler/lib/maxeleros-sim/include -I/opt/maxeler/maxcompiler/lib/lwip_sim -I/opt/maxeler/maxcompiler/lib/lwip_sim/include -I/opt/maxeler/maxcompiler/lib/lwip_sim/include/arch -I/opt/maxeler/maxcompiler/lib/lwip_sim/include/ipv4  -DHAVE_KERNELS -DMAXFILE_INC="../../MaxCompilerDesignData.dat" -g0  -DSLIC_NO_DECLARATIONS   -fno-implicit-templates -O2 -DOPTIMIZATION_LEVEL=2 -o objdir/BAWKernel_exec13.NoTplInst.O2.o BAWKernel_exec13.cpp
Thu 15:32: INFO    : /opt/maxeler/maxcompiler/lib/gcc/bin/g++ -I/usr/include/x86_64-linux-gnu -fPIC -D__USE_XOPEN2K8 -O3  -I. -I/opt/maxeler/maxcompiler/lib/boost/include -I/opt/maxeler/maxcompiler/lib/maxeleros-sim/include -I/opt/maxeler/maxcompiler/lib/lwip_sim -I/opt/maxeler/maxcompiler/lib/lwip_sim/include -I/opt/maxeler/maxcompiler/lib/lwip_sim/include/arch -I/opt/maxeler/maxcompiler/lib/lwip_sim/include/ipv4  -DHAVE_KERNELS -DMAXFILE_INC="../../MaxCompilerDesignData.dat" -g0  -DSLIC_NO_DECLARATIONS   -MM -MP -MT objdir/BAWKernel_exec13.NoTplInst.O2.o \
Thu 15:32: INFO    : 		BAWKernel_exec13.cpp > objdir/BAWKernel_exec13.NoTplInst.O2.d
Thu 15:32: INFO    : /opt/maxeler/maxcompiler/lib/gcc/bin/g++ -fPIC -shared -B/usr/lib/x86_64-linux-gnu -L/opt/maxeler/maxcompiler/lib/boost/lib -lboost_thread -lboost_system -lboost_filesystem -lrt -pthread -O2 -s  -o BAW.so objdir/BAWKernel_exec0.NoTplInst.O2.o objdir/BAWKernel_exec1.NoTplInst.O2.o objdir/BAWKernel_exec2.NoTplInst.O2.o objdir/BAWKernel_exec3.NoTplInst.O2.o objdir/BAWKernel_exec4.NoTplInst.O2.o objdir/BAWKernel_exec5.NoTplInst.O2.o objdir/BAWKernel_exec6.NoTplInst.O2.o objdir/BAWKernel_exec7.NoTplInst.O2.o objdir/BAWKernel_exec8.NoTplInst.O2.o objdir/BAWKernel_exec9.NoTplInst.O2.o objdir/BAWKernel_exec10.NoTplInst.O2.o objdir/BAWKernel_exec11.NoTplInst.O2.o objdir/BAWKernel_exec12.NoTplInst.O2.o objdir/BAWKernel_exec13.NoTplInst.O2.o objdir/BAWKernel.O0.o objdir/BAWKernel_Templates.O2.o objdir/max_msi.O0.o StructToGroupDummy.o Mux.o DualAspectMux.o Demux.o Fanout.o CapRegs.o IFPGARegs.o ChecksumMem.o PCIe.o KernelManagerBlockSync.o DualAspectReg.o PullPushAdapter.o FilePullSource.o max_shared_fifo.o SharedFIFO.o Fifos.o FilePushSink.o SimTerminator.o Watch.o StreamStatus.o RunLengthExpander.o ManagerBlock.o MappedElements.o ManagerSync.o PullSync.o PushSync.o DynamicVarUInt.o SimException.o DebugStreams.o AddressGenerator.o MemoryControllerPro.o MemoryControllerRAM.o MemoryControllerCommand.o MemoryControllerStreams.o MemoryControllerConfig.o TCP.o Ethernet.o Timestamp.o /opt/maxeler/maxcompiler/lib/lwip_sim/lib/liblwip.a
Thu 15:32: INFO    : make[1]: Leaving directory `/home/demo/Desktop/MaxCompiler-Builds/BAW_VECTIS_DFE_SIM/scratch/software-sim/build'
Thu 15:32: INFO    : Build pass 'SimCompilePass' took 253.946 s.
Thu 15:32: PROGRESS: (3/3) - Generate MaxFile (AddSimObjectToMaxFilePass)
Thu 15:32: INFO    : Build pass 'AddSimObjectToMaxFilePass' took 13.4074 s.
Thu 15:32: INFO    : Final result files after build: 
Thu 15:32: INFO    : Running command: ln -sf "../scratch/BAW-BAWKernel-original.pxg"
Thu 15:32: INFO    : BAW-BAWKernel-original.pxg (BuildFilePXG)
Thu 15:32: INFO    : Running command: ln -sf "../scratch/BAWKernel_Configuration.txt"
Thu 15:32: INFO    : BAWKernel_Configuration.txt (BuildFile)
Thu 15:32: INFO    : Running command: ln -sf "../scratch/BAWKernel_NodeDiary.txt"
Thu 15:32: INFO    : BAWKernel_NodeDiary.txt (BuildFile)
Thu 15:32: INFO    : Running command: ln -sf "../scratch/BAW-BAWKernel-final-simulation.pxg"
Thu 15:32: INFO    : BAW-BAWKernel-final-simulation.pxg (BuildFilePXG)
Thu 15:32: INFO    : Running command: ln -sf "../scratch/BAW.xml"
Thu 15:32: INFO    : BAW.xml (BuildFile)
Thu 15:32: INFO    : Running command: ln -sf "../scratch/BAW.h"
Thu 15:32: INFO    : BAW.h (BuildFileSlicH)
Thu 15:32: INFO    : Running command: ln -sf "../scratch/BAW.max"
Thu 15:32: INFO    : BAW.max (BuildFileMaxFile)
Thu 15:32: INFO    : Result files will be copied to '/home/demo/Desktop/work/BAW/RunRules/Simulation/maxfiles'
Thu 15:32: INFO    : Result 'BAW-BAWKernel-original.pxg' is identical to '/home/demo/Desktop/work/BAW/RunRules/Simulation/maxfiles/BAW-BAWKernel-original.pxg': not overwriting.
Thu 15:32: INFO    : Result 'BAW-BAWKernel-final-simulation.pxg' is identical to '/home/demo/Desktop/work/BAW/RunRules/Simulation/maxfiles/BAW-BAWKernel-final-simulation.pxg': not overwriting.
Thu 15:32: INFO    : Result 'BAW.h' is identical to '/home/demo/Desktop/work/BAW/RunRules/Simulation/maxfiles/BAW.h': not overwriting.
Thu 15:32: INFO    : Result 'BAW.max' is identical to '/home/demo/Desktop/work/BAW/RunRules/Simulation/maxfiles/BAW.max': not overwriting.
Thu 15:32: PROGRESS: MaxFile: /home/demo/Desktop/MaxCompiler-Builds/BAW_VECTIS_DFE_SIM/results/BAW.max (MD5Sum: 0c9b919b698e8493001e7d5e390478b0)
Thu 15:32: INFO    : Waiting for any outstanding jobs to finish... 
Thu 15:32: PROGRESS: Build completed: Thu Mar 12 15:32:38 PDT 2015 (took 5 mins, 13 secs)
