Mon 14:42: ########################################## 
Mon 14:42: Compiling.
Mon 14:42: ########################################## 

Mon 14:42: MaxCompiler version: 2014.1.1 (simulation only).
Mon 14:42: Build Simulation run rule for tutorial-chap04-example2-simplekernel start time: Mon Mar 09 14:42:22 PDT 2015.
Mon 14:42: Project location: /home/demo/workspace/tutorial-chap04-example2-simplekernel.
Mon 14:42: Detailed build log: /home/demo/workspace/tutorial-chap04-example2-simplekernel/RunRules/Simulation/build.log.

Mon 14:42: Compiling Engine Code.
Mon 14:42: Engine building skipped (no changes on .max files).
Mon 14:42: Compiling CPU Code.
Mon 14:42: Run CPU project make files updating
Mon 14:42: Executing command:
Mon 14:42: java -jar /opt/maxeler/maxcompiler/lib/MaxIDE/projectAdmin.jar -u /home/demo/workspace/tutorial-chap04-example2-simplekernel Simulation 
Mon 14:42: Command output:

Mon 14:42: MaxCompiler Project Admin Tool Version 2014.1.1
Mon 14:42:  Copyright Maxeler Technologies 2010 - 2014. All rights reserved.

Mon 14:42: Handler version 1
Mon 14:42: Updating RunRule dependent Makefiles for RunRule 'Simulation'
Mon 14:42: Found makefiles: 1
Mon 14:42: 	Updated: Simulation
Mon 14:42: Run CPU make.
Mon 14:42: make RUNRULE=Simulation 
Mon 14:42: Command output:
Mon 14:42: make -f Makefile ../RunRules/Simulation/binaries/Simple
Mon 14:42: make[1]: Entering directory `/home/demo/workspace/tutorial-chap04-example2-simplekernel/CPUCode'
Mon 14:42: cc -g -O3 -Wall -Wextra -fmessage-length=0 -I ../RunRules/Simulation/include -I. -I/opt/maxeler/maxcompiler/lib/maxeleros-sim/include -I/opt/maxeler/maxcompiler/include/slic -D_XOPEN_SOURCE=600  -std=c99 -DBUILDNAME_MAXFILE_1=Simple -DMAXFILE_1="Simple.max"  -o "../RunRules/Simulation/objects/SimpleCpuCode.o" -c "SimpleCpuCode.c"
Mon 14:42: cc -g -O3 -Wall -Wextra -fmessage-length=0 -I ../RunRules/Simulation/include -I. -I/opt/maxeler/maxcompiler/lib/maxeleros-sim/include -I/opt/maxeler/maxcompiler/include/slic -D_XOPEN_SOURCE=600  -std=c99 -DBUILDNAME_MAXFILE_1=Simple -DMAXFILE_1="Simple.max"  -MM -MP -MT "../RunRules/Simulation/objects/SimpleCpuCode.o" "SimpleCpuCode.c" > "../RunRules/Simulation/objects/SimpleCpuCode.d"
Mon 14:42: cc ../RunRules/Simulation/objects/SimpleCpuCode.o ../RunRules/Simulation/objects/slic_Simple.o  -L/opt/maxeler/maxcompiler/lib -L/opt/maxeler/maxcompiler/lib/maxeleros-sim/lib -lslic -lmaxeleros -lm -lpthread  -o "../RunRules/Simulation/binaries/Simple"
Mon 14:42: make[1]: Leaving directory `/home/demo/workspace/tutorial-chap04-example2-simplekernel/CPUCode'
Mon 14:42: Build completed: Mon Mar 09 14:42:23 PDT 2015


Mon 14:42: ########################################## 
Mon 14:42: Running
Mon 14:42: ########################################## 
Mon 14:42: Executing command:
Mon 14:42: '/home/demo/workspace/tutorial-chap04-example2-simplekernel/RunRules/Simulation/binaries/Simple' 
Mon 14:42: Command output:
Mon 14:42: 0	0.109589	4988.000000	
Mon 14:42: 1	0.109589	4988.000000	
Mon 14:42: 6	0.109589	4989.000000	
Mon 14:42: 6	0.109589	5075.000000	
Mon 14:42: 9	0.109589	4989.000000	
Mon 14:42: 10	0.109589	4990.000000	
Mon 14:42: 11	0.109589	4990.000000	
Mon 14:42: 11	0.109589	4990.000000	
Mon 14:42: 13	0.109589	4990.000000	
Mon 14:42: 13	0.109589	4990.000000	
Mon 14:42: 13	0.109589	4990.000000	
Mon 14:42: 13	0.109589	4990.000000	
Mon 14:42: 13	0.109589	4990.000000	
Mon 14:42: 13	0.109589	4990.000000	
Mon 14:42: 22	0.109589	4989.000000	
Mon 14:42: 22	0.109589	4990.000000	
Mon 14:42: 22	0.109589	4990.000000	
Mon 14:42: 22	0.109589	4991.000000	
Mon 14:42: 22	0.109589	4992.000000	
Mon 14:42: 22	0.109589	4989.000000	
Mon 14:42: 22	0.109589	4992.000000	
Mon 14:42: 23	0.109589	4989.000000	
Mon 14:42: 23	0.109589	4988.000000	
Mon 14:42: 23	0.109589	4988.000000	
Mon 14:42: 23	0.109589	4989.000000	
Mon 14:42: 23	0.109589	4989.000000	
Mon 14:42: 23	0.109589	4989.000000	
Mon 14:42: 23	0.109589	4989.000000	
Mon 14:42: 23	0.109589	5074.000000	
Mon 14:42: 23	0.109589	5299.000000	
Mon 14:42: 23	0.109589	5414.000000	
Mon 14:42: 23	0.109589	5414.000000	
Mon 14:42: 23	0.109589	5414.000000	
Mon 14:42: 23	0.109589	5414.000000	
Mon 14:42: 23	0.109589	5414.000000	
Mon 14:42: 23	0.109589	5414.000000	
Mon 14:42: 24	0.109589	4988.000000	
Mon 14:42: 30	0.109589	4988.000000	
Mon 14:42: 38	0.109589	4987.000000	
Mon 14:42: 38	0.109589	4987.000000	
Mon 14:42: 38	0.109589	4987.000000	
Mon 14:42: 38	0.109589	5412.000000	
Mon 14:42: 38	0.109589	5412.000000	
Mon 14:42: 38	0.109589	5412.000000	
Mon 14:42: 55	0.109589	4987.000000	
Mon 14:42: 57	0.109589	4988.000000	
Mon 14:42: 57	0.109589	4988.000000	
Mon 14:42: 57	0.109589	5299.000000	
Mon 14:42: 105	0.109589	4987.000000	
Mon 14:42: 106	0.109589	4988.000000	
Mon 14:42: 120	0.109589	4989.000000	
Mon 14:42: 120	0.109589	4988.000000	
Mon 14:42: 133	0.109589	4987.000000	
Mon 14:42: 133	0.109589	4987.000000	
Mon 14:42: 133	0.109589	4987.000000	
Mon 14:42: 133	0.109589	4986.000000	
Mon 14:42: 133	0.109589	4987.000000	
Mon 14:42: 133	0.109589	4987.000000	
Mon 14:42: 133	0.109589	4987.000000	
Mon 14:42: 136	0.109589	4986.000000	
Mon 14:42: 145	0.109589	4987.000000	
Mon 14:42: 145	0.109589	4987.000000	
Mon 14:42: 145	0.109589	4987.000000	
Mon 14:42: 145	0.109589	4987.000000	
Mon 14:42: 149	0.109589	4986.000000	
Mon 14:42: 149	0.109589	4986.000000	
Mon 14:42: 153	0.109589	4987.000000	
Mon 14:42: 155	0.109589	4985.000000	
Mon 14:42: 155	0.109589	4985.000000	
Mon 14:42: 155	0.109589	4985.000000	
Mon 14:42: 155	0.109589	5296.000000	
Mon 14:42: 159	0.109589	4985.000000	
Mon 14:42: 214	0.109589	4984.000000	
Mon 14:42: 214	0.109589	4984.000000	
Mon 14:42: 219	0.109589	4984.000000	
Mon 14:42: 221	0.109589	4984.000000	
Mon 14:42: 245	0.109589	4980.000000	
Mon 14:42: 245	0.109589	4980.000000	
Mon 14:42: 245	0.109589	4980.000000	
Mon 14:42: 245	0.109589	4980.000000	
Mon 14:42: 245	0.109589	4980.000000	
Mon 14:42: 245	0.109589	4980.000000	
Mon 14:42: 245	0.109589	4980.000000	
Mon 14:42: 245	0.109589	4980.000000	
Mon 14:42: 245	0.109589	4979.000000	
Mon 14:42: 245	0.109589	4980.000000	
Mon 14:42: 245	0.109589	4980.000000	
Mon 14:42: 245	0.109589	4980.000000	
Mon 14:42: 245	0.109589	4980.000000	
Mon 14:42: 245	0.109589	4980.000000	
Mon 14:42: 245	0.109589	4980.000000	
Mon 14:42: 245	0.109589	4980.000000	
Mon 14:42: 245	0.109589	4980.000000	
Mon 14:42: 245	0.109589	4980.000000	
Mon 14:42: 245	0.109589	4980.000000	
Mon 14:42: 245	0.109589	4980.000000	
Mon 14:42: 245	0.109589	4980.000000	
Mon 14:42: 245	0.109589	4980.000000	
Mon 14:42: 245	0.109589	4979.000000	
Mon 14:42: 245	0.109589	4980.000000	
Mon 14:42: 49.880001 49.880001 Call Price = 1.911601
Mon 14:42: Process terminated with exit code 0.
