Fri 10:48: ########################################## 
Fri 10:48: Compiling.
Fri 10:48: ########################################## 

Fri 10:48: MaxCompiler version: 2014.2 (simulation only).
Fri 10:48: Build Simulation run rule for tutorial-chap04-example2-simplekernel start time: Fri Mar 13 10:48:39 PDT 2015.
Fri 10:48: Project location: /home/demo/workspace/tutorial-chap04-example2-simplekernel.
Fri 10:48: Detailed build log: /home/demo/workspace/tutorial-chap04-example2-simplekernel/RunRules/Simulation/build.log.

Fri 10:48: Compiling Engine Code.
Fri 10:48: Engine building skipped (no changes on .max files).
Fri 10:48: Compiling CPU Code.
Fri 10:48: Run CPU project make files updating
Fri 10:48: Executing command:
Fri 10:48: java -jar /opt/maxeler/maxcompiler/lib/MaxIDE/projectAdmin.jar -u /home/demo/workspace/tutorial-chap04-example2-simplekernel Simulation 
Fri 10:48: Command output:

Fri 10:48: MaxCompiler Project Admin Tool Version 2014.2
Fri 10:48:  Copyright Maxeler Technologies 2010 - 2014. All rights reserved.

Fri 10:48: Handler version 2
Fri 10:48: Updating RunRule dependent Makefiles for RunRule 'Simulation'
Fri 10:48: 	Updating: Simulation
Fri 10:48: Found makefiles: 1
Fri 10:48: 	Updated: Simulation
Fri 10:48: Run CPU make.
Fri 10:48: make RUNRULE=Simulation 
Fri 10:48: Command output:
Fri 10:48: make -f Makefile.rules build
Fri 10:48: make[1]: Entering directory `/home/demo/workspace/tutorial-chap04-example2-simplekernel/CPUCode'
Fri 10:48: set -e; rm -f ../RunRules/Simulation/objects/c/SimpleCpuCode.d ;                                                             \
Fri 10:48: 	  cc -M -std=gnu99 -g -O3 -Wall -Wextra -I../RunRules/Simulation/include  -I '/opt/maxeler/maxcompiler/include/slic'  -Wno-error SimpleCpuCode.c > ../RunRules/Simulation/objects/c/SimpleCpuCode.d.$$ ;                                 \
Fri 10:48:       sed 's,\(SimpleCpuCode\)\.o[ :]*,../RunRules/Simulation/objects/c/\1.o ../RunRules/Simulation/objects/c/SimpleCpuCode.d : ,g' < ../RunRules/Simulation/objects/c/SimpleCpuCode.d.$$ > ../RunRules/Simulation/objects/c/SimpleCpuCode.d; \
Fri 10:48:       rm -f ../RunRules/Simulation/objects/c/SimpleCpuCode.d.$$
Fri 10:48: make[1]: Leaving directory `/home/demo/workspace/tutorial-chap04-example2-simplekernel/CPUCode'
Fri 10:48: make[1]: Entering directory `/home/demo/workspace/tutorial-chap04-example2-simplekernel/CPUCode'
Fri 10:48: cc -std=gnu99 -g -O3 -Wall -Wextra -I../RunRules/Simulation/include  -I '/opt/maxeler/maxcompiler/include/slic'  -c SimpleCpuCode.c -o ../RunRules/Simulation/objects/c/SimpleCpuCode.o
Fri 10:48: cc -std=gnu99 -g -O3 -Wall -Wextra -I../RunRules/Simulation/include  -I '/opt/maxeler/maxcompiler/include/slic'  -o ../RunRules/Simulation/binaries/Simple ../RunRules/Simulation/objects/maxfiles/slic_Simple.o ../RunRules/Simulation/objects/c/SimpleCpuCode.o -g -O3  -L '/opt/maxeler/maxcompiler/lib' -lslic -L '/opt/maxeler/maxcompiler/lib/maxeleros-sim/lib' -lmaxeleros -lpthread -lm -lrt 
Fri 10:48: make[1]: Leaving directory `/home/demo/workspace/tutorial-chap04-example2-simplekernel/CPUCode'
Fri 10:48: Build completed: Fri Mar 13 10:48:41 PDT 2015


Fri 10:48: ########################################## 
Fri 10:48: Running
Fri 10:48: ########################################## 
Fri 10:48: Executing command:
Fri 10:48: '/home/demo/workspace/tutorial-chap04-example2-simplekernel/RunRules/Simulation/binaries/Simple' 
Fri 10:48: Command output:
Fri 10:48: Kernel...
Fri 10:48: Put Price = 3.927054
Fri 10:48: Call Price = 3.908799
Fri 10:48: Process terminated with exit code 0.
