Thu 15:38: ########################################## 
Thu 15:38: Compiling.
Thu 15:38: ########################################## 

Thu 15:38: MaxCompiler version: 2014.1.1 (simulation only).
Thu 15:38: Build Simulation run rule for BAW start time: Thu Mar 12 15:38:56 PDT 2015.
Thu 15:38: Project location: /home/demo/Desktop/work/BAW.
Thu 15:38: Detailed build log: /home/demo/Desktop/work/BAW/RunRules/Simulation/build.log.

Thu 15:38: Compiling Engine Code.
Thu 15:38: Engine building skipped (no changes on .max files).
Thu 15:38: Compiling CPU Code.
Thu 15:38: Run CPU project make files updating
Thu 15:38: Executing command:
Thu 15:38: java -jar /opt/maxeler/maxcompiler/lib/MaxIDE/projectAdmin.jar -u /home/demo/Desktop/work/BAW Simulation 
Thu 15:38: Command output:

Thu 15:38: MaxCompiler Project Admin Tool Version 2014.1.1
Thu 15:38:  Copyright Maxeler Technologies 2010 - 2014. All rights reserved.

Thu 15:38: Handler version 2
Thu 15:38: Updating RunRule dependent Makefiles for RunRule 'Simulation'
Thu 15:38: 	Updating: Simulation
Thu 15:38: Found makefiles: 1
Thu 15:38: 	Updated: Simulation
Thu 15:38: Run CPU make.
Thu 15:38: make RUNRULE=Simulation 
Thu 15:38: Command output:
Thu 15:38: make -f Makefile.rules build
Thu 15:38: make[1]: Entering directory `/home/demo/Desktop/work/BAW/CPUCode'
Thu 15:38: set -e; rm -f ../RunRules/Simulation/objects/c/BAWCpuCode.d ;                                                             \
Thu 15:38: 	  cc -M -std=gnu99 -g -O3 -Wall -Wextra -I../RunRules/Simulation/include  -I '/opt/maxeler/maxcompiler/include/slic'  -Wno-error BAWCpuCode.c > ../RunRules/Simulation/objects/c/BAWCpuCode.d.$$ ;                                 \
Thu 15:38:       sed 's,\(BAWCpuCode\)\.o[ :]*,../RunRules/Simulation/objects/c/\1.o ../RunRules/Simulation/objects/c/BAWCpuCode.d : ,g' < ../RunRules/Simulation/objects/c/BAWCpuCode.d.$$ > ../RunRules/Simulation/objects/c/BAWCpuCode.d; \
Thu 15:38:       rm -f ../RunRules/Simulation/objects/c/BAWCpuCode.d.$$
Thu 15:38: make[1]: Leaving directory `/home/demo/Desktop/work/BAW/CPUCode'
Thu 15:38: make[1]: Entering directory `/home/demo/Desktop/work/BAW/CPUCode'
Thu 15:38: cc -std=gnu99 -g -O3 -Wall -Wextra -I../RunRules/Simulation/include  -I '/opt/maxeler/maxcompiler/include/slic'  -c BAWCpuCode.c -o ../RunRules/Simulation/objects/c/BAWCpuCode.o
Thu 15:38: cc -std=gnu99 -g -O3 -Wall -Wextra -I../RunRules/Simulation/include  -I '/opt/maxeler/maxcompiler/include/slic'  -o ../RunRules/Simulation/binaries/BAW ../RunRules/Simulation/objects/maxfiles/slic_BAW.o ../RunRules/Simulation/objects/c/BAWCpuCode.o -g -O3  -L '/opt/maxeler/maxcompiler/lib' -lslic -L '/opt/maxeler/maxcompiler/lib/maxeleros-sim/lib' -lmaxeleros -lpthread -lm -lrt 
Thu 15:38: make[1]: Leaving directory `/home/demo/Desktop/work/BAW/CPUCode'
Thu 15:38: Build completed: Thu Mar 12 15:38:59 PDT 2015


Thu 15:38: ########################################## 
Thu 15:38: Running
Thu 15:38: ########################################## 
Thu 15:38: Executing command:
Thu 15:38: '/home/demo/Desktop/work/BAW/RunRules/Simulation/binaries/BAW' 
Thu 15:38: Command output:
Thu 15:39: Read CSV complete
Thu 15:39: S=49.880001 K=49.880001 r=0.010000 q=0.000000 sigma=0.280000 time=0.109589 Call Price=1.870272 Put Price = 3.553873
Thu 15:39: S=49.880001 K=49.880001 r=0.010000 q=0.000000 sigma=0.280000 time=0.109589 Call Price=1.870272 Put Price = 3.553873
Thu 15:39: S=49.889999 K=49.889999 r=0.010000 q=0.000000 sigma=0.280000 time=0.109589 Call Price=1.870647 Put Price = 3.554586
Thu 15:39: S=50.750000 K=50.750000 r=0.010000 q=0.000000 sigma=0.280000 time=0.109589 Call Price=1.902893 Put Price = 3.615859
Thu 15:39: S=49.889999 K=49.889999 r=0.010000 q=0.000000 sigma=0.280000 time=0.109589 Call Price=1.870647 Put Price = 3.554586
Thu 15:39: S=49.900002 K=49.900002 r=0.010000 q=0.000000 sigma=0.280000 time=0.109589 Call Price=1.871023 Put Price = 3.555299
Thu 15:39: S=49.900002 K=49.900002 r=0.010000 q=0.000000 sigma=0.280000 time=0.109589 Call Price=1.871023 Put Price = 3.555299
Thu 15:39: S=49.900002 K=49.900002 r=0.010000 q=0.000000 sigma=0.280000 time=0.109589 Call Price=1.871023 Put Price = 3.555299
Thu 15:39: S=49.900002 K=49.900002 r=0.010000 q=0.000000 sigma=0.280000 time=0.109589 Call Price=1.871023 Put Price = 3.555299
Thu 15:39: S=49.900002 K=49.900002 r=0.010000 q=0.000000 sigma=0.280000 time=0.109589 Call Price=1.871023 Put Price = 3.555299
Thu 15:39: S=49.900002 K=49.900002 r=0.010000 q=0.000000 sigma=0.280000 time=0.109589 Call Price=1.871023 Put Price = 3.555299
Thu 15:39: S=49.900002 K=49.900002 r=0.010000 q=0.000000 sigma=0.280000 time=0.109589 Call Price=1.871023 Put Price = 3.555299
Thu 15:39: S=49.900002 K=49.900002 r=0.010000 q=0.000000 sigma=0.280000 time=0.109589 Call Price=1.871023 Put Price = 3.555299
Thu 15:39: S=49.900002 K=49.900002 r=0.010000 q=0.000000 sigma=0.280000 time=0.109589 Call Price=1.871023 Put Price = 3.555299
Thu 15:39: S=49.889999 K=49.889999 r=0.010000 q=0.000000 sigma=0.280000 time=0.109589 Call Price=1.870647 Put Price = 3.554586
Thu 15:39: S=49.900002 K=49.900002 r=0.010000 q=0.000000 sigma=0.280000 time=0.109589 Call Price=1.871023 Put Price = 3.555299
Thu 15:39: S=49.900002 K=49.900002 r=0.010000 q=0.000000 sigma=0.280000 time=0.109589 Call Price=1.871023 Put Price = 3.555299
Thu 15:39: S=49.910000 K=49.910000 r=0.010000 q=0.000000 sigma=0.280000 time=0.109589 Call Price=1.871395 Put Price = 3.556011
Thu 15:39: S=49.919998 K=49.919998 r=0.010000 q=0.000000 sigma=0.280000 time=0.109589 Call Price=1.871771 Put Price = 3.556724
Thu 15:39: S=49.889999 K=49.889999 r=0.010000 q=0.000000 sigma=0.280000 time=0.109589 Call Price=1.870647 Put Price = 3.554586
Thu 15:39: S=49.919998 K=49.919998 r=0.010000 q=0.000000 sigma=0.280000 time=0.109589 Call Price=1.871771 Put Price = 3.556724
Thu 15:39: S=49.889999 K=49.889999 r=0.010000 q=0.000000 sigma=0.280000 time=0.109589 Call Price=1.870647 Put Price = 3.554586
Thu 15:39: S=49.880001 K=49.880001 r=0.010000 q=0.000000 sigma=0.280000 time=0.109589 Call Price=1.870272 Put Price = 3.553873
Thu 15:39: Process terminated with exit code -1.
Thu 15:39: Terminated