Mon 13:47: PROGRESS: MaxCompiler version: 2014.1.1 (simulation only)
Mon 13:47: PROGRESS: Build "Simple" start time: Mon Mar 09 13:47:15 PDT 2015
Mon 13:47: PROGRESS: Main build process running as user demo on host wirelessprvnat-172-16-226-128.near.illinois.edu
Mon 13:47: INFO    : Loading build properties from bundled MaxCompiler_build.conf...
Mon 13:47: INFO    : No default external build property file has been specified.
Mon 13:47: INFO    : (Set environment variable MAXCOMPILER_DEFAULT_CONF_FILE to assign one)
Mon 13:47: INFO    : Loading user build properties from: /home/demo/.MaxCompiler_build_user.conf
Mon 13:47: INFO    : No user-specified external build property file has been specified.
Mon 13:47: INFO    : (Set environment variable MAXCOMPILER_BUILD_CONF_FILE to assign one)
Mon 13:47: INFO    : Loading additional parameters from MAXCOMPILER_BUILD_CONF environment variable
Mon 13:47: PROGRESS: Build location: /home/demo/Desktop/MaxCompiler-Builds/Simple_VECTIS_DFE_SIM
Mon 13:47: PROGRESS: Detailed build log available in "_build.log"
Mon 13:47: INFO    : Created build manager Simple (Simple_VECTIS_DFE_SIM Mon Mar 09 13:47:15 PDT 2015). (13:47:15 09/03/15)
Mon 13:47: INFO    : Working in dir: /home/demo/Desktop/MaxCompiler-Builds/Simple_VECTIS_DFE_SIM
Mon 13:47: INFO    : Java class path (2 paths):
Mon 13:47: INFO    : 	/home/demo/workspace/tutorial-chap04-example2-simplekernel/EngineCode/bin
Mon 13:47: INFO    : 	/opt/maxeler/maxcompiler/lib/MaxCompiler.jar
Mon 13:47: INFO    : Java process started by 'main' method in class 'simple.SimpleManager'.
Mon 13:47: INFO    : build.arbitrated_core_cache parameter is blank, not using core-cache
Mon 13:47: INFO    : Checking license files in directory: /opt/maxeler/maxcompiler/licenses
Mon 13:47: INFO    : All license signatures valid.
Mon 13:47: INFO    : Backing-up source-files (old source files in build directory will be removed first)...
Mon 13:47: INFO    : Source directories: /home/demo/workspace/tutorial-chap04-example2-simplekernel/EngineCode/src:
Mon 13:47: INFO    : Not deleting directory (does not exist): src
Mon 13:47: INFO    : Copying source-files took 7.71187 ms
Mon 13:47: PROGRESS: Instantiating manager
Mon 13:47: PROGRESS: Instantiating kernel "SimpleKernel"
Mon 13:47: WARNING : Floating-point casts ignore set rounding mode and use TONEAREVEN rounding only.
Mon 13:47: INFO    : Running command: java  com.maxeler.maxblox.funceval.RemezRunner FunctionLog2_0.0_1.0_3_128_28.remezInput
Mon 13:47: INFO    : segNum: 0 : 128 : 1.0334799625717955E-11
Mon 13:47: INFO    : segNum: 1 : 128 : 1.001925759810508E-11
Mon 13:47: INFO    : segNum: 2 : 128 : 9.715675358257246E-12
Mon 13:47: INFO    : segNum: 3 : 128 : 9.42349743386368E-12
Mon 13:47: INFO    : segNum: 4 : 128 : 9.14221040073239E-12
Mon 13:47: INFO    : segNum: 5 : 128 : 8.8713481467413E-12
Mon 13:47: INFO    : segNum: 6 : 128 : 8.6104432333649E-12
Mon 13:47: INFO    : segNum: 7 : 128 : 8.3590409940849E-12
Mon 13:47: INFO    : segNum: 8 : 128 : 8.1167748752196E-12
Mon 13:47: INFO    : segNum: 9 : 128 : 7.8832156383402E-12
Mon 13:47: INFO    : segNum: 10 : 128 : 7.657983633564E-12
Mon 13:47: INFO    : segNum: 11 : 128 : 7.440766495567E-12
Mon 13:47: INFO    : segNum: 12 : 128 : 7.231205583299E-12
Mon 13:47: INFO    : segNum: 13 : 128 : 7.02891553018E-12
Mon 13:47: INFO    : segNum: 14 : 128 : 6.833683851083E-12
Mon 13:47: INFO    : segNum: 15 : 128 : 6.645173031318E-12
Mon 13:47: INFO    : segNum: 16 : 128 : 6.463128507858E-12
Mon 13:47: INFO    : segNum: 17 : 128 : 6.287287026815E-12
Mon 13:47: INFO    : segNum: 18 : 128 : 6.11737209671E-12
Mon 13:47: INFO    : segNum: 19 : 128 : 5.95316788123E-12
Mon 13:47: INFO    : segNum: 20 : 128 : 5.79441123227E-12
Mon 13:47: INFO    : segNum: 21 : 128 : 5.64091173086E-12
Mon 13:47: INFO    : segNum: 22 : 128 : 5.49249986148E-12
Mon 13:47: INFO    : segNum: 23 : 128 : 5.34888649261E-12
Mon 13:47: INFO    : segNum: 24 : 128 : 5.20998058854E-12
Mon 13:47: INFO    : segNum: 25 : 128 : 5.07553274423E-12
Mon 13:47: INFO    : segNum: 26 : 128 : 4.94541826076E-12
Mon 13:47: INFO    : segNum: 27 : 128 : 4.81942489408E-12
Mon 13:47: INFO    : segNum: 28 : 128 : 4.69740241459E-12
Mon 13:47: INFO    : segNum: 29 : 128 : 4.57924738356E-12
Mon 13:47: INFO    : segNum: 30 : 128 : 4.4647798321E-12
Mon 13:47: INFO    : segNum: 31 : 128 : 4.35386628592E-12
Mon 13:47: INFO    : segNum: 32 : 128 : 4.24638074098E-12
Mon 13:47: INFO    : segNum: 33 : 128 : 4.14216768682E-12
Mon 13:47: INFO    : segNum: 34 : 128 : 4.04115187571E-12
Mon 13:47: INFO    : segNum: 35 : 128 : 3.94318690162E-12
Mon 13:47: INFO    : segNum: 36 : 128 : 3.8482025493E-12
Mon 13:47: INFO    : segNum: 37 : 128 : 3.7560297677E-12
Mon 13:47: INFO    : segNum: 38 : 128 : 3.6665495136E-12
Mon 13:47: INFO    : segNum: 39 : 128 : 3.5798140007E-12
Mon 13:47: INFO    : segNum: 40 : 128 : 3.4955953547E-12
Mon 13:47: INFO    : segNum: 41 : 128 : 3.4138258068E-12
Mon 13:47: INFO    : segNum: 42 : 128 : 3.3344411036E-12
Mon 13:47: INFO    : segNum: 43 : 128 : 3.257333155E-12
Mon 13:47: INFO    : segNum: 44 : 128 : 3.1824884537E-12
Mon 13:47: INFO    : segNum: 45 : 128 : 3.1097213319E-12
Mon 13:47: INFO    : segNum: 46 : 128 : 3.0390427352E-12
Mon 13:47: INFO    : segNum: 47 : 128 : 2.9704009914E-12
Mon 13:47: INFO    : segNum: 48 : 128 : 2.9036206873E-12
Mon 13:47: INFO    : segNum: 49 : 128 : 2.8387740213E-12
Mon 13:47: INFO    : segNum: 50 : 128 : 2.7756960423E-12
Mon 13:47: INFO    : segNum: 51 : 128 : 2.7143277216E-12
Mon 13:47: INFO    : segNum: 52 : 128 : 2.6546806494E-12
Mon 13:47: INFO    : segNum: 53 : 128 : 2.5966778578E-12
Mon 13:47: INFO    : segNum: 54 : 128 : 2.5402420321E-12
Mon 13:47: INFO    : segNum: 55 : 128 : 2.4852925028E-12
Mon 13:47: INFO    : segNum: 56 : 128 : 2.4318596936E-12
Mon 13:47: INFO    : segNum: 57 : 128 : 2.3798400168E-12
Mon 13:47: INFO    : segNum: 58 : 128 : 2.3292313824E-12
Mon 13:47: INFO    : segNum: 59 : 128 : 2.2799155411E-12
Mon 13:47: INFO    : segNum: 60 : 128 : 2.2319407221E-12
Mon 13:47: INFO    : segNum: 61 : 128 : 2.1852091833E-12
Mon 13:47: INFO    : segNum: 62 : 128 : 2.1396693807E-12
Mon 13:47: INFO    : segNum: 63 : 128 : 2.0952866607E-12
Mon 13:47: INFO    : segNum: 64 : 128 : 2.052151398E-12
Mon 13:47: INFO    : segNum: 65 : 128 : 2.0100645807E-12
Mon 13:47: INFO    : segNum: 66 : 128 : 1.9690324346E-12
Mon 13:47: INFO    : segNum: 67 : 128 : 1.9290563664E-12
Mon 13:47: INFO    : segNum: 68 : 128 : 1.8900893709E-12
Mon 13:47: INFO    : segNum: 69 : 128 : 1.8520850188E-12
Mon 13:47: INFO    : segNum: 70 : 128 : 1.815030666E-12
Mon 13:47: INFO    : segNum: 71 : 128 : 1.7789488036E-12
Mon 13:47: INFO    : segNum: 72 : 128 : 1.7437246947E-12
Mon 13:47: INFO    : segNum: 73 : 128 : 1.7093551713E-12
Mon 13:47: INFO    : segNum: 74 : 128 : 1.6758417506E-12
Mon 13:47: INFO    : segNum: 75 : 128 : 1.6431495559E-12
Mon 13:47: INFO    : segNum: 76 : 128 : 1.611267829E-12
Mon 13:47: INFO    : segNum: 77 : 128 : 1.580108616E-12
Mon 13:47: INFO    : segNum: 78 : 128 : 1.549724913E-12
Mon 13:47: INFO    : segNum: 79 : 128 : 1.520093323E-12
Mon 13:47: INFO    : segNum: 80 : 128 : 1.491126428E-12
Mon 13:47: INFO    : segNum: 81 : 128 : 1.462877453E-12
Mon 13:47: INFO    : segNum: 82 : 128 : 1.435282153E-12
Mon 13:47: INFO    : segNum: 83 : 128 : 1.408318923E-12
Mon 13:47: INFO    : segNum: 84 : 128 : 1.382014222E-12
Mon 13:47: INFO    : segNum: 85 : 128 : 1.356287267E-12
Mon 13:47: INFO    : segNum: 86 : 128 : 1.331207676E-12
Mon 13:47: INFO    : segNum: 87 : 128 : 1.306599271E-12
Mon 13:47: INFO    : segNum: 88 : 128 : 1.282681053E-12
Mon 13:47: INFO    : segNum: 89 : 128 : 1.259241337E-12
Mon 13:47: INFO    : segNum: 90 : 128 : 1.236321835E-12
Mon 13:47: INFO    : segNum: 91 : 128 : 1.213962543E-12
Mon 13:47: INFO    : segNum: 92 : 128 : 1.192112054E-12
Mon 13:47: INFO    : segNum: 93 : 128 : 1.170729616E-12
Mon 13:47: INFO    : segNum: 94 : 128 : 1.149823457E-12
Mon 13:47: INFO    : segNum: 95 : 128 : 1.129379811E-12
Mon 13:47: INFO    : segNum: 96 : 128 : 1.109390644E-12
Mon 13:47: INFO    : segNum: 97 : 128 : 1.089837441E-12
Mon 13:47: INFO    : segNum: 98 : 128 : 1.070743766E-12
Mon 13:47: INFO    : segNum: 99 : 128 : 1.051989265E-12
Mon 13:47: INFO    : segNum: 100 : 128 : 1.033740842E-12
Mon 13:47: INFO    : segNum: 101 : 128 : 1.015851292E-12
Mon 13:47: INFO    : segNum: 102 : 128 : 9.98313123E-13
Mon 13:47: INFO    : segNum: 103 : 128 : 9.81179898E-13
Mon 13:47: INFO    : segNum: 104 : 128 : 9.64431817E-13
Mon 13:47: INFO    : segNum: 105 : 128 : 9.48041313E-13
Mon 13:47: INFO    : segNum: 106 : 128 : 9.31938122E-13
Mon 13:47: INFO    : segNum: 107 : 128 : 9.16202696E-13
Mon 13:47: INFO    : segNum: 108 : 128 : 9.00801673E-13
Mon 13:47: INFO    : segNum: 109 : 128 : 8.85740786E-13
Mon 13:47: INFO    : segNum: 110 : 128 : 8.70955032E-13
Mon 13:47: INFO    : segNum: 111 : 128 : 8.56546272E-13
Mon 13:47: INFO    : segNum: 112 : 128 : 8.4235727E-13
Mon 13:47: INFO    : segNum: 113 : 128 : 8.28531837E-13
Mon 13:47: INFO    : segNum: 114 : 128 : 8.14977149E-13
Mon 13:47: INFO    : segNum: 115 : 128 : 8.01632496E-13
Mon 13:47: INFO    : segNum: 116 : 128 : 7.88571186E-13
Mon 13:47: INFO    : segNum: 117 : 128 : 7.75823602E-13
Mon 13:47: INFO    : segNum: 118 : 128 : 7.63326954E-13
Mon 13:47: INFO    : segNum: 119 : 128 : 7.5105648E-13
Mon 13:47: INFO    : segNum: 120 : 128 : 7.39044771E-13
Mon 13:47: INFO    : segNum: 121 : 128 : 7.27238862E-13
Mon 13:47: INFO    : segNum: 122 : 128 : 7.1572239E-13
Mon 13:47: INFO    : segNum: 123 : 128 : 7.04400793E-13
Mon 13:47: INFO    : segNum: 124 : 128 : 6.93279679E-13
Mon 13:47: INFO    : segNum: 125 : 128 : 6.8245574E-13
Mon 13:47: INFO    : segNum: 126 : 128 : 6.71795776E-13
Mon 13:47: INFO    : segNum: 127 : 128 : 6.61326628E-13
Mon 13:47: INFO    : Writing output to FunctionLog2_0.0_1.0_3_128_28.coe
Mon 13:47: INFO    : Error requirement satisfied for job 
Mon 13:47: INFO    : Maximum approx error: 1.0334799625717955E-11
Mon 13:47: INFO    : Required approx error: 1.862645149230957E-9
Mon 13:47: INFO    : Error requirement satisifed for all jobs
Mon 13:47: INFO    : Running command: java  com.maxeler.maxblox.funceval.RemezRunner FunctionLog2_0.0_1.0_3_128_28.remezInput
Mon 13:47: INFO    : Checking for file hash changes...
Mon 13:47: INFO    : No changes.
Mon 13:47: INFO    : Error requirement satisfied for job 
Mon 13:47: INFO    : Maximum approx error: 1.0334799625717955E-11
Mon 13:47: INFO    : Required approx error: 1.862645149230957E-9
Mon 13:47: INFO    : Error requirement satisifed for all jobs
Mon 13:47: INFO    : Running command: java  com.maxeler.maxblox.funceval.RemezRunner FunctionLog2_0.0_1.0_3_128_28.remezInput
Mon 13:47: INFO    : Checking for file hash changes...
Mon 13:47: INFO    : No changes.
Mon 13:47: INFO    : Error requirement satisfied for job 
Mon 13:47: INFO    : Maximum approx error: 1.0334799625717955E-11
Mon 13:47: INFO    : Required approx error: 1.862645149230957E-9
Mon 13:47: INFO    : Error requirement satisifed for all jobs
Mon 13:47: INFO    : Running command: java  com.maxeler.maxblox.funceval.RemezRunner FunctionLog2_0.0_1.0_3_128_28.remezInput
Mon 13:47: INFO    : Checking for file hash changes...
Mon 13:47: INFO    : No changes.
Mon 13:47: INFO    : Error requirement satisfied for job 
Mon 13:47: INFO    : Maximum approx error: 1.0334799625717955E-11
Mon 13:47: INFO    : Required approx error: 1.862645149230957E-9
Mon 13:47: INFO    : Error requirement satisifed for all jobs
Mon 13:47: INFO    : Running command: java  com.maxeler.maxblox.funceval.RemezRunner FunctionLog2_0.0_1.0_3_128_28.remezInput
Mon 13:47: INFO    : Checking for file hash changes...
Mon 13:47: INFO    : No changes.
Mon 13:47: INFO    : Error requirement satisfied for job 
Mon 13:47: INFO    : Maximum approx error: 1.0334799625717955E-11
Mon 13:47: INFO    : Required approx error: 1.862645149230957E-9
Mon 13:47: INFO    : Error requirement satisifed for all jobs
Mon 13:47: INFO    : Running command: java  com.maxeler.maxblox.funceval.RemezRunner FunctionLog2_0.0_1.0_3_128_28.remezInput
Mon 13:47: INFO    : Checking for file hash changes...
Mon 13:47: INFO    : No changes.
Mon 13:47: INFO    : Error requirement satisfied for job 
Mon 13:47: INFO    : Maximum approx error: 1.0334799625717955E-11
Mon 13:47: INFO    : Required approx error: 1.862645149230957E-9
Mon 13:47: INFO    : Error requirement satisifed for all jobs
Mon 13:47: INFO    : Running command: java  com.maxeler.maxblox.funceval.RemezRunner FunctionLog2_0.0_1.0_3_128_28.remezInput
Mon 13:47: INFO    : Checking for file hash changes...
Mon 13:47: INFO    : No changes.
Mon 13:47: INFO    : Error requirement satisfied for job 
Mon 13:47: INFO    : Maximum approx error: 1.0334799625717955E-11
Mon 13:47: INFO    : Required approx error: 1.862645149230957E-9
Mon 13:47: INFO    : Error requirement satisifed for all jobs
Mon 13:47: PROGRESS: Compiling manager (CPU I/O Only)
Mon 13:47: INFO    : Manager Configuration:
Mon 13:47: INFO    : 	ManagerConfiguration.allowNonMultipleTransitions = false                                                         [Init: false]
Mon 13:47: INFO    : 	ManagerConfiguration.board = MAX3424A                                                                            [Init: null, init: MAX3424A]
Mon 13:47: INFO    : 	ManagerConfiguration.build.buildEffort = MEDIUM                                                                  [Init: MEDIUM]
Mon 13:47: INFO    : 	ManagerConfiguration.build.enableChipScopeInserter = false                                                       [Init: false]
Mon 13:47: INFO    : 	ManagerConfiguration.build.enableTimingAnalysis = true                                                           [Init: true]
Mon 13:47: INFO    : 	ManagerConfiguration.build.level = FULL_BUILD                                                                    [Init: FULL_BUILD]
Mon 13:47: INFO    : 	ManagerConfiguration.build.mpprContinueAfterMeetingTiming = false                                                [Init: false]
Mon 13:47: INFO    : 	ManagerConfiguration.build.mpprCtMax = 1                                                                         [Init: 1]
Mon 13:47: INFO    : 	ManagerConfiguration.build.mpprCtMin = 1                                                                         [Init: 1]
Mon 13:47: INFO    : 	ManagerConfiguration.build.mpprParallelism = 1                                                                   [Init: 1]
Mon 13:47: INFO    : 	ManagerConfiguration.build.mpprRetryMissesThrshld = 0                                                            [Init: 0]
Mon 13:47: INFO    : 	ManagerConfiguration.build.optGoal = BALANCED                                                                    [Init: BALANCED]
Mon 13:47: INFO    : 	ManagerConfiguration.build.physSynthAsyncPipelining = AUTO                                                       [Init: AUTO]
Mon 13:47: INFO    : 	ManagerConfiguration.build.physSynthCombLogic = AUTO                                                             [Init: AUTO]
Mon 13:47: INFO    : 	ManagerConfiguration.build.physSynthCombLogicForArea = AUTO                                                      [Init: AUTO]
Mon 13:47: INFO    : 	ManagerConfiguration.build.physSynthEffort = AUTO                                                                [Init: AUTO]
Mon 13:47: INFO    : 	ManagerConfiguration.build.physSynthRegDuplication = AUTO                                                        [Init: AUTO]
Mon 13:47: INFO    : 	ManagerConfiguration.build.physSynthRetiming = AUTO                                                              [Init: AUTO]
Mon 13:47: INFO    : 	ManagerConfiguration.build.physicalSynthesis = false                                                             [Init: false]
Mon 13:47: INFO    : 	ManagerConfiguration.buildTarget = DFE_SIM                                                                       [Init: null, init: DFE_SIM]
Mon 13:47: INFO    : 	ManagerConfiguration.debug.chipscopeCaptureDepth = 4096                                                          [Init: 4096]
Mon 13:47: INFO    : 	ManagerConfiguration.debug.fifoUnderOverFlowRegs = false                                                         [Init: false]
Mon 13:47: INFO    : 	ManagerConfiguration.debug.memCtlDebugRegs = true                                                                [Init: true]
Mon 13:47: INFO    : 	ManagerConfiguration.debug.memCtlExtraDebugRegs = false                                                          [Init: false]
Mon 13:47: INFO    : 	ManagerConfiguration.debug.memMarginingSupport = false                                                           [Init: false]
Mon 13:47: INFO    : 	ManagerConfiguration.debug.memPhyDebugRegister = NONE                                                            [Init: NONE]
Mon 13:47: INFO    : 	ManagerConfiguration.debug.memPllLockDebugRegs = true                                                            [Init: true]
Mon 13:47: INFO    : 	ManagerConfiguration.debug.streamStatus = false                                                                  [Init: false]
Mon 13:47: INFO    : 	ManagerConfiguration.debug.streamStatusChecksums = false                                                         [Init: false]
Mon 13:47: INFO    : 	ManagerConfiguration.dram.addressGeneratorsInSlowClock = false                                                   [Init: false]
Mon 13:47: INFO    : 	ManagerConfiguration.dram.arbitrationMode = ROUND_ROBIN                                                          [Init: ROUND_ROBIN]
Mon 13:47: INFO    : 	ManagerConfiguration.dram.burstSize = 8                                                                          [Init: 8]
Mon 13:47: INFO    : 	ManagerConfiguration.dram.cmdFifoInReg = false                                                                   [Init: false]
Mon 13:47: INFO    : 	ManagerConfiguration.dram.cmdFifoLutRam = false                                                                  [Init: false]
Mon 13:47: INFO    : 	ManagerConfiguration.dram.cmdFifoRegInRam = true                                                                 [Init: true]
Mon 13:47: INFO    : 	ManagerConfiguration.dram.cmdFifoSize = 31                                                                       [Init: 31]
Mon 13:47: INFO    : 	ManagerConfiguration.dram.commandEchoModeEnabled = false                                                         [Init: false]
Mon 13:47: INFO    : 	ManagerConfiguration.dram.commandEchoModeFifoDepth = 512                                                         [Init: 512]
Mon 13:47: INFO    : 	ManagerConfiguration.dram.commandEchoModeStreamAlmostEmptyLatency = 792                                          [Init: 792]
Mon 13:47: INFO    : 	ManagerConfiguration.dram.commandEchoModeStreamAlmostEmptyLatency = 8                                            [Init: 8]
Mon 13:47: INFO    : 	ManagerConfiguration.dram.commandEchoModeStreamStallLatency = 8                                                  [Init: 8]
Mon 13:47: INFO    : 	ManagerConfiguration.dram.dataFifoDepth = 512                                                                    [Init: 512]
Mon 13:47: INFO    : 	ManagerConfiguration.dram.dataFifoLutRam = false                                                                 [Init: false]
Mon 13:47: INFO    : 	ManagerConfiguration.dram.dataFifoWidth = 792                                                                    [Init: 792]
Mon 13:47: INFO    : 	ManagerConfiguration.dram.eccMode = false                                                                        [Init: false]
Mon 13:47: INFO    : 	ManagerConfiguration.dram.fabricDataFifoReg = true                                                               [Init: true]
Mon 13:47: INFO    : 	ManagerConfiguration.dram.fabricRdDataFifoReg = false                                                            [Init: false]
Mon 13:47: INFO    : 	ManagerConfiguration.dram.flagSupport = false                                                                    [Init: false]
Mon 13:47: INFO    : 	ManagerConfiguration.dram.highPrioStream = false                                                                 [Init: false]
Mon 13:47: INFO    : 	ManagerConfiguration.dram.max2CompatMode = false                                                                 [Init: false]
Mon 13:47: INFO    : 	ManagerConfiguration.dram.max4m_MAIA_MCP_UseRefClk = false                                                       [Init: false]
Mon 13:47: INFO    : 	ManagerConfiguration.dram.max4qrateMode = false                                                                  [Init: false]
Mon 13:47: INFO    : 	ManagerConfiguration.dram.memCmdIncSize = 8                                                                      [Init: 8]
Mon 13:47: INFO    : 	ManagerConfiguration.dram.memCmdStartAddrSize = 32                                                               [Init: 32]
Mon 13:47: INFO    : 	ManagerConfiguration.dram.onCardMemFreq = 303.0                                                                  [Init: 0.0, change: 303.0]
Mon 13:47: INFO    : 	ManagerConfiguration.dram.parEccDebugStream = false                                                              [Init: false]
Mon 13:47: INFO    : 	ManagerConfiguration.dram.parityEccWidth = 0                                                                     [Init: 0]
Mon 13:47: INFO    : 	ManagerConfiguration.dram.parityMode = false                                                                     [Init: false]
Mon 13:47: INFO    : 	ManagerConfiguration.dram.perdqsPhaseDetect = false                                                              [Init: false]
Mon 13:47: INFO    : 	ManagerConfiguration.dram.performanceMode = true                                                                 [Init: true]
Mon 13:47: INFO    : 	ManagerConfiguration.enableMPCX = false                                                                          [Init: false, init: false]
Mon 13:47: INFO    : 	ManagerConfiguration.maxring.maxringConnections = []                                                             [Init: []]
Mon 13:47: INFO    : 	ManagerConfiguration.maxring.maxringNumLanes = {MAXRING_A=2, MAXRING_B=2, MAXRING_LITE_B=1, MAXRING_LITE_A=1}    [Init: {}]
Mon 13:47: INFO    : 	ManagerConfiguration.multiCycleMappedMemoryBus = false                                                           [Init: false]
Mon 13:47: INFO    : 	ManagerConfiguration.network.qsfpBotMode = QSFP_OFF                                                              [Init: QSFP_OFF]
Mon 13:47: INFO    : 	ManagerConfiguration.network.qsfpMidMode = QSFP_OFF                                                              [Init: QSFP_OFF]
Mon 13:47: INFO    : 	ManagerConfiguration.network.qsfpTopMode = QSFP_OFF                                                              [Init: QSFP_OFF]
Mon 13:47: INFO    : 	ManagerConfiguration.pcie.numPCIeLanes = 0                                                                       [Init: 0]
Mon 13:47: INFO    : 	ManagerConfiguration.pcie.pcieFastClock = false                                                                  [Init: false]
Mon 13:47: INFO    : 	ManagerConfiguration.pcie.streamFromHostMaxNum = 8                                                               [Init: 0, change: 8]
Mon 13:47: INFO    : 	ManagerConfiguration.pcie.streamToHostMaxNum = 8                                                                 [Init: 0, change: 8]
Mon 13:47: INFO    : 	ManagerConfiguration.persona.boardModel = MAX3424A                                                               [Init: null, change: MAX3424A]
Mon 13:47: INFO    : 	ManagerConfiguration.persona.ddr3Enable = false                                                                  [Init: false]
Mon 13:47: INFO    : 	ManagerConfiguration.persona.ddr3Frq = 303.0                                                                     [Init: 400.0, change: 303.0]
Mon 13:47: INFO    : 	ManagerConfiguration.persona.ddr3Qmode = false                                                                   [Init: false]
Mon 13:47: INFO    : 	ManagerConfiguration.persona.disableMultiplePersona = true                                                       [Init: true]
Mon 13:47: INFO    : 	ManagerConfiguration.persona.dynamic_scaling = false                                                             [Init: false]
Mon 13:47: INFO    : 	ManagerConfiguration.persona.maxRingLocal = false                                                                [Init: false]
Mon 13:47: INFO    : 	ManagerConfiguration.persona.maxRingOptical = false                                                              [Init: false]
Mon 13:47: INFO    : 	ManagerConfiguration.persona.maxringDataRate = 2500.0                                                            [Init: 2500.0]
Mon 13:47: INFO    : 	ManagerConfiguration.persona.maxringOpticalDataRate = 10000.0                                                    [Init: 10000.0]
Mon 13:47: INFO    : 	ManagerConfiguration.persona.mode = InitMode                                                                     [Init: InitMode]
Mon 13:47: INFO    : 	ManagerConfiguration.persona.networkPTP = OFF                                                                    [Init: OFF]
Mon 13:47: INFO    : 	ManagerConfiguration.persona.networkQSFP_BOT = QSFP_OFF                                                          [Init: QSFP_OFF]
Mon 13:47: INFO    : 	ManagerConfiguration.persona.networkQSFP_MID = QSFP_OFF                                                          [Init: QSFP_OFF]
Mon 13:47: INFO    : 	ManagerConfiguration.persona.networkQSFP_TOP = QSFP_OFF                                                          [Init: QSFP_OFF]
Mon 13:47: INFO    : 	ManagerConfiguration.persona.panMaxRingA = false                                                                 [Init: false]
Mon 13:47: INFO    : 	ManagerConfiguration.persona.panMaxRingB = false                                                                 [Init: false]
Mon 13:47: INFO    : 	ManagerConfiguration.persona.personaInterfaceVersion = 1                                                         [Init: 1]
Mon 13:47: INFO    : 	ManagerConfiguration.persona.qdr2Enable = false                                                                  [Init: false]
Mon 13:47: INFO    : 	ManagerConfiguration.persona.qdr2Frq = 550.0                                                                     [Init: 550.0]
Mon 13:47: INFO    : 	ManagerConfiguration.persona.streamClks = 1                                                                      [Init: 1]
Mon 13:47: INFO    : 	ManagerConfiguration.persona.streamFrq = [100.0]                                                                 [Init: [150.0], change: [100.0]]
Mon 13:47: INFO    : 	ManagerConfiguration.persona.streamPs = [0]                                                                      [Init: [0]]
Mon 13:47: INFO    : 	ManagerConfiguration.persona.usePCIeGen1 = false                                                                 [Init: false]
Mon 13:47: INFO    : 	ManagerConfiguration.simulation.nativeFloatingPoint = false                                                      [Init: false]
Mon 13:47: INFO    : 	ManagerConfiguration.streamClockFrq = 100                                                                        [Init: 100]
Mon 13:47: INFO    : 	ManagerConfiguration.useLegacyStreamFIFOs = false                                                                [Init: false]
Mon 13:47: INFO    : 
Mon 13:47: INFO    :  -- 
Mon 13:47: PROGRESS: 
Mon 13:47: PROGRESS: Compiling kernel "SimpleKernel"
Mon 13:47: INFO    : Configuration:
Mon 13:47: INFO    : 	KernelConfiguration.additionalInputPipelining = 64                                          [Init: 64]
Mon 13:47: INFO    : 	KernelConfiguration.allowDSPCascading = true                                                [Init: true]
Mon 13:47: INFO    : 	KernelConfiguration.allowInputsOutputsBeforeFlushNode = false                               [Init: false]
Mon 13:47: INFO    : 	KernelConfiguration.allowZeroLatencyNodeHold = false                                        [Init: false]
Mon 13:47: INFO    : 	KernelConfiguration.board = MAX3424A                                                        [Init: MAX2116B, change: MAX3424A]
Mon 13:47: INFO    : 	KernelConfiguration.bramBitsThreshold = 2080                                                [Init: 2080]
Mon 13:47: INFO    : 	KernelConfiguration.buildTarget = MAXCOMPILERSIM_HOST_DRIVEN                                [Init: NONE, change: MAXCOMPILERSIM_HOST_DRIVEN]
Mon 13:47: INFO    : 	KernelConfiguration.cePipelining = 2                                                        [Init: 2]
Mon 13:47: INFO    : 	KernelConfiguration.clockPhaseBalanceThreshold = 0.1                                        [Init: 0.1]
Mon 13:47: INFO    : 	KernelConfiguration.clockPhasingRetries = 50                                                [Init: 50]
Mon 13:47: INFO    : 	KernelConfiguration.dumpNeighboursString =                                                  [Init: ]
Mon 13:47: INFO    : 	KernelConfiguration.enableCeReplication = true                                              [Init: true]
Mon 13:47: INFO    : 	KernelConfiguration.enableClockPhasePartitioning = false                                    [Init: false]
Mon 13:47: INFO    : 	KernelConfiguration.enableDebugIOControlRegs = true                                         [Init: true]
Mon 13:47: INFO    : 	KernelConfiguration.enableDummyBuild = false                                                [Init: false]
Mon 13:47: INFO    : 	KernelConfiguration.enableKernelProfiler = false                                            [Init: false]
Mon 13:47: INFO    : 	KernelConfiguration.enablePipelinedComputeController = false                                [Init: false]
Mon 13:47: INFO    : 	KernelConfiguration.enableShadowRegister = false                                            [Init: false]
Mon 13:47: INFO    : 	KernelConfiguration.enableSmartKernelControl = false                                        [Init: false]
Mon 13:47: INFO    : 	KernelConfiguration.fifoSrlRegisterStages = 1                                               [Init: 1]
Mon 13:47: INFO    : 	KernelConfiguration.flushOnInputDataCongtiguous = false                                     [Init: false]
Mon 13:47: INFO    : 	KernelConfiguration.hardwareDebugDepth = 512                                                [Init: 512]
Mon 13:47: INFO    : 	KernelConfiguration.hwHierarchyMode = UNSET                                                 [Init: UNSET]
Mon 13:47: INFO    : 	KernelConfiguration.latencyAnnotation = false                                               [Init: false]
Mon 13:47: INFO    : 	KernelConfiguration.latencyAnnotationIOs =                                                  [Init: null]
Mon 13:47: INFO    : 	KernelConfiguration.maxCoalescedFifoWidth = 2147483647                                      [Init: 2147483647]
Mon 13:47: INFO    : 	KernelConfiguration.maxPreAdderFanOut = 1                                                   [Init: 1]
Mon 13:47: INFO    : 	KernelConfiguration.netlistMode = false                                                     [Init: false]
Mon 13:47: INFO    : 	KernelConfiguration.numPhotonStateMachines = 1                                              [Init: 1]
Mon 13:47: INFO    : 	KernelConfiguration.optimizations.ceCounterRegisterDuplication = 1                          [Init: 1]
Mon 13:47: INFO    : 	KernelConfiguration.optimizations.conditionalArithmetic = false                             [Init: true, Init after BuildTarget change: false]
Mon 13:47: INFO    : 	KernelConfiguration.optimizations.counterChainWrapPipelining = 0                            [Init: 0]
Mon 13:47: INFO    : 	KernelConfiguration.optimizations.dspAddChain = OPTIMISE_IGNORE_PREADDER                    [Init: null, Init after BuildTarget change: OPTIMISE_IGNORE_PREADDER]
Mon 13:47: INFO    : 	KernelConfiguration.optimizations.enableActiveFanoutReduction = false                       [Init: false]
Mon 13:47: INFO    : 	KernelConfiguration.optimizations.enableBUFGCE = false                                      [Init: false]
Mon 13:47: INFO    : 	KernelConfiguration.optimizations.enableBetterInputRegistering = false                      [Init: false]
Mon 13:47: INFO    : 	KernelConfiguration.optimizations.enableBetterRegistering = false                           [Init: false]
Mon 13:47: INFO    : 	KernelConfiguration.optimizations.enableFIFOCoalescingAcrossPlacementConstraints = false    [Init: false]
Mon 13:47: INFO    : 	KernelConfiguration.optimizations.enableFifoCoalescing = true                               [Init: true]
Mon 13:47: INFO    : 	KernelConfiguration.optimizations.enableFullPrecisionBinaryOpConstants = false              [Init: false]
Mon 13:47: INFO    : 	KernelConfiguration.optimizations.enableIntegratedRounding = false                          [Init: false]
Mon 13:47: INFO    : 	KernelConfiguration.optimizations.enableMappedMemoryHostReadBack = true                     [Init: true]
Mon 13:47: INFO    : 	KernelConfiguration.optimizations.enableMultiCycleReset = false                             [Init: false]
Mon 13:47: INFO    : 	KernelConfiguration.optimizations.enablePowerTwoFloatMult = true                            [Init: true]
Mon 13:47: INFO    : 	KernelConfiguration.optimizations.enableRedundantNodeDeletion = true                        [Init: true]
Mon 13:47: INFO    : 	KernelConfiguration.optimizations.enableStateMachineRegisterMerging = true                  [Init: true]
Mon 13:47: INFO    : 	KernelConfiguration.optimizations.inputFlushDistanceFactor = 0                              [Init: 0]
Mon 13:47: INFO    : 	KernelConfiguration.optimizations.minimumStaticFIFOSplitDepth = 1                           [Init: 1]
Mon 13:47: INFO    : 	KernelConfiguration.optimizations.optimizationTechnique = DEFAULT                           [Init: DEFAULT]
Mon 13:47: INFO    : 	KernelConfiguration.optimizations.triAdd = false                                            [Init: true, Init after BuildTarget change: false]
Mon 13:47: INFO    : 	KernelConfiguration.partialReconfBlockName =                                                [Init: ]
Mon 13:47: INFO    : 	KernelConfiguration.partialReconfMode = false                                               [Init: false]
Mon 13:47: INFO    : 	KernelConfiguration.partialReconfTemplate = false                                           [Init: false]
Mon 13:47: INFO    : 	KernelConfiguration.replicateNodeCeLog2NumPartitions = 0                                    [Init: 0]
Mon 13:47: INFO    : 	KernelConfiguration.romBRAMBitsThreshold = 2080                                             [Init: 2080]
Mon 13:47: INFO    : 	KernelConfiguration.simulation.ramAddressCollisionBehaviour = EXCEPTION                     [Init: EXCEPTION]
Mon 13:47: INFO    : 	KernelConfiguration.simulation.ramOutOfBoundsAccessBehaviour = EXCEPTION                    [Init: EXCEPTION]
Mon 13:47: INFO    : 	KernelConfiguration.simulation.simProgressMessageFrequency = 0                              [Init: 0]
Mon 13:47: INFO    : 
Mon 13:47: INFO    :  -- 
Mon 13:47: WARNING : Warning (UNCONNECTED_DESIGN_ELEMENT):
Mon 13:47: WARNING : Unconnected elements in design 'SimpleKernel'
Mon 13:47: WARNING : details in : /home/demo/Desktop/MaxCompiler-Builds/Simple_VECTIS_DFE_SIM/scratch/SimpleKernel_graph_warnings.txt
Mon 13:47: INFO    : Writing current graph to: Simple-SimpleKernel-original.pxg
Mon 13:47: INFO    : Running kernel graph-pass 'GeneratePXG'.
Mon 13:47: INFO    : Graph-pass 'GeneratePXG' took 1.03946 s (1 iterations)
Mon 13:47: INFO    : Running kernel graph-pass 'MarkConstantPass'.
Mon 13:47: INFO    : Graph-pass 'MarkConstantPass' took 3.88298 ms (1 iterations)
Mon 13:47: INFO    : Running kernel graph-pass 'ReachabilityPass'.
Mon 13:47: INFO    : Graph-pass 'ReachabilityPass' took 68.1807 ms (1 iterations)
Mon 13:47: INFO    : Running kernel graph-pass 'FindInputsLeadingToFlush'.
Mon 13:47: INFO    : Graph-pass 'FindInputsLeadingToFlush' took 248.380 µs (1 iterations)
Mon 13:47: INFO    : Running kernel graph-pass 'CheckForStatefulToFlushViolations'.
Mon 13:47: INFO    : Graph-pass 'CheckForStatefulToFlushViolations' took 9.34963 ms (1 iterations)
Mon 13:47: INFO    : Running kernel graph-pass 'CheckForInputToFlushViolations'.
Mon 13:47: INFO    : Graph-pass 'CheckForInputToFlushViolations' took 13.3941 ms (1 iterations)
Mon 13:47: INFO    : Not deleting directory (does not exist): neighbours
Mon 13:47: INFO    : Running Photon pre-schedule graph optimisations
Mon 13:47: INFO    : Running kernel graph-pass 'AlignOrEradicatePrintfs'.
Mon 13:47: INFO    : Graph-pass 'AlignOrEradicatePrintfs' took 1.54836 ms (1 iterations)
Mon 13:47: INFO    : Running kernel graph-pass 'FoldConstantsPass'.
Mon 13:47: INFO    : Graph-pass 'FoldConstantsPass' took 252.093 ms (2 iterations)
Mon 13:47: INFO    : Running kernel graph-pass 'OptimiseNodesPass'.
Mon 13:47: INFO    : Graph-pass 'OptimiseNodesPass' took 255.778 ms (2 iterations)
Mon 13:47: INFO    : Running kernel graph-pass 'DeleteRedundantNodes'.
Mon 13:47: INFO    : Graph-pass 'DeleteRedundantNodes' took 225.071 ms (2 iterations)
Mon 13:47: INFO    : Running kernel graph-pass 'DSPMultiplyAddExtractionPass'.
Mon 13:47: INFO    : Optimized 0 sub-graphs into DSP multiply/add chains (Virtex5 mode).
Mon 13:47: INFO    : Graph-pass 'DSPMultiplyAddExtractionPass' took 749.076 ms (1 iterations)
Mon 13:47: INFO    : Running kernel graph-pass 'PO2FPMultOptimiser'.
Mon 13:47: INFO    : Graph-pass 'PO2FPMultOptimiser' took 180.332 ms (2 iterations)
Mon 13:47: INFO    : Running Photon simulation preparation
Mon 13:47: INFO    : Running kernel graph-pass 'PrepareSimulationPass'.
Mon 13:47: INFO    : Graph-pass 'PrepareSimulationPass' took 482.489 µs (1 iterations)
Mon 13:47: INFO    : Logging Photon stats to: SimpleKernel_photon_stats.csv
Mon 13:47: INFO    : Running kernel graph-pass 'StatsPass'.
Mon 13:47: INFO    : Graph-pass 'StatsPass' took 20.5679 ms (1 iterations)
Mon 13:47: INFO    : Running kernel graph-pass 'CollectNumericExceptions'.
Mon 13:47: INFO    : Graph-pass 'CollectNumericExceptions' took 558.172 µs (1 iterations)
Mon 13:47: INFO    : Running kernel graph-pass 'StreamOffsetDivExpand'.
Mon 13:47: INFO    : Graph-pass 'StreamOffsetDivExpand' took 294.855 µs (1 iterations)
Mon 13:47: INFO    : Running kernel graph-pass 'FindIllegalLoops'.
Mon 13:47: INFO    : Graph-pass 'FindIllegalLoops' took 18.8673 ms (1 iterations)
Mon 13:47: INFO    : Running kernel graph-pass 'MarkConstantPass'.
Mon 13:47: INFO    : Graph-pass 'MarkConstantPass' took 5.14588 ms (1 iterations)
Mon 13:47: INFO    : Running kernel graph-pass 'ScheduleVariables'.
Mon 13:47: INFO    : Graph-pass 'ScheduleVariables' took 13.8783 ms (1 iterations)
Mon 13:47: INFO    : Running kernel graph-pass 'SubstituteEqPlaceholders'.
Mon 13:47: INFO    : Graph-pass 'SubstituteEqPlaceholders' took 267.796 µs (1 iterations)
Mon 13:47: INFO    : Running kernel graph-pass 'ScheduleApplier'.
Mon 13:47: INFO    : Graph-pass 'ScheduleApplier' took 638.244 µs (1 iterations)
Mon 13:47: INFO    : Running kernel graph-pass 'MarkConstantPass'.
Mon 13:47: INFO    : Graph-pass 'MarkConstantPass' took 14.8063 ms (1 iterations)
Mon 13:47: INFO    : Running kernel graph-pass 'ScheduleDumper'.
Mon 13:47: INFO    : Graph-pass 'ScheduleDumper' took 6.19306 ms (1 iterations)
Mon 13:47: INFO    : Running Photon post-schedule graph optimisations (pass 1)
Mon 13:47: INFO    : Running kernel graph-pass 'TapFIFOsPass'.
Mon 13:47: INFO    : Graph-pass 'TapFIFOsPass' took 8.10082 ms (1 iterations)
Mon 13:47: INFO    : Running kernel graph-pass 'FoldFIFOsPass'.
Mon 13:47: INFO    : Graph-pass 'FoldFIFOsPass' took 787.668 µs (1 iterations)
Mon 13:47: INFO    : Running kernel graph-pass 'MarkConstantPass'.
Mon 13:47: INFO    : Graph-pass 'MarkConstantPass' took 17.5120 ms (1 iterations)
Mon 13:47: INFO    : Running kernel graph-pass 'ValidateFIFOs'.
Mon 13:47: INFO    : Graph-pass 'ValidateFIFOs' took 464.158 µs (1 iterations)
Mon 13:47: INFO    : Running kernel graph-pass 'MarkConstantPass'.
Mon 13:47: INFO    : Graph-pass 'MarkConstantPass' took 13.3379 ms (1 iterations)
Mon 13:47: INFO    : Running kernel graph-pass 'ScheduleDumper'.
Mon 13:47: INFO    : Graph-pass 'ScheduleDumper' took 4.90130 ms (1 iterations)
Mon 13:47: INFO    : Running kernel graph-pass 'MarkConstantPass'.
Mon 13:47: INFO    : Graph-pass 'MarkConstantPass' took 15.5496 ms (1 iterations)
Mon 13:47: INFO    : Running kernel graph-pass 'ScheduleConstants'.
Mon 13:47: INFO    : Running command: cbc "SimpleKernel_schedule_C.mps.gz" -solve  -printi csv -solu "SimpleKernel_schedule_C.csv" > "SimpleKernel_schedule_C.stdout.log"
Mon 13:47: INFO    : Optimum found: 0
Mon 13:47: INFO    : Graph-pass 'ScheduleConstants' took 170.773 ms (1 iterations)
Mon 13:47: INFO    : Running kernel graph-pass 'MarkConstantPass'.
Mon 13:47: INFO    : Graph-pass 'MarkConstantPass' took 20.0511 ms (1 iterations)
Mon 13:47: INFO    : Running kernel graph-pass 'ScheduleDumper'.
Mon 13:47: INFO    : Graph-pass 'ScheduleDumper' took 719.741 µs (1 iterations)
Mon 13:47: INFO    : Running kernel graph-pass 'SubstituteEqPlaceholders'.
Mon 13:47: INFO    : Graph-pass 'SubstituteEqPlaceholders' took 254.721 µs (1 iterations)
Mon 13:47: INFO    : Running kernel graph-pass 'RemoveDistMeasurementNodes'.
Mon 13:47: INFO    : Graph-pass 'RemoveDistMeasurementNodes' took 10.5260 µs (1 iterations)
Mon 13:47: INFO    : Running kernel graph-pass 'ScheduleApplier'.
Mon 13:47: INFO    : Graph-pass 'ScheduleApplier' took 4.30277 ms (1 iterations)
Mon 13:47: INFO    : Maximum stream latency for kernel 'SimpleKernel': 5
Mon 13:47: INFO    : Using user logic for flush.
Mon 13:47: INFO    : Running Photon post-schedule graph optimisations (pass 2)
Mon 13:47: INFO    : Running kernel graph-pass 'TapFIFOsPass'.
Mon 13:47: INFO    : Graph-pass 'TapFIFOsPass' took 13.2662 ms (1 iterations)
Mon 13:47: INFO    : Running kernel graph-pass 'FoldFIFOsPass'.
Mon 13:47: INFO    : Graph-pass 'FoldFIFOsPass' took 780.929 µs (1 iterations)
Mon 13:47: INFO    : Running kernel graph-pass 'MarkConstantPass'.
Mon 13:47: INFO    : Graph-pass 'MarkConstantPass' took 19.4022 ms (1 iterations)
Mon 13:47: INFO    : Running kernel graph-pass 'ScheduleAsserter'.
Mon 13:47: INFO    : Graph-pass 'ScheduleAsserter' took 406.927 µs (1 iterations)
Mon 13:47: INFO    : Running kernel graph-pass 'ReplaceEvalStreamOffsetNodes'.
Mon 13:47: INFO    : Graph-pass 'ReplaceEvalStreamOffsetNodes' took 4.16553 ms (1 iterations)
Mon 13:47: INFO    : Running kernel graph-pass 'FIFOReport'.
Mon 13:47: INFO    : Graph-pass 'FIFOReport' took 652.045 µs (1 iterations)
Mon 13:47: INFO    : Running kernel graph-pass 'StatsPass'.
Mon 13:47: INFO    : Graph-pass 'StatsPass' took 12.9635 ms (1 iterations)
Mon 13:47: INFO    : Running kernel graph-pass 'RemoveUntypedConstants'.
Mon 13:47: WARNING : Warning (CONSTANT_ENCODING):
Mon 13:47: WARNING : Precision loss occurred in some constant values.
Mon 13:47: WARNING : For details see /home/demo/Desktop/MaxCompiler-Builds/Simple_VECTIS_DFE_SIM/scratch/SimpleKernel_constants_report.txt
Mon 13:47: INFO    : Graph-pass 'RemoveUntypedConstants' took 307.600 ms (1 iterations)
Mon 13:47: INFO    : Running kernel graph-pass 'VariableSizeMappedRegInserter'.
Mon 13:47: INFO    : Graph-pass 'VariableSizeMappedRegInserter' took 215.120 µs (1 iterations)
Mon 13:47: INFO    : Running kernel graph-pass 'MarkConstantPass'.
Mon 13:47: INFO    : Graph-pass 'MarkConstantPass' took 617.970 µs (1 iterations)
Mon 13:47: INFO    : Running kernel graph-pass 'MakeMaxFileNodeData'.
Mon 13:47: INFO    : Graph-pass 'MakeMaxFileNodeData' took 161.434 ms (1 iterations)
Mon 13:47: INFO    : Running kernel graph-pass 'MoveFanoutRegsForwards'.
Mon 13:47: INFO    : Graph-pass 'MoveFanoutRegsForwards' took 231.995 µs (1 iterations)
Mon 13:47: INFO    : Optimization report for Kernel 'SimpleKernel'.
Mon 13:47: INFO    : Enabled optimizations:
Mon 13:47: INFO    : 	DSP-Multiplication
Mon 13:47: INFO    : 	Power-of-2 Floating Point
Mon 13:47: INFO    : Creating a preliminary MaxCompilerDesignData.dat. (@ CoreCompile SimpleKernel)
Mon 13:47: INFO    : Total compilation of 'SimpleKernel' took 6.64398 s.
Mon 13:47: INFO    : Running kernel graph-pass 'MarkConstantPass'.
Mon 13:47: INFO    : Graph-pass 'MarkConstantPass' took 768.919 µs (1 iterations)
Mon 13:47: INFO    : Running kernel graph-pass 'MaxConstantLatency'.
Mon 13:47: INFO    : Graph-pass 'MaxConstantLatency' took 45.4821 ms (1 iterations)
Mon 13:47: INFO    : Running kernel graph-pass 'SimCodeGraphPass'.
Mon 13:47: INFO    : Graph-pass 'SimCodeGraphPass' took 908.156 ms (1 iterations)
Mon 13:47: INFO    : Writing current graph to: Simple-SimpleKernel-final-simulation.pxg
Mon 13:47: INFO    : Running kernel graph-pass 'GeneratePXG'.
Mon 13:47: INFO    : Graph-pass 'GeneratePXG' took 897.384 ms (1 iterations)
Mon 13:47: INFO    : Running manager compiler graph-pass: GenerateMXGInfo
Mon 13:47: INFO    : Running manager compiler graph-pass: ScheduleStallLatency
Mon 13:47: INFO    : Running manager compiler graph-pass: ClockWidthAssignment
Mon 13:47: INFO    : Running manager compiler graph-pass: InsertDualAspectLogic
Mon 13:47: INFO    : Running manager compiler graph-pass: ClockWidthAssignment
Mon 13:47: INFO    : Running manager compiler graph-pass: InsertPullPushAdapter
Mon 13:47: INFO    : Running manager compiler graph-pass: ClockWidthAssignment
Mon 13:47: INFO    : Running manager compiler graph-pass: InsertStreamFifos
Mon 13:47: INFO    : Running manager compiler graph-pass: ClockWidthAssignment
Mon 13:47: INFO    : Running manager compiler graph-pass: InsertStreamStatus
Mon 13:47: INFO    : Running manager compiler graph-pass: InsertChipscope
Mon 13:47: INFO    : Inserted 0 chipscope manager nodes.
Mon 13:47: INFO    : Running manager compiler graph-pass: ClockWidthAssignment
Mon 13:47: INFO    : Running manager compiler graph-pass: ReportClockAssignments
Mon 13:47: INFO    : Running manager compiler graph-pass: BuildSoftwareSim
Mon 13:47: INFO    : Mapped register report:
Mon 13:47: INFO    : 	0	S	4bytes
Mon 13:47: INFO    : 	4	K	4bytes
Mon 13:47: INFO    : 	8	r	4bytes
Mon 13:47: INFO    : 	c	q	4bytes
Mon 13:47: INFO    : 	10	sigma	4bytes
Mon 13:47: INFO    : 	14	time	4bytes
Mon 13:47: INFO    : 	18	io_y_force_disabled	1bytes
Mon 13:47: INFO    : 	19	run_cycle_count	6bytes
Mon 13:47: INFO    : 	1f	current_run_cycle_count	6bytes
Mon 13:47: INFO    : 	25	dbg_ctld_almost_empty	1bytes
Mon 13:47: INFO    : 	26	dbg_ctld_done	1bytes
Mon 13:47: INFO    : 	27	dbg_ctld_empty	1bytes
Mon 13:47: INFO    : 	28	dbg_ctld_read	1bytes
Mon 13:47: INFO    : 	29	dbg_ctld_read_pipe_dbg	1bytes
Mon 13:47: INFO    : 	2a	dbg_ctld_request	1bytes
Mon 13:47: INFO    : 	2b	dbg_done_out	1bytes
Mon 13:47: INFO    : 	2c	dbg_fill_level	1bytes
Mon 13:47: INFO    : 	2d	dbg_flush_level	1bytes
Mon 13:47: INFO    : 	2e	dbg_flush_start	1bytes
Mon 13:47: INFO    : 	2f	dbg_flush_start_level	1bytes
Mon 13:47: INFO    : 	30	dbg_flushing	1bytes
Mon 13:47: INFO    : 	31	dbg_full_level	1bytes
Mon 13:47: INFO    : 	32	dbg_out_stall	1bytes
Mon 13:47: INFO    : 	33	dbg_out_valid	1bytes
Mon 13:47: INFO    : 	34	dbg_stall_vector	1bytes
Mon 13:47: INFO    : 	35	ifpga_ctrl	1bytes
Mon 13:47: INFO    : 	36	SFA_FORWARD_EN	4bytes
Mon 13:47: INFO    : Mapped register chain length = 58
Mon 13:47: INFO    : Mapped register efficiency = 0.76 (353 / 464 bits)
Mon 13:47: INFO    : Mapped memory report:
Mon 13:47: INFO    : 	No mapped memories in this design.
Mon 13:47: INFO    : Running manager compiler graph-pass: GenerateMXGInfo
Mon 13:47: INFO    : Running manager compiler graph-pass: GenerateSlicHostCode
Mon 13:47: INFO    : Generating SLIC interface information
Mon 13:47: INFO    : Generating SLIC code for interface 'default'
Mon 13:47: INFO    : Skipping blacklisted scalar parameter 'SimpleKernel.current_run_cycle_count'
Mon 13:47: INFO    : Interface 'default' depends on parameter 'parameter[0]'
Mon 13:47: INFO    : Interface 'default' depends on parameter 'parameter[1]'
Mon 13:47: INFO    : Interface 'default' depends on parameter 'parameter[2]'
Mon 13:47: INFO    : Interface 'default' depends on parameter 'parameter[3]'
Mon 13:47: INFO    : Interface 'default' depends on parameter 'parameter[4]'
Mon 13:47: INFO    : Interface 'default' depends on parameter 'parameter[5]'
Mon 13:47: INFO    : Generating XML description for Maxfile
Mon 13:47: INFO    : Generating XML description for mode 'default'
Mon 13:47: INFO    : Skipping blacklisted scalar parameter 'SimpleKernel.current_run_cycle_count'
Mon 13:47: INFO    : Interface 'default' depends on parameter 'parameter[0]'
Mon 13:47: INFO    : Interface 'default' depends on parameter 'parameter[1]'
Mon 13:47: INFO    : Interface 'default' depends on parameter 'parameter[2]'
Mon 13:47: INFO    : Interface 'default' depends on parameter 'parameter[3]'
Mon 13:47: INFO    : Interface 'default' depends on parameter 'parameter[4]'
Mon 13:47: INFO    : Interface 'default' depends on parameter 'parameter[5]'
Mon 13:47: INFO    : Adding SLIC sections to the maxfile
Mon 13:47: INFO    : Adding user files to the maxfile
Mon 13:47: INFO    : Generating SLIC include file
Mon 13:47: INFO    : Done generating SLIC interface information
Mon 13:47: PROGRESS: Running back-end simulation build (3 phases)
Mon 13:47: PROGRESS: (1/3) - Prepare MaxFile Data (GenerateMaxFileDataFile)
Mon 13:47: INFO    : Build pass 'GenerateMaxFileDataFile' took 140.907 ms.
Mon 13:47: PROGRESS: (2/3) - Compile Simulation Modules (SimCompilePass)
Mon 13:47: INFO    : Running command: make -j1
Mon 13:47: INFO    : mkdir -p objdir
Mon 13:47: INFO    : mkdir -p stdsimheader.h.gch
Mon 13:47: INFO    : /opt/maxeler/maxcompiler/lib/gcc/bin/g++ -c -I/usr/include/x86_64-linux-gnu -fPIC -D__USE_XOPEN2K8 -O3  -I. -I/opt/maxeler/maxcompiler/lib/boost/include -I/opt/maxeler/maxcompiler/lib/maxeleros-sim/include -I/opt/maxeler/maxcompiler/lib/lwip_sim -I/opt/maxeler/maxcompiler/lib/lwip_sim/include -I/opt/maxeler/maxcompiler/lib/lwip_sim/include/arch -I/opt/maxeler/maxcompiler/lib/lwip_sim/include/ipv4  -DHAVE_KERNELS -DMAXFILE_INC="../../MaxCompilerDesignData.dat" -g0  -DSLIC_NO_DECLARATIONS   -O0 -DOPTIMIZATION_LEVEL=0 -x c++-header \
Mon 13:47: INFO    : 		-o stdsimheader.h.gch/O0_stdsimheader.h.gch stdsimheader.h
Mon 13:47: INFO    : /opt/maxeler/maxcompiler/lib/gcc/bin/g++ -c -I/usr/include/x86_64-linux-gnu -fPIC -D__USE_XOPEN2K8 -O3  -I. -I/opt/maxeler/maxcompiler/lib/boost/include -I/opt/maxeler/maxcompiler/lib/maxeleros-sim/include -I/opt/maxeler/maxcompiler/lib/lwip_sim -I/opt/maxeler/maxcompiler/lib/lwip_sim/include -I/opt/maxeler/maxcompiler/lib/lwip_sim/include/arch -I/opt/maxeler/maxcompiler/lib/lwip_sim/include/ipv4  -DHAVE_KERNELS -DMAXFILE_INC="../../MaxCompilerDesignData.dat" -g0  -DSLIC_NO_DECLARATIONS   -fno-implicit-templates -O2 -DOPTIMIZATION_LEVEL=2 -x c++-header \
Mon 13:47: INFO    : 		-o stdsimheader.h.gch/NoTplInst_O2_stdsimheader.h.gch stdsimheader.h
Mon 13:47: INFO    : make Simple.so
Mon 13:47: INFO    : make[1]: Entering directory `/home/demo/Desktop/MaxCompiler-Builds/Simple_VECTIS_DFE_SIM/scratch/software-sim/build'
Mon 13:47: INFO    : /opt/maxeler/maxcompiler/lib/gcc/bin/g++ -c -I/usr/include/x86_64-linux-gnu -fPIC -D__USE_XOPEN2K8 -O3  -I. -I/opt/maxeler/maxcompiler/lib/boost/include -I/opt/maxeler/maxcompiler/lib/maxeleros-sim/include -I/opt/maxeler/maxcompiler/lib/lwip_sim -I/opt/maxeler/maxcompiler/lib/lwip_sim/include -I/opt/maxeler/maxcompiler/lib/lwip_sim/include/arch -I/opt/maxeler/maxcompiler/lib/lwip_sim/include/ipv4  -DHAVE_KERNELS -DMAXFILE_INC="../../MaxCompilerDesignData.dat" -g0  -DSLIC_NO_DECLARATIONS   -fno-implicit-templates -O2 -DOPTIMIZATION_LEVEL=2 -o objdir/SimpleKernel_exec0.NoTplInst.O2.o SimpleKernel_exec0.cpp
Mon 13:47: INFO    : /opt/maxeler/maxcompiler/lib/gcc/bin/g++ -I/usr/include/x86_64-linux-gnu -fPIC -D__USE_XOPEN2K8 -O3  -I. -I/opt/maxeler/maxcompiler/lib/boost/include -I/opt/maxeler/maxcompiler/lib/maxeleros-sim/include -I/opt/maxeler/maxcompiler/lib/lwip_sim -I/opt/maxeler/maxcompiler/lib/lwip_sim/include -I/opt/maxeler/maxcompiler/lib/lwip_sim/include/arch -I/opt/maxeler/maxcompiler/lib/lwip_sim/include/ipv4  -DHAVE_KERNELS -DMAXFILE_INC="../../MaxCompilerDesignData.dat" -g0  -DSLIC_NO_DECLARATIONS   -MM -MP -MT objdir/SimpleKernel_exec0.NoTplInst.O2.o \
Mon 13:47: INFO    : 		SimpleKernel_exec0.cpp > objdir/SimpleKernel_exec0.NoTplInst.O2.d
Mon 13:47: INFO    : /opt/maxeler/maxcompiler/lib/gcc/bin/g++ -c -I/usr/include/x86_64-linux-gnu -fPIC -D__USE_XOPEN2K8 -O3  -I. -I/opt/maxeler/maxcompiler/lib/boost/include -I/opt/maxeler/maxcompiler/lib/maxeleros-sim/include -I/opt/maxeler/maxcompiler/lib/lwip_sim -I/opt/maxeler/maxcompiler/lib/lwip_sim/include -I/opt/maxeler/maxcompiler/lib/lwip_sim/include/arch -I/opt/maxeler/maxcompiler/lib/lwip_sim/include/ipv4  -DHAVE_KERNELS -DMAXFILE_INC="../../MaxCompilerDesignData.dat" -g0  -DSLIC_NO_DECLARATIONS   -fno-implicit-templates -O2 -DOPTIMIZATION_LEVEL=2 -o objdir/SimpleKernel_exec1.NoTplInst.O2.o SimpleKernel_exec1.cpp
Mon 13:47: INFO    : /opt/maxeler/maxcompiler/lib/gcc/bin/g++ -I/usr/include/x86_64-linux-gnu -fPIC -D__USE_XOPEN2K8 -O3  -I. -I/opt/maxeler/maxcompiler/lib/boost/include -I/opt/maxeler/maxcompiler/lib/maxeleros-sim/include -I/opt/maxeler/maxcompiler/lib/lwip_sim -I/opt/maxeler/maxcompiler/lib/lwip_sim/include -I/opt/maxeler/maxcompiler/lib/lwip_sim/include/arch -I/opt/maxeler/maxcompiler/lib/lwip_sim/include/ipv4  -DHAVE_KERNELS -DMAXFILE_INC="../../MaxCompilerDesignData.dat" -g0  -DSLIC_NO_DECLARATIONS   -MM -MP -MT objdir/SimpleKernel_exec1.NoTplInst.O2.o \
Mon 13:47: INFO    : 		SimpleKernel_exec1.cpp > objdir/SimpleKernel_exec1.NoTplInst.O2.d
Mon 13:47: INFO    : /opt/maxeler/maxcompiler/lib/gcc/bin/g++ -c -I/usr/include/x86_64-linux-gnu -fPIC -D__USE_XOPEN2K8 -O3  -I. -I/opt/maxeler/maxcompiler/lib/boost/include -I/opt/maxeler/maxcompiler/lib/maxeleros-sim/include -I/opt/maxeler/maxcompiler/lib/lwip_sim -I/opt/maxeler/maxcompiler/lib/lwip_sim/include -I/opt/maxeler/maxcompiler/lib/lwip_sim/include/arch -I/opt/maxeler/maxcompiler/lib/lwip_sim/include/ipv4  -DHAVE_KERNELS -DMAXFILE_INC="../../MaxCompilerDesignData.dat" -g0  -DSLIC_NO_DECLARATIONS   -fno-implicit-templates -O2 -DOPTIMIZATION_LEVEL=2 -o objdir/SimpleKernel_exec2.NoTplInst.O2.o SimpleKernel_exec2.cpp
Mon 13:47: INFO    : /opt/maxeler/maxcompiler/lib/gcc/bin/g++ -I/usr/include/x86_64-linux-gnu -fPIC -D__USE_XOPEN2K8 -O3  -I. -I/opt/maxeler/maxcompiler/lib/boost/include -I/opt/maxeler/maxcompiler/lib/maxeleros-sim/include -I/opt/maxeler/maxcompiler/lib/lwip_sim -I/opt/maxeler/maxcompiler/lib/lwip_sim/include -I/opt/maxeler/maxcompiler/lib/lwip_sim/include/arch -I/opt/maxeler/maxcompiler/lib/lwip_sim/include/ipv4  -DHAVE_KERNELS -DMAXFILE_INC="../../MaxCompilerDesignData.dat" -g0  -DSLIC_NO_DECLARATIONS   -MM -MP -MT objdir/SimpleKernel_exec2.NoTplInst.O2.o \
Mon 13:47: INFO    : 		SimpleKernel_exec2.cpp > objdir/SimpleKernel_exec2.NoTplInst.O2.d
Mon 13:47: INFO    : /opt/maxeler/maxcompiler/lib/gcc/bin/g++ -c -I/usr/include/x86_64-linux-gnu -fPIC -D__USE_XOPEN2K8 -O3  -I. -I/opt/maxeler/maxcompiler/lib/boost/include -I/opt/maxeler/maxcompiler/lib/maxeleros-sim/include -I/opt/maxeler/maxcompiler/lib/lwip_sim -I/opt/maxeler/maxcompiler/lib/lwip_sim/include -I/opt/maxeler/maxcompiler/lib/lwip_sim/include/arch -I/opt/maxeler/maxcompiler/lib/lwip_sim/include/ipv4  -DHAVE_KERNELS -DMAXFILE_INC="../../MaxCompilerDesignData.dat" -g0  -DSLIC_NO_DECLARATIONS   -fno-implicit-templates -O2 -DOPTIMIZATION_LEVEL=2 -o objdir/SimpleKernel_exec3.NoTplInst.O2.o SimpleKernel_exec3.cpp
Mon 13:47: INFO    : /opt/maxeler/maxcompiler/lib/gcc/bin/g++ -I/usr/include/x86_64-linux-gnu -fPIC -D__USE_XOPEN2K8 -O3  -I. -I/opt/maxeler/maxcompiler/lib/boost/include -I/opt/maxeler/maxcompiler/lib/maxeleros-sim/include -I/opt/maxeler/maxcompiler/lib/lwip_sim -I/opt/maxeler/maxcompiler/lib/lwip_sim/include -I/opt/maxeler/maxcompiler/lib/lwip_sim/include/arch -I/opt/maxeler/maxcompiler/lib/lwip_sim/include/ipv4  -DHAVE_KERNELS -DMAXFILE_INC="../../MaxCompilerDesignData.dat" -g0  -DSLIC_NO_DECLARATIONS   -MM -MP -MT objdir/SimpleKernel_exec3.NoTplInst.O2.o \
Mon 13:47: INFO    : 		SimpleKernel_exec3.cpp > objdir/SimpleKernel_exec3.NoTplInst.O2.d
Mon 13:47: INFO    : /opt/maxeler/maxcompiler/lib/gcc/bin/g++ -c -I/usr/include/x86_64-linux-gnu -fPIC -D__USE_XOPEN2K8 -O3  -I. -I/opt/maxeler/maxcompiler/lib/boost/include -I/opt/maxeler/maxcompiler/lib/maxeleros-sim/include -I/opt/maxeler/maxcompiler/lib/lwip_sim -I/opt/maxeler/maxcompiler/lib/lwip_sim/include -I/opt/maxeler/maxcompiler/lib/lwip_sim/include/arch -I/opt/maxeler/maxcompiler/lib/lwip_sim/include/ipv4  -DHAVE_KERNELS -DMAXFILE_INC="../../MaxCompilerDesignData.dat" -g0  -DSLIC_NO_DECLARATIONS   -fno-implicit-templates -O2 -DOPTIMIZATION_LEVEL=2 -o objdir/SimpleKernel_exec4.NoTplInst.O2.o SimpleKernel_exec4.cpp
Mon 13:47: INFO    : /opt/maxeler/maxcompiler/lib/gcc/bin/g++ -I/usr/include/x86_64-linux-gnu -fPIC -D__USE_XOPEN2K8 -O3  -I. -I/opt/maxeler/maxcompiler/lib/boost/include -I/opt/maxeler/maxcompiler/lib/maxeleros-sim/include -I/opt/maxeler/maxcompiler/lib/lwip_sim -I/opt/maxeler/maxcompiler/lib/lwip_sim/include -I/opt/maxeler/maxcompiler/lib/lwip_sim/include/arch -I/opt/maxeler/maxcompiler/lib/lwip_sim/include/ipv4  -DHAVE_KERNELS -DMAXFILE_INC="../../MaxCompilerDesignData.dat" -g0  -DSLIC_NO_DECLARATIONS   -MM -MP -MT objdir/SimpleKernel_exec4.NoTplInst.O2.o \
Mon 13:47: INFO    : 		SimpleKernel_exec4.cpp > objdir/SimpleKernel_exec4.NoTplInst.O2.d
Mon 13:47: INFO    : /opt/maxeler/maxcompiler/lib/gcc/bin/g++ -c -I/usr/include/x86_64-linux-gnu -fPIC -D__USE_XOPEN2K8 -O3  -I. -I/opt/maxeler/maxcompiler/lib/boost/include -I/opt/maxeler/maxcompiler/lib/maxeleros-sim/include -I/opt/maxeler/maxcompiler/lib/lwip_sim -I/opt/maxeler/maxcompiler/lib/lwip_sim/include -I/opt/maxeler/maxcompiler/lib/lwip_sim/include/arch -I/opt/maxeler/maxcompiler/lib/lwip_sim/include/ipv4  -DHAVE_KERNELS -DMAXFILE_INC="../../MaxCompilerDesignData.dat" -g0  -DSLIC_NO_DECLARATIONS   -O0 -DOPTIMIZATION_LEVEL=0 -o objdir/SimpleKernel.O0.o SimpleKernel.cpp
Mon 13:47: INFO    : /opt/maxeler/maxcompiler/lib/gcc/bin/g++ -I/usr/include/x86_64-linux-gnu -fPIC -D__USE_XOPEN2K8 -O3  -I. -I/opt/maxeler/maxcompiler/lib/boost/include -I/opt/maxeler/maxcompiler/lib/maxeleros-sim/include -I/opt/maxeler/maxcompiler/lib/lwip_sim -I/opt/maxeler/maxcompiler/lib/lwip_sim/include -I/opt/maxeler/maxcompiler/lib/lwip_sim/include/arch -I/opt/maxeler/maxcompiler/lib/lwip_sim/include/ipv4  -DHAVE_KERNELS -DMAXFILE_INC="../../MaxCompilerDesignData.dat" -g0  -DSLIC_NO_DECLARATIONS   -MM -MP -MT objdir/SimpleKernel.O0.o \
Mon 13:47: INFO    : 		SimpleKernel.cpp > objdir/SimpleKernel.O0.d
Mon 13:48: INFO    : /opt/maxeler/maxcompiler/lib/gcc/bin/g++ -c -I/usr/include/x86_64-linux-gnu -fPIC -D__USE_XOPEN2K8 -O3  -I. -I/opt/maxeler/maxcompiler/lib/boost/include -I/opt/maxeler/maxcompiler/lib/maxeleros-sim/include -I/opt/maxeler/maxcompiler/lib/lwip_sim -I/opt/maxeler/maxcompiler/lib/lwip_sim/include -I/opt/maxeler/maxcompiler/lib/lwip_sim/include/arch -I/opt/maxeler/maxcompiler/lib/lwip_sim/include/ipv4  -DHAVE_KERNELS -DMAXFILE_INC="../../MaxCompilerDesignData.dat" -g0  -DSLIC_NO_DECLARATIONS   -O2 -DOPTIMIZATION_LEVEL=2 -o objdir/SimpleKernel_Templates.O2.o SimpleKernel_Templates.cpp
Mon 13:48: INFO    : /opt/maxeler/maxcompiler/lib/gcc/bin/g++ -I/usr/include/x86_64-linux-gnu -fPIC -D__USE_XOPEN2K8 -O3  -I. -I/opt/maxeler/maxcompiler/lib/boost/include -I/opt/maxeler/maxcompiler/lib/maxeleros-sim/include -I/opt/maxeler/maxcompiler/lib/lwip_sim -I/opt/maxeler/maxcompiler/lib/lwip_sim/include -I/opt/maxeler/maxcompiler/lib/lwip_sim/include/arch -I/opt/maxeler/maxcompiler/lib/lwip_sim/include/ipv4  -DHAVE_KERNELS -DMAXFILE_INC="../../MaxCompilerDesignData.dat" -g0  -DSLIC_NO_DECLARATIONS   -MM -MP -MT objdir/SimpleKernel_Templates.O2.o \
Mon 13:48: INFO    : 		SimpleKernel_Templates.cpp > objdir/SimpleKernel_Templates.O2.d
Mon 13:48: INFO    : /opt/maxeler/maxcompiler/lib/gcc/bin/g++ -c -I/usr/include/x86_64-linux-gnu -fPIC -D__USE_XOPEN2K8 -O3  -I. -I/opt/maxeler/maxcompiler/lib/boost/include -I/opt/maxeler/maxcompiler/lib/maxeleros-sim/include -I/opt/maxeler/maxcompiler/lib/lwip_sim -I/opt/maxeler/maxcompiler/lib/lwip_sim/include -I/opt/maxeler/maxcompiler/lib/lwip_sim/include/arch -I/opt/maxeler/maxcompiler/lib/lwip_sim/include/ipv4  -DHAVE_KERNELS -DMAXFILE_INC="../../MaxCompilerDesignData.dat" -g0  -DSLIC_NO_DECLARATIONS   -O0 -DOPTIMIZATION_LEVEL=0 -o objdir/max_msi.O0.o max_msi.cpp
Mon 13:48: INFO    : /opt/maxeler/maxcompiler/lib/gcc/bin/g++ -I/usr/include/x86_64-linux-gnu -fPIC -D__USE_XOPEN2K8 -O3  -I. -I/opt/maxeler/maxcompiler/lib/boost/include -I/opt/maxeler/maxcompiler/lib/maxeleros-sim/include -I/opt/maxeler/maxcompiler/lib/lwip_sim -I/opt/maxeler/maxcompiler/lib/lwip_sim/include -I/opt/maxeler/maxcompiler/lib/lwip_sim/include/arch -I/opt/maxeler/maxcompiler/lib/lwip_sim/include/ipv4  -DHAVE_KERNELS -DMAXFILE_INC="../../MaxCompilerDesignData.dat" -g0  -DSLIC_NO_DECLARATIONS   -MM -MP -MT objdir/max_msi.O0.o \
Mon 13:48: INFO    : 		max_msi.cpp > objdir/max_msi.O0.d
Mon 13:48: INFO    : /opt/maxeler/maxcompiler/lib/gcc/bin/g++ -fPIC -shared -B/usr/lib/x86_64-linux-gnu -L/opt/maxeler/maxcompiler/lib/boost/lib -lboost_thread -lboost_system -lboost_filesystem -lrt -pthread -O2 -s  -o Simple.so objdir/SimpleKernel_exec0.NoTplInst.O2.o objdir/SimpleKernel_exec1.NoTplInst.O2.o objdir/SimpleKernel_exec2.NoTplInst.O2.o objdir/SimpleKernel_exec3.NoTplInst.O2.o objdir/SimpleKernel_exec4.NoTplInst.O2.o objdir/SimpleKernel.O0.o objdir/SimpleKernel_Templates.O2.o objdir/max_msi.O0.o StructToGroupDummy.o Mux.o DualAspectMux.o Demux.o Fanout.o CapRegs.o IFPGARegs.o ChecksumMem.o PCIe.o KernelManagerBlockSync.o DualAspectReg.o PullPushAdapter.o FilePullSource.o max_shared_fifo.o SharedFIFO.o Fifos.o FilePushSink.o SimTerminator.o Watch.o StreamStatus.o RunLengthExpander.o ManagerBlock.o MappedElements.o ManagerSync.o PullSync.o PushSync.o DynamicVarUInt.o SimException.o DebugStreams.o AddressGenerator.o MemoryControllerPro.o MemoryControllerRAM.o MemoryControllerCommand.o MemoryControllerStreams.o MemoryControllerConfig.o TCP.o Ethernet.o Timestamp.o /opt/maxeler/maxcompiler/lib/lwip_sim/lib/liblwip.a
Mon 13:48: INFO    : make[1]: Leaving directory `/home/demo/Desktop/MaxCompiler-Builds/Simple_VECTIS_DFE_SIM/scratch/software-sim/build'
Mon 13:48: INFO    : Build pass 'SimCompilePass' took 42.4669 s.
Mon 13:48: PROGRESS: (3/3) - Generate MaxFile (AddSimObjectToMaxFilePass)
Mon 13:48: INFO    : Build pass 'AddSimObjectToMaxFilePass' took 574.102 ms.
Mon 13:48: INFO    : Final result files after build: 
Mon 13:48: INFO    : Running command: ln -sf "../scratch/Simple-SimpleKernel-original.pxg"
Mon 13:48: INFO    : Simple-SimpleKernel-original.pxg (BuildFilePXG)
Mon 13:48: INFO    : Running command: ln -sf "../scratch/SimpleKernel_Configuration.txt"
Mon 13:48: INFO    : SimpleKernel_Configuration.txt (BuildFile)
Mon 13:48: INFO    : Running command: ln -sf "../scratch/SimpleKernel_NodeDiary.txt"
Mon 13:48: INFO    : SimpleKernel_NodeDiary.txt (BuildFile)
Mon 13:48: INFO    : Running command: ln -sf "../scratch/Simple-SimpleKernel-final-simulation.pxg"
Mon 13:48: INFO    : Simple-SimpleKernel-final-simulation.pxg (BuildFilePXG)
Mon 13:48: INFO    : Running command: ln -sf "../scratch/Simple.xml"
Mon 13:48: INFO    : Simple.xml (BuildFile)
Mon 13:48: INFO    : Running command: ln -sf "../scratch/Simple.h"
Mon 13:48: INFO    : Simple.h (BuildFileSlicH)
Mon 13:48: INFO    : Running command: ln -sf "../scratch/Simple.max"
Mon 13:48: INFO    : Simple.max (BuildFileMaxFile)
Mon 13:48: INFO    : Result files will be copied to '/home/demo/workspace/tutorial-chap04-example2-simplekernel/RunRules/Simulation/maxfiles'
Mon 13:48: INFO    : Result 'Simple-SimpleKernel-original.pxg' is identical to '/home/demo/workspace/tutorial-chap04-example2-simplekernel/RunRules/Simulation/maxfiles/Simple-SimpleKernel-original.pxg': not overwriting.
Mon 13:48: INFO    : Result 'Simple-SimpleKernel-final-simulation.pxg' is identical to '/home/demo/workspace/tutorial-chap04-example2-simplekernel/RunRules/Simulation/maxfiles/Simple-SimpleKernel-final-simulation.pxg': not overwriting.
Mon 13:48: INFO    : Result 'Simple.h' is identical to '/home/demo/workspace/tutorial-chap04-example2-simplekernel/RunRules/Simulation/maxfiles/Simple.h': not overwriting.
Mon 13:48: INFO    : Result 'Simple.max' is identical to '/home/demo/workspace/tutorial-chap04-example2-simplekernel/RunRules/Simulation/maxfiles/Simple.max': not overwriting.
Mon 13:48: PROGRESS: MaxFile: /home/demo/Desktop/MaxCompiler-Builds/Simple_VECTIS_DFE_SIM/results/Simple.max (MD5Sum: b919e22c493562bcd3d3abf7ba253c3b)
Mon 13:48: INFO    : Waiting for any outstanding jobs to finish... 
Mon 13:48: PROGRESS: Build completed: Mon Mar 09 13:48:14 PDT 2015 (took 59 secs)
