Thu 19:25: ########################################## 
Thu 19:25: Compiling.
Thu 19:25: ########################################## 

Thu 19:25: MaxCompiler version: 2014.1.1 (simulation only).
Thu 19:25: Build Simulation run rule for BAW start time: Thu Apr 09 19:25:21 PDT 2015.
Thu 19:25: Project location: /home/demo/desktop/workspace/BAW.
Thu 19:25: Detailed build log: /home/demo/desktop/workspace/BAW/RunRules/Simulation/build.log.

Thu 19:25: Compiling Engine Code.
Thu 19:25: Engine building skipped (no changes on .max files).
Thu 19:25: Compiling CPU Code.
Thu 19:25: Run CPU project make files updating
Thu 19:25: Executing command:
Thu 19:25: java -jar /opt/maxeler/maxcompiler/lib/MaxIDE/projectAdmin.jar -u /home/demo/desktop/workspace/BAW Simulation 
Thu 19:25: Command output:

Thu 19:25: MaxCompiler Project Admin Tool Version 2014.1.1
Thu 19:25:  Copyright Maxeler Technologies 2010 - 2014. All rights reserved.
Thu 19:25: Handler version 2
Thu 19:25: Updating RunRule dependent Makefiles for RunRule 'Simulation'
Thu 19:25: 	Updating: Simulation
Thu 19:25: Found makefiles: 1
Thu 19:25: 	Updated: Simulation
Thu 19:25: Run CPU make.
Thu 19:25: make RUNRULE=Simulation 
Thu 19:25: Command output:
Thu 19:25: make -f Makefile.rules build
Thu 19:25: make[1]: Entering directory `/home/demo/desktop/workspace/BAW/CPUCode'
Thu 19:25: set -e; rm -f ../RunRules/Simulation/objects/c/BAWCpuCode.d ;                                                             \
Thu 19:25: 	  cc -M -std=gnu99 -g -O3 -Wall -Wextra -I../RunRules/Simulation/include  -I '/opt/maxeler/maxcompiler/include/slic'  -Wno-error BAWCpuCode.c > ../RunRules/Simulation/objects/c/BAWCpuCode.d.$$ ;                                 \
Thu 19:25:       sed 's,\(BAWCpuCode\)\.o[ :]*,../RunRules/Simulation/objects/c/\1.o ../RunRules/Simulation/objects/c/BAWCpuCode.d : ,g' < ../RunRules/Simulation/objects/c/BAWCpuCode.d.$$ > ../RunRules/Simulation/objects/c/BAWCpuCode.d; \
Thu 19:25:       rm -f ../RunRules/Simulation/objects/c/BAWCpuCode.d.$$
Thu 19:25: make[1]: Leaving directory `/home/demo/desktop/workspace/BAW/CPUCode'
Thu 19:25: make[1]: Entering directory `/home/demo/desktop/workspace/BAW/CPUCode'
Thu 19:25: cc -std=gnu99 -g -O3 -Wall -Wextra -I../RunRules/Simulation/include  -I '/opt/maxeler/maxcompiler/include/slic'  -c BAWCpuCode.c -o ../RunRules/Simulation/objects/c/BAWCpuCode.o
Thu 19:25: cc -std=gnu99 -g -O3 -Wall -Wextra -I../RunRules/Simulation/include  -I '/opt/maxeler/maxcompiler/include/slic'  -o ../RunRules/Simulation/binaries/BAW ../RunRules/Simulation/objects/maxfiles/slic_BAW.o ../RunRules/Simulation/objects/c/BAWCpuCode.o -g -O3  -L '/opt/maxeler/maxcompiler/lib' -lslic -L '/opt/maxeler/maxcompiler/lib/maxeleros-sim/lib' -lmaxeleros -lpthread -lm -lrt 
Thu 19:25: make[1]: Leaving directory `/home/demo/desktop/workspace/BAW/CPUCode'
Thu 19:25: Build completed: Thu Apr 09 19:25:23 PDT 2015


Thu 19:25: ########################################## 
Thu 19:25: Running
Thu 19:25: ########################################## 
Thu 19:25: Executing command:
Thu 19:25: '/home/demo/desktop/workspace/BAW/RunRules/Simulation/binaries/BAW' 
Thu 19:25: Command output:
Thu 19:25: Read option data completed.
Thu 19:25: Start reading Underlying asset data for implied volatility calculation.
Thu 19:25: Implied Volatility calculation completed.
Thu 19:25: Process terminated with exit code 0.
