Wed 13:49: ########################################## 
Wed 13:49: Compiling.
Wed 13:49: ########################################## 

Wed 13:49: MaxCompiler version: 2014.1.1 (simulation only).
Wed 13:49: Build Simulation run rule for tutorial-chap04-example2-simplekernel start time: Wed Mar 11 13:49:58 PDT 2015.
Wed 13:49: Project location: /home/demo/workspace/tutorial-chap04-example2-simplekernel.
Wed 13:49: Detailed build log: /home/demo/workspace/tutorial-chap04-example2-simplekernel/RunRules/Simulation/build.log.

Wed 13:49: Compiling Engine Code.
Wed 13:49: Engine building skipped (no changes on .max files).
Wed 13:49: Compiling CPU Code.
Wed 13:49: Run CPU project make files updating
Wed 13:49: Executing command:
Wed 13:49: java -jar /opt/maxeler/maxcompiler/lib/MaxIDE/projectAdmin.jar -u /home/demo/workspace/tutorial-chap04-example2-simplekernel Simulation 
Wed 13:49: Command output:

Wed 13:49: MaxCompiler Project Admin Tool Version 2014.1.1
Wed 13:49:  Copyright Maxeler Technologies 2010 - 2014. All rights reserved.

Wed 13:49: Handler version 1
Wed 13:49: Updating RunRule dependent Makefiles for RunRule 'Simulation'
Wed 13:49: Found makefiles: 1
Wed 13:49: 	Updated: Simulation
Wed 13:49: Run CPU make.
Wed 13:49: make RUNRULE=Simulation 
Wed 13:49: Command output:
Wed 13:49: make -f Makefile ../RunRules/Simulation/binaries/Simple
Wed 13:49: make[1]: Entering directory `/home/demo/workspace/tutorial-chap04-example2-simplekernel/CPUCode'
Wed 13:49: cc -g -O3 -Wall -Wextra -fmessage-length=0 -I ../RunRules/Simulation/include -I. -I/opt/maxeler/maxcompiler/lib/maxeleros-sim/include -I/opt/maxeler/maxcompiler/include/slic -D_XOPEN_SOURCE=600  -std=c99 -DBUILDNAME_MAXFILE_1=Simple -DMAXFILE_1="Simple.max"  -o "../RunRules/Simulation/objects/SimpleCpuCode.o" -c "SimpleCpuCode.c"
Wed 13:49: cc -g -O3 -Wall -Wextra -fmessage-length=0 -I ../RunRules/Simulation/include -I. -I/opt/maxeler/maxcompiler/lib/maxeleros-sim/include -I/opt/maxeler/maxcompiler/include/slic -D_XOPEN_SOURCE=600  -std=c99 -DBUILDNAME_MAXFILE_1=Simple -DMAXFILE_1="Simple.max"  -MM -MP -MT "../RunRules/Simulation/objects/SimpleCpuCode.o" "SimpleCpuCode.c" > "../RunRules/Simulation/objects/SimpleCpuCode.d"
Wed 13:49: cc ../RunRules/Simulation/objects/SimpleCpuCode.o ../RunRules/Simulation/objects/slic_Simple.o  -L/opt/maxeler/maxcompiler/lib -L/opt/maxeler/maxcompiler/lib/maxeleros-sim/lib -lslic -lmaxeleros -lm -lpthread  -o "../RunRules/Simulation/binaries/Simple"
Wed 13:49: make[1]: Leaving directory `/home/demo/workspace/tutorial-chap04-example2-simplekernel/CPUCode'
Wed 13:49: Build completed: Wed Mar 11 13:49:59 PDT 2015


Wed 13:49: ########################################## 
Wed 13:49: Running
Wed 13:49: ########################################## 
Wed 13:49: Executing command:
Wed 13:49: '/home/demo/workspace/tutorial-chap04-example2-simplekernel/RunRules/Simulation/binaries/Simple' 
Wed 13:49: Command output:
Wed 13:50: Put Price = 1.817349
Wed 13:50: Put Price = 1.817349
Wed 13:50: Put Price = 1.817713
Wed 13:50: Put Price = 1.849046
Wed 13:50: Put Price = 1.817713
Wed 13:50: Put Price = 1.818078
Wed 13:50: Process terminated with exit code 0.
